New log file opened at Sun May 10 15:59:51 CEST 2015 by 7348@Julia
jvm 7348@Julia
jvm vmName=Java HotSpot(TM) 64-Bit Server VM vmVendor=Oracle Corporation vmVersion=25.40-b25
jvm specName=Java Virtual Machine Specification specVendor=Oracle Corporation specVersion=1.8
jvm arguments: [-Xms256m, -Xmx1024m, -XX:MetaspaceSize=64m, -XX:MaxMetaspaceSize=256m]
Starting event engine
Starting sbt command engine
Waiting for sbt command engine
Command engine arguments=List()
Command engine baseDirectory=C:\GR60\we-lab-group60
Command engine initial remaining commands List(--initialize, onFailure load-failed, boot, server-send-ready-for-request, server-handle-next-server-request)
> --initialize
> initialize
> onFailure load-failed
> boot
> reload
[Loading] Scanning directory C:\GR60\we-lab-group60\project
[Loading] Found non-root projects 
[Loading] Done in C:\GR60\we-lab-group60\project, returning: ()
deducing auto plugins based on known facts Set(Atom(sbt.plugins.CorePlugin)) and clauses Clauses(List(Clause(Atom(sbt.plugins.JvmPlugin),Set(Atom(sbt.plugins.IvyPlugin))), Clause(Atom(sbt.plugins.JUnitXmlReportPlugin),Set(Atom(sbt.plugins.JvmPlugin))), Clause(Atom(sbt.plugins.CorePlugin),Set(Atom(sbt.plugins.IvyPlugin))), Clause(Atom(sbt.plugins.IvyPlugin),Set(Atom(sbt.plugins.JvmPlugin))), Clause(Atom(sbt.plugins.JvmPlugin),Set(Atom(sbt.plugins.JUnitXmlReportPlugin)))))
  :: deduced result: Matched(sbt.plugins.CorePlugin,sbt.plugins.IvyPlugin,sbt.plugins.JvmPlugin,sbt.plugins.JUnitXmlReportPlugin)
sorting: ns: List(sbt.plugins.CorePlugin, sbt.plugins.IvyPlugin, sbt.plugins.JvmPlugin, sbt.plugins.JUnitXmlReportPlugin)
  :: sorting:: found: List(sbt.plugins.CorePlugin) not found List(sbt.plugins.IvyPlugin, sbt.plugins.JvmPlugin, sbt.plugins.JUnitXmlReportPlugin)
  :: sorting:: found: List(sbt.plugins.CorePlugin, sbt.plugins.IvyPlugin) not found List(sbt.plugins.JvmPlugin, sbt.plugins.JUnitXmlReportPlugin)
  :: sorting:: found: List(sbt.plugins.CorePlugin, sbt.plugins.IvyPlugin, sbt.plugins.JvmPlugin) not found List(sbt.plugins.JUnitXmlReportPlugin)
  :: sorting:: found: List(sbt.plugins.CorePlugin, sbt.plugins.IvyPlugin, sbt.plugins.JvmPlugin, sbt.plugins.JUnitXmlReportPlugin) not found List()
  :: sorted deduced result: List(sbt.plugins.CorePlugin, sbt.plugins.IvyPlugin, sbt.plugins.JvmPlugin, sbt.plugins.JUnitXmlReportPlugin)
[Loading] Done in C:\GR60\we-lab-group60\project, returning: (we-lab-group60-build)
Loading project definition from C:\GR60\we-lab-group60\project
Running task... Cancel: sbt.TaskCancellationStrategy$Null$@641e47ab, check cycles: false

Initial source changes: 
	removed:Set()
	added: Set()
	modified: Set()
Removed products: Set()
External API changes: API Changes: Set()
Modified binary dependencies: Set()
Initial directly invalidated sources: Set()

Sources indirectly invalidated by:
	product: Set()
	binary dep: Set()
	external source: Set()
All initially invalidated sources: Set()

Copy resource mappings: 
	
[Loading] Scanning directory C:\GR60\we-lab-group60
[Loading] Found root project root w/ remaining 
deducing auto plugins based on known facts Set(Atom(play.PlayJava), Atom(sbt.plugins.CorePlugin)) and clauses Clauses(List(Clause(Atom(sbt.plugins.JvmPlugin),Set(Atom(sbt.plugins.IvyPlugin))), Clause(Atom(sbt.plugins.JUnitXmlReportPlugin),Set(Atom(sbt.plugins.JvmPlugin))), Clause(Atom(com.typesafe.sbt.SbtEcho),Set(Atom(sbt.plugins.JvmPlugin))), Clause(Atom(com.typesafe.sbt.SbtEcho),Set(Atom(sbt.plugins.BackgroundRunPlugin))), Clause(Atom(sbt.plugins.BackgroundRunPlugin),Set(Atom(sbt.plugins.JvmPlugin))), Clause(Atom(play.sbt.forkrun.PlayForkRun),Set(Atom(sbt.plugins.BackgroundRunPlugin))), Clause(Atom(play.sbt.forkrun.PlayForkRun),Set(Atom(play.Play))), Clause(Atom(play.sbt.forkrun.PlayForkRun),Set(Atom(sbt.plugins.SerializersPlugin))), Clause(Atom(play.Play),Set(Atom(com.typesafe.sbt.webdriver.SbtWebDriver))), Clause(Atom(play.Play),Set(Atom(play.twirl.sbt.SbtTwirl))), Clause(Atom(play.Play),Set(Atom(com.typesafe.sbt.jse.SbtJsTask))), Clause(Atom(play.PlayJava),Set(Atom(play.Play))), Clause(Atom(play.PlayScala),Set(Atom(play.Play))), Clause(Atom(play.twirl.sbt.SbtTwirl),Set(Atom(sbt.plugins.JvmPlugin))), Clause(Atom(com.typesafe.sbt.jse.SbtJsEngine),Set(Atom(com.typesafe.sbt.web.SbtWeb))), Clause(Atom(com.typesafe.sbt.jse.SbtJsTask),Set(Atom(com.typesafe.sbt.jse.SbtJsEngine))), Clause(Atom(com.typesafe.sbt.webdriver.SbtWebDriver),Set(Atom(com.typesafe.sbt.web.SbtWeb))), Clause(Atom(com.typesafe.sbt.coffeescript.SbtCoffeeScript),Set(Atom(com.typesafe.sbt.jse.SbtJsTask))), Clause(Atom(com.typesafe.sbt.less.SbtLess),Set(Atom(com.typesafe.sbt.jse.SbtJsTask))), Clause(Atom(com.typesafe.sbt.jshint.SbtJSHint),Set(Atom(com.typesafe.sbt.jse.SbtJsTask))), Clause(Atom(com.typesafe.sbt.rjs.SbtRjs),Set(Atom(com.typesafe.sbt.jse.SbtJsTask))), Clause(Atom(com.typesafe.sbt.digest.SbtDigest),Set(Atom(com.typesafe.sbt.web.SbtWeb))), Clause(Atom(com.typesafe.sbt.mocha.SbtMocha),Set(Atom(com.typesafe.sbt.jse.SbtJsTask))), Clause(Atom(sbt.plugins.CorePlugin),Set(Atom(sbt.plugins.IvyPlugin))), Clause(Atom(sbt.plugins.IvyPlugin),Set(Atom(sbt.plugins.JvmPlugin))), Clause(Atom(sbt.plugins.JvmPlugin),Set(Atom(sbt.plugins.JUnitXmlReportPlugin))), Clause(And(Set(Atom(sbt.plugins.JvmPlugin), Atom(sbt.plugins.BackgroundRunPlugin))),Set(Atom(com.typesafe.sbt.SbtEcho))), Clause(Atom(sbt.plugins.JvmPlugin),Set(Atom(sbt.plugins.BackgroundRunPlugin))), Clause(Atom(sbt.plugins.CorePlugin),Set(Atom(sbt.plugins.InteractionServicePlugin))), Clause(Atom(sbt.plugins.CorePlugin),Set(Atom(sbt.plugins.SendEventServicePlugin))), Clause(Atom(sbt.plugins.CorePlugin),Set(Atom(sbt.plugins.SerializersPlugin))), Clause(And(Set(Atom(sbt.plugins.BackgroundRunPlugin), Atom(play.Play), Atom(sbt.plugins.SerializersPlugin))),Set(Atom(play.sbt.forkrun.PlayForkRun))), Clause(Atom(com.typesafe.sbt.web.SbtWeb),Set(Atom(com.typesafe.sbt.jse.SbtJsEngine))), Clause(Atom(com.typesafe.sbt.jse.SbtJsEngine),Set(Atom(com.typesafe.sbt.jse.SbtJsTask))), Clause(Atom(com.typesafe.sbt.web.SbtWeb),Set(Atom(com.typesafe.sbt.webdriver.SbtWebDriver))), Clause(Atom(com.typesafe.sbt.jse.SbtJsTask),Set(Atom(com.typesafe.sbt.coffeescript.SbtCoffeeScript))), Clause(Atom(com.typesafe.sbt.jse.SbtJsTask),Set(Atom(com.typesafe.sbt.less.SbtLess))), Clause(Atom(com.typesafe.sbt.jse.SbtJsTask),Set(Atom(com.typesafe.sbt.jshint.SbtJSHint))), Clause(Atom(com.typesafe.sbt.jse.SbtJsTask),Set(Atom(com.typesafe.sbt.rjs.SbtRjs))), Clause(Atom(com.typesafe.sbt.web.SbtWeb),Set(Atom(com.typesafe.sbt.digest.SbtDigest))), Clause(Atom(com.typesafe.sbt.jse.SbtJsTask),Set(Atom(com.typesafe.sbt.mocha.SbtMocha)))))
  :: deduced result: Matched(sbt.plugins.CorePlugin,play.PlayJava,sbt.plugins.InteractionServicePlugin,sbt.plugins.SendEventServicePlugin,play.Play,sbt.plugins.SerializersPlugin,sbt.plugins.IvyPlugin,sbt.plugins.JvmPlugin,com.typesafe.sbt.jse.SbtJsTask,play.twirl.sbt.SbtTwirl,com.typesafe.sbt.webdriver.SbtWebDriver,com.typesafe.sbt.jshint.SbtJSHint,sbt.plugins.JUnitXmlReportPlugin,com.typesafe.sbt.mocha.SbtMocha,com.typesafe.sbt.less.SbtLess,com.typesafe.sbt.web.SbtWeb,com.typesafe.sbt.rjs.SbtRjs,com.typesafe.sbt.jse.SbtJsEngine,com.typesafe.sbt.coffeescript.SbtCoffeeScript,sbt.plugins.BackgroundRunPlugin,com.typesafe.sbt.digest.SbtDigest,play.sbt.forkrun.PlayForkRun,com.typesafe.sbt.SbtEcho)
sorting: ns: List(sbt.plugins.CorePlugin, play.PlayJava, sbt.plugins.InteractionServicePlugin, sbt.plugins.SendEventServicePlugin, play.Play, sbt.plugins.SerializersPlugin, sbt.plugins.IvyPlugin, sbt.plugins.JvmPlugin, com.typesafe.sbt.jse.SbtJsTask, play.twirl.sbt.SbtTwirl, com.typesafe.sbt.webdriver.SbtWebDriver, com.typesafe.sbt.jshint.SbtJSHint, sbt.plugins.JUnitXmlReportPlugin, com.typesafe.sbt.mocha.SbtMocha, com.typesafe.sbt.less.SbtLess, com.typesafe.sbt.web.SbtWeb, com.typesafe.sbt.rjs.SbtRjs, com.typesafe.sbt.jse.SbtJsEngine, com.typesafe.sbt.coffeescript.SbtCoffeeScript, sbt.plugins.BackgroundRunPlugin, com.typesafe.sbt.digest.SbtDigest, play.sbt.forkrun.PlayForkRun, com.typesafe.sbt.SbtEcho)
  :: sorting:: found: List(sbt.plugins.CorePlugin, com.typesafe.sbt.web.SbtWeb) not found List(play.PlayJava, sbt.plugins.InteractionServicePlugin, sbt.plugins.SendEventServicePlugin, play.Play, sbt.plugins.SerializersPlugin, sbt.plugins.IvyPlugin, sbt.plugins.JvmPlugin, com.typesafe.sbt.jse.SbtJsTask, play.twirl.sbt.SbtTwirl, com.typesafe.sbt.webdriver.SbtWebDriver, com.typesafe.sbt.jshint.SbtJSHint, sbt.plugins.JUnitXmlReportPlugin, com.typesafe.sbt.mocha.SbtMocha, com.typesafe.sbt.less.SbtLess, com.typesafe.sbt.rjs.SbtRjs, com.typesafe.sbt.jse.SbtJsEngine, com.typesafe.sbt.coffeescript.SbtCoffeeScript, sbt.plugins.BackgroundRunPlugin, com.typesafe.sbt.digest.SbtDigest, play.sbt.forkrun.PlayForkRun, com.typesafe.sbt.SbtEcho)
  :: sorting:: found: List(sbt.plugins.CorePlugin, com.typesafe.sbt.web.SbtWeb, sbt.plugins.InteractionServicePlugin, sbt.plugins.SendEventServicePlugin, sbt.plugins.SerializersPlugin, sbt.plugins.IvyPlugin, com.typesafe.sbt.webdriver.SbtWebDriver, com.typesafe.sbt.jse.SbtJsEngine, com.typesafe.sbt.digest.SbtDigest) not found List(play.PlayJava, play.Play, sbt.plugins.JvmPlugin, com.typesafe.sbt.jse.SbtJsTask, play.twirl.sbt.SbtTwirl, com.typesafe.sbt.jshint.SbtJSHint, sbt.plugins.JUnitXmlReportPlugin, com.typesafe.sbt.mocha.SbtMocha, com.typesafe.sbt.less.SbtLess, com.typesafe.sbt.rjs.SbtRjs, com.typesafe.sbt.coffeescript.SbtCoffeeScript, sbt.plugins.BackgroundRunPlugin, play.sbt.forkrun.PlayForkRun, com.typesafe.sbt.SbtEcho)
  :: sorting:: found: List(sbt.plugins.CorePlugin, com.typesafe.sbt.web.SbtWeb, sbt.plugins.InteractionServicePlugin, sbt.plugins.SendEventServicePlugin, sbt.plugins.SerializersPlugin, sbt.plugins.IvyPlugin, com.typesafe.sbt.webdriver.SbtWebDriver, com.typesafe.sbt.jse.SbtJsEngine, com.typesafe.sbt.digest.SbtDigest, sbt.plugins.JvmPlugin, com.typesafe.sbt.jse.SbtJsTask) not found List(play.PlayJava, play.Play, play.twirl.sbt.SbtTwirl, com.typesafe.sbt.jshint.SbtJSHint, sbt.plugins.JUnitXmlReportPlugin, com.typesafe.sbt.mocha.SbtMocha, com.typesafe.sbt.less.SbtLess, com.typesafe.sbt.rjs.SbtRjs, com.typesafe.sbt.coffeescript.SbtCoffeeScript, sbt.plugins.BackgroundRunPlugin, play.sbt.forkrun.PlayForkRun, com.typesafe.sbt.SbtEcho)
  :: sorting:: found: List(sbt.plugins.CorePlugin, com.typesafe.sbt.web.SbtWeb, sbt.plugins.InteractionServicePlugin, sbt.plugins.SendEventServicePlugin, sbt.plugins.SerializersPlugin, sbt.plugins.IvyPlugin, com.typesafe.sbt.webdriver.SbtWebDriver, com.typesafe.sbt.jse.SbtJsEngine, com.typesafe.sbt.digest.SbtDigest, sbt.plugins.JvmPlugin, com.typesafe.sbt.jse.SbtJsTask, play.twirl.sbt.SbtTwirl, com.typesafe.sbt.jshint.SbtJSHint, sbt.plugins.JUnitXmlReportPlugin, com.typesafe.sbt.mocha.SbtMocha, com.typesafe.sbt.less.SbtLess, com.typesafe.sbt.rjs.SbtRjs, com.typesafe.sbt.coffeescript.SbtCoffeeScript, sbt.plugins.BackgroundRunPlugin) not found List(play.PlayJava, play.Play, play.sbt.forkrun.PlayForkRun, com.typesafe.sbt.SbtEcho)
  :: sorting:: found: List(sbt.plugins.CorePlugin, com.typesafe.sbt.web.SbtWeb, sbt.plugins.InteractionServicePlugin, sbt.plugins.SendEventServicePlugin, sbt.plugins.SerializersPlugin, sbt.plugins.IvyPlugin, com.typesafe.sbt.webdriver.SbtWebDriver, com.typesafe.sbt.jse.SbtJsEngine, com.typesafe.sbt.digest.SbtDigest, sbt.plugins.JvmPlugin, com.typesafe.sbt.jse.SbtJsTask, play.twirl.sbt.SbtTwirl, com.typesafe.sbt.jshint.SbtJSHint, sbt.plugins.JUnitXmlReportPlugin, com.typesafe.sbt.mocha.SbtMocha, com.typesafe.sbt.less.SbtLess, com.typesafe.sbt.rjs.SbtRjs, com.typesafe.sbt.coffeescript.SbtCoffeeScript, sbt.plugins.BackgroundRunPlugin, play.Play, com.typesafe.sbt.SbtEcho) not found List(play.PlayJava, play.sbt.forkrun.PlayForkRun)
  :: sorting:: found: List(sbt.plugins.CorePlugin, com.typesafe.sbt.web.SbtWeb, sbt.plugins.InteractionServicePlugin, sbt.plugins.SendEventServicePlugin, sbt.plugins.SerializersPlugin, sbt.plugins.IvyPlugin, com.typesafe.sbt.webdriver.SbtWebDriver, com.typesafe.sbt.jse.SbtJsEngine, com.typesafe.sbt.digest.SbtDigest, sbt.plugins.JvmPlugin, com.typesafe.sbt.jse.SbtJsTask, play.twirl.sbt.SbtTwirl, com.typesafe.sbt.jshint.SbtJSHint, sbt.plugins.JUnitXmlReportPlugin, com.typesafe.sbt.mocha.SbtMocha, com.typesafe.sbt.less.SbtLess, com.typesafe.sbt.rjs.SbtRjs, com.typesafe.sbt.coffeescript.SbtCoffeeScript, sbt.plugins.BackgroundRunPlugin, play.Play, com.typesafe.sbt.SbtEcho, play.PlayJava, play.sbt.forkrun.PlayForkRun) not found List()
  :: sorted deduced result: List(sbt.plugins.CorePlugin, com.typesafe.sbt.web.SbtWeb, sbt.plugins.InteractionServicePlugin, sbt.plugins.SendEventServicePlugin, sbt.plugins.SerializersPlugin, sbt.plugins.IvyPlugin, com.typesafe.sbt.webdriver.SbtWebDriver, com.typesafe.sbt.jse.SbtJsEngine, com.typesafe.sbt.digest.SbtDigest, sbt.plugins.JvmPlugin, com.typesafe.sbt.jse.SbtJsTask, play.twirl.sbt.SbtTwirl, com.typesafe.sbt.jshint.SbtJSHint, sbt.plugins.JUnitXmlReportPlugin, com.typesafe.sbt.mocha.SbtMocha, com.typesafe.sbt.less.SbtLess, com.typesafe.sbt.rjs.SbtRjs, com.typesafe.sbt.coffeescript.SbtCoffeeScript, sbt.plugins.BackgroundRunPlugin, play.Play, com.typesafe.sbt.SbtEcho, play.PlayJava, play.sbt.forkrun.PlayForkRun)
[Loading] Done in C:\GR60\we-lab-group60, returning: (root)
Set current project to we-lab-group60 (in build file:/C:/GR60/we-lab-group60/)
Reapplying settings...
Set current project to we-lab-group60 (in build file:/C:/GR60/we-lab-group60/)
> iflast shell
> server-send-ready-for-request
> server-handle-next-server-request
> compile
Evaluating tasks: compile:compile
Running task... Cancel: sbt.server.ServerTaskCancellation@75ab95aa, check cycles: false

Initial source changes: 
	removed:Set()
	added: Set(C:\GR60\we-lab-group60\app\controllers\JeopardyAuthenticator.java)
	modified: Set(C:\GR60\we-lab-group60\app\controllers\Authentication.java, C:\GR60\we-lab-group60\app\controllers\Jeopardy.java)
Removed products: Set()
External API changes: API Changes: Set()
Modified binary dependencies: Set()
Initial directly invalidated sources: Set(C:\GR60\we-lab-group60\app\controllers\JeopardyAuthenticator.java, C:\GR60\we-lab-group60\app\controllers\Authentication.java, C:\GR60\we-lab-group60\app\controllers\Jeopardy.java)

Sources indirectly invalidated by:
	product: Set()
	binary dep: Set()
	external source: Set()
All initially invalidated sources: Set(C:\GR60\we-lab-group60\app\controllers\JeopardyAuthenticator.java, C:\GR60\we-lab-group60\app\controllers\Authentication.java, C:\GR60\we-lab-group60\app\controllers\Jeopardy.java)

Read from stdout: Compiling 3 Java sources to C:\GR60\we-lab-group60\target\scala-2.11\classes...
Compiling 3 Java sources to C:\GR60\we-lab-group60\target\scala-2.11\classes...
Attempting to call com.sun.tools.javac.api.JavacTool@209e3912 directly...
Java compilation took 0.73414821 s
Java analysis took 0.248498941 s
Java compile + analysis took 1.00039515 s
Invalidating C:\GR60\we-lab-group60\app\controllers\JeopardyAuthenticator.java...
Invalidating (transitively) by inheritance from C:\GR60\we-lab-group60\app\controllers\JeopardyAuthenticator.java...
Initial set of included nodes: Set(C:\GR60\we-lab-group60\app\controllers\JeopardyAuthenticator.java)
Invalidated by transitive inheritance dependency: Set(C:\GR60\we-lab-group60\app\controllers\JeopardyAuthenticator.java)
The C:\GR60\we-lab-group60\app\controllers\JeopardyAuthenticator.java source file has the following regular definitions changed:
	enumerator, notify, movedPermanently, temporaryRedirect, Results$StringChunks$WhenReadyStringChunks, channel, Results$Redirect, badRequest, onUnauthorized, wait, redirect, equals, Results$ByteChunks$WhenReadyByteChunks, onReady, notFound, getUsername, as, Results$StringChunks, Results$Todo, Results$Status, toScala, callback, notifyAll, Results$ByteChunks, Results$Chunks$Out, found, unauthorized, <init>, status, TODO, forbidden, disconnected, onDisconnected, seeOther, toString, wrappedResult, whenReady, JeopardyAuthenticator, internalServerError, ok, getClass, close, Results$Chunks, writable, write, noContent, created, hashCode.
All member reference dependencies will be considered within this context.
Name hashing optimization doesn't apply to non-Scala dependency: C:\GR60\we-lab-group60\app\controllers\JeopardyAuthenticator.java
Invalidating C:\GR60\we-lab-group60\app\controllers\Authentication.java...
Invalidating (transitively) by inheritance from C:\GR60\we-lab-group60\app\controllers\Authentication.java...
Initial set of included nodes: Set(C:\GR60\we-lab-group60\app\controllers\Authentication.java)
Invalidated by transitive inheritance dependency: Set(C:\GR60\we-lab-group60\app\controllers\Authentication.java)
The C:\GR60\we-lab-group60\app\controllers\Authentication.java source file has the following regular definitions changed:
	logout.
All member reference dependencies will be considered within this context.
Name hashing optimization doesn't apply to non-Scala dependency: C:\GR60\we-lab-group60\app\controllers\Authentication.java
The following modified names cause invalidation of C:\GR60\we-lab-group60\target\scala-2.11\src_managed\main\routes_reverseRouting.scala: Set(logout)
The following modified names cause invalidation of C:\GR60\we-lab-group60\target\scala-2.11\src_managed\main\routes_routing.scala: Set(logout)
Invalidating C:\GR60\we-lab-group60\app\controllers\Jeopardy.java...
Invalidating (transitively) by inheritance from C:\GR60\we-lab-group60\app\controllers\Jeopardy.java...
Initial set of included nodes: Set(C:\GR60\we-lab-group60\app\controllers\Jeopardy.java)
Invalidated by transitive inheritance dependency: Set(C:\GR60\we-lab-group60\app\controllers\Jeopardy.java)
The C:\GR60\we-lab-group60\app\controllers\Jeopardy.java source file has the following regular definitions changed:
	loadQuestion, newGame, retrieveAnswers, start.
All member reference dependencies will be considered within this context.
Name hashing optimization doesn't apply to non-Scala dependency: C:\GR60\we-lab-group60\app\controllers\Jeopardy.java
Name hashing optimization doesn't apply to non-Scala dependency: C:\GR60\we-lab-group60\app\controllers\Authentication.java
The following modified names cause invalidation of C:\GR60\we-lab-group60\target\scala-2.11\src_managed\main\routes_reverseRouting.scala: Set(loadQuestion, newGame, retrieveAnswers)
The following modified names cause invalidation of C:\GR60\we-lab-group60\target\scala-2.11\src_managed\main\routes_routing.scala: Set(loadQuestion, newGame, retrieveAnswers)
New invalidations:
	Set(C:\GR60\we-lab-group60\target\scala-2.11\src_managed\main\routes_reverseRouting.scala, C:\GR60\we-lab-group60\target\scala-2.11\src_managed\main\routes_routing.scala)
Initial set of included nodes: Set(C:\GR60\we-lab-group60\target\scala-2.11\src_managed\main\routes_reverseRouting.scala, C:\GR60\we-lab-group60\target\scala-2.11\src_managed\main\routes_routing.scala)
Including C:\GR60\we-lab-group60\target\scala-2.11\src_managed\main\controllers\routes.java by C:\GR60\we-lab-group60\target\scala-2.11\src_managed\main\routes_reverseRouting.scala
Including C:\GR60\we-lab-group60\target\scala-2.11\twirl\main\views\html\jeopardy.template.scala by C:\GR60\we-lab-group60\target\scala-2.11\src_managed\main\controllers\routes.java
Including C:\GR60\we-lab-group60\app\controllers\Jeopardy.java by C:\GR60\we-lab-group60\target\scala-2.11\twirl\main\views\html\jeopardy.template.scala
Including C:\GR60\we-lab-group60\app\controllers\Authentication.java by C:\GR60\we-lab-group60\app\controllers\Jeopardy.java
Including C:\GR60\we-lab-group60\target\scala-2.11\src_managed\main\routes_routing.scala by C:\GR60\we-lab-group60\app\controllers\Authentication.java
Including C:\GR60\we-lab-group60\target\scala-2.11\twirl\main\views\html\question.template.scala by C:\GR60\we-lab-group60\target\scala-2.11\src_managed\main\controllers\routes.java
Including C:\GR60\we-lab-group60\target\scala-2.11\twirl\main\views\html\authentication.template.scala by C:\GR60\we-lab-group60\target\scala-2.11\src_managed\main\controllers\routes.java
Including C:\GR60\we-lab-group60\app\controllers\JeopardyAuthenticator.java by C:\GR60\we-lab-group60\target\scala-2.11\twirl\main\views\html\authentication.template.scala
Including C:\GR60\we-lab-group60\app\controllers\Registration.java by C:\GR60\we-lab-group60\target\scala-2.11\twirl\main\views\html\authentication.template.scala
Including C:\GR60\we-lab-group60\app\controllers\Application.java by C:\GR60\we-lab-group60\target\scala-2.11\twirl\main\views\html\authentication.template.scala
Including C:\GR60\we-lab-group60\target\scala-2.11\twirl\main\views\html\registration.template.scala by C:\GR60\we-lab-group60\target\scala-2.11\src_managed\main\controllers\routes.java
Including C:\GR60\we-lab-group60\target\scala-2.11\twirl\main\views\html\main.template.scala by C:\GR60\we-lab-group60\target\scala-2.11\src_managed\main\controllers\routes.java
Including C:\GR60\we-lab-group60\target\scala-2.11\twirl\main\views\html\winner.template.scala by C:\GR60\we-lab-group60\target\scala-2.11\twirl\main\views\html\main.template.scala
Previously invalidated, but (transitively) depend on new invalidations:
	Set(C:\GR60\we-lab-group60\app\controllers\JeopardyAuthenticator.java, C:\GR60\we-lab-group60\app\controllers\Authentication.java, C:\GR60\we-lab-group60\app\controllers\Jeopardy.java)
All newly invalidated sources after taking into account (previously) recompiled sources:Set(C:\GR60\we-lab-group60\target\scala-2.11\src_managed\main\routes_reverseRouting.scala, C:\GR60\we-lab-group60\target\scala-2.11\src_managed\main\routes_routing.scala)
Read from stdout: Compiling 2 Scala sources and 3 Java sources to C:\GR60\we-lab-group60\target\scala-2.11\classes...
Compiling 2 Scala sources and 3 Java sources to C:\GR60\we-lab-group60\target\scala-2.11\classes...
Getting compiler-interface from component compiler for Scala 2.11.1
Other repositories:
Default repositories:
Getting compiler-interface from component compiler for Scala 2.11.1
Other repositories:
Default repositories:
Running cached compiler 2f0c3dfc, interfacing (CompilerInterface) with Scala compiler version 2.11.1
Calling Scala compiler with arguments  (CompilerInterface):
	-deprecation
	-unchecked
	-encoding
	utf8
	-bootclasspath
	C:\Program Files\Java\jdk1.8.0_40\jre\lib\resources.jar;C:\Program Files\Java\jdk1.8.0_40\jre\lib\rt.jar;C:\Program Files\Java\jdk1.8.0_40\jre\lib\sunrsasign.jar;C:\Program Files\Java\jdk1.8.0_40\jre\lib\jsse.jar;C:\Program Files\Java\jdk1.8.0_40\jre\lib\jce.jar;C:\Program Files\Java\jdk1.8.0_40\jre\lib\charsets.jar;C:\Program Files\Java\jdk1.8.0_40\jre\lib\jfr.jar;C:\Program Files\Java\jdk1.8.0_40\jre\classes;C:\Users\Julia\.ivy2\cache\org.scala-lang\scala-library\jars\scala-library-2.11.1.jar
	-classpath
	C:\GR60\we-lab-group60\target\scala-2.11\classes;C:\GR60\we-lab-group60\lib\jeopardy.jar;C:\Users\Julia\.ivy2\cache\com.typesafe.play\twirl-api_2.11\jars\twirl-api_2.11-1.0.2.jar;C:\Users\Julia\.ivy2\cache\org.apache.commons\commons-lang3\jars\commons-lang3-3.1.jar;C:\Users\Julia\.ivy2\cache\org.scala-lang.modules\scala-xml_2.11\bundles\scala-xml_2.11-1.0.1.jar;C:\Users\Julia\.ivy2\cache\com.typesafe.play\play_2.11\jars\play_2.11-2.3.8.jar;C:\Users\Julia\.ivy2\cache\com.typesafe.play\build-link\jars\build-link-2.3.8.jar;C:\Users\Julia\.ivy2\cache\com.typesafe.play\play-exceptions\jars\play-exceptions-2.3.8.jar;C:\Users\Julia\.ivy2\cache\com.typesafe.play\play-iteratees_2.11\jars\play-iteratees_2.11-2.3.8.jar;C:\Users\Julia\.ivy2\cache\org.scala-stm\scala-stm_2.11\jars\scala-stm_2.11-0.7.jar;C:\Users\Julia\.ivy2\cache\com.typesafe\config\bundles\config-1.2.1.jar;C:\Users\Julia\.ivy2\cache\com.typesafe.play\play-json_2.11\jars\play-json_2.11-2.3.8.jar;C:\Users\Julia\.ivy2\cache\com.typesafe.play\play-functional_2.11\jars\play-functional_2.11-2.3.8.jar;C:\Users\Julia\.ivy2\cache\com.typesafe.play\play-datacommons_2.11\jars\play-datacommons_2.11-2.3.8.jar;C:\Users\Julia\.ivy2\cache\joda-time\joda-time\jars\joda-time-2.3.jar;C:\Users\Julia\.ivy2\cache\org.joda\joda-convert\jars\joda-convert-1.6.jar;C:\Users\Julia\.ivy2\cache\com.fasterxml.jackson.core\jackson-annotations\bundles\jackson-annotations-2.3.2.jar;C:\Users\Julia\.ivy2\cache\com.fasterxml.jackson.core\jackson-core\bundles\jackson-core-2.3.2.jar;C:\Users\Julia\.ivy2\cache\com.fasterxml.jackson.core\jackson-databind\bundles\jackson-databind-2.3.2.jar;C:\Users\Julia\.ivy2\cache\org.scala-lang\scala-reflect\jars\scala-reflect-2.11.1.jar;C:\Users\Julia\.ivy2\cache\org.scala-lang.modules\scala-parser-combinators_2.11\bundles\scala-parser-combinators_2.11-1.0.1.jar;C:\Users\Julia\.ivy2\cache\io.netty\netty\bundles\netty-3.9.3.Final.jar;C:\Users\Julia\.ivy2\cache\com.typesafe.netty\netty-http-pipelining\jars\netty-http-pipelining-1.1.2.jar;C:\Users\Julia\.ivy2\cache\org.slf4j\slf4j-api\jars\slf4j-api-1.7.6.jar;C:\Users\Julia\.ivy2\cache\org.slf4j\jul-to-slf4j\jars\jul-to-slf4j-1.7.6.jar;C:\Users\Julia\.ivy2\cache\org.slf4j\jcl-over-slf4j\jars\jcl-over-slf4j-1.7.6.jar;C:\Users\Julia\.ivy2\cache\ch.qos.logback\logback-core\jars\logback-core-1.1.1.jar;C:\Users\Julia\.ivy2\cache\ch.qos.logback\logback-classic\jars\logback-classic-1.1.1.jar;C:\Users\Julia\.ivy2\cache\com.typesafe.akka\akka-actor_2.11\jars\akka-actor_2.11-2.3.4.jar;C:\Users\Julia\.ivy2\cache\com.typesafe.akka\akka-slf4j_2.11\jars\akka-slf4j_2.11-2.3.4.jar;C:\Users\Julia\.ivy2\cache\commons-codec\commons-codec\jars\commons-codec-1.9.jar;C:\Users\Julia\.ivy2\cache\xerces\xercesImpl\jars\xercesImpl-2.11.0.jar;C:\Users\Julia\.ivy2\cache\xml-apis\xml-apis\jars\xml-apis-1.4.01.jar;C:\Users\Julia\.ivy2\cache\javax.transaction\jta\jars\jta-1.1.jar;C:\Users\Julia\.ivy2\cache\com.typesafe.play\play-java_2.11\jars\play-java_2.11-2.3.8.jar;C:\Users\Julia\.ivy2\cache\org.yaml\snakeyaml\bundles\snakeyaml-1.13.jar;C:\Users\Julia\.ivy2\cache\org.hibernate\hibernate-validator\jars\hibernate-validator-5.0.3.Final.jar;C:\Users\Julia\.ivy2\cache\javax.validation\validation-api\jars\validation-api-1.1.0.Final.jar;C:\Users\Julia\.ivy2\cache\com.fasterxml\classmate\bundles\classmate-1.0.0.jar;C:\Users\Julia\.ivy2\cache\org.jboss.logging\jboss-logging\jars\jboss-logging-3.2.0.Final.jar;C:\Users\Julia\.ivy2\cache\org.springframework\spring-context\jars\spring-context-4.0.3.RELEASE.jar;C:\Users\Julia\.ivy2\cache\org.springframework\spring-core\jars\spring-core-4.0.3.RELEASE.jar;C:\Users\Julia\.ivy2\cache\org.springframework\spring-beans\jars\spring-beans-4.0.3.RELEASE.jar;C:\Users\Julia\.ivy2\cache\org.javassist\javassist\bundles\javassist-3.19.0-GA.jar;C:\Users\Julia\.ivy2\cache\org.reflections\reflections\jars\reflections-0.9.8.jar;C:\Users\Julia\.ivy2\cache\com.google.guava\guava\bundles\guava-16.0.1.jar;C:\Users\Julia\.ivy2\cache\dom4j\dom4j\jars\dom4j-1.6.1.jar;C:\Users\Julia\.ivy2\cache\com.google.code.findbugs\jsr305\jars\jsr305-2.0.3.jar;C:\Users\Julia\.ivy2\cache\org.apache.tomcat\tomcat-servlet-api\jars\tomcat-servlet-api-8.0.5.jar;C:\Users\Julia\.ivy2\cache\com.typesafe.play\play-java-jdbc_2.11\jars\play-java-jdbc_2.11-2.3.8.jar;C:\Users\Julia\.ivy2\cache\com.typesafe.play\play-jdbc_2.11\jars\play-jdbc_2.11-2.3.8.jar;C:\Users\Julia\.ivy2\cache\com.jolbox\bonecp\bundles\bonecp-0.8.0.RELEASE.jar;C:\Users\Julia\.ivy2\cache\com.h2database\h2\jars\h2-1.3.175.jar;C:\Users\Julia\.ivy2\cache\tyrex\tyrex\jars\tyrex-1.0.1.jar;C:\Users\Julia\.ivy2\cache\com.typesafe.play\play-java-jpa_2.11\jars\play-java-jpa_2.11-2.3.8.jar;C:\Users\Julia\.ivy2\cache\org.hibernate.javax.persistence\hibernate-jpa-2.0-api\jars\hibernate-jpa-2.0-api-1.0.1.Final.jar;C:\Users\Julia\.ivy2\cache\org.hibernate\hibernate-entitymanager\jars\hibernate-entitymanager-4.3.1.Final.jar;C:\Users\Julia\.ivy2\cache\org.jboss.logging\jboss-logging-annotations\jars\jboss-logging-annotations-1.2.0.Beta1.jar;C:\Users\Julia\.ivy2\cache\org.hibernate\hibernate-core\jars\hibernate-core-4.3.1.Final.jar;C:\Users\Julia\.ivy2\cache\org.jboss.spec.javax.transaction\jboss-transaction-api_1.2_spec\jars\jboss-transaction-api_1.2_spec-1.0.0.Final.jar;C:\Users\Julia\.ivy2\cache\org.hibernate.common\hibernate-commons-annotations\jars\hibernate-commons-annotations-4.0.4.Final.jar;C:\Users\Julia\.ivy2\cache\org.hibernate.javax.persistence\hibernate-jpa-2.1-api\jars\hibernate-jpa-2.1-api-1.0.0.Final.jar;C:\Users\Julia\.ivy2\cache\antlr\antlr\jars\antlr-2.7.7.jar;C:\Users\Julia\.ivy2\cache\org.jboss\jandex\jars\jandex-1.1.0.Final.jar;C:\Users\Julia\.ivy2\cache\com.google.code.gson\gson\jars\gson-2.2.jar;C:\Users\Julia\.ivy2\cache\com.typesafe.play\play-cache_2.11\jars\play-cache_2.11-2.3.8.jar;C:\Users\Julia\.ivy2\cache\net.sf.ehcache\ehcache-core\jars\ehcache-core-2.6.8.jar
Scala compilation took 6.963910419 s
Attempting to call com.sun.tools.javac.api.JavacTool@209e3912 directly...
Java compilation took 0.26632349 s
Java analysis took 0.12284057 s
Java compile + analysis took 0.408388315 s
New invalidations:
	Set()
Initial set of included nodes: Set()
Previously invalidated, but (transitively) depend on new invalidations:
	Set()
All newly invalidated sources after taking into account (previously) recompiled sources:Set()
Total time: 12 s, completed 10.05.2015 16:00:09
> server-post-command-cleanup
> server-handle-next-server-request
> {file:/C:/GR60/we-lab-group60/}root/compile:discoveredMainClasses
Evaluating tasks: compile:discoveredMainClasses
Running task... Cancel: sbt.server.ServerTaskCancellation@68e29067, check cycles: false

Initial source changes: 
	removed:Set()
	added: Set()
	modified: Set()
Removed products: Set()
External API changes: API Changes: Set()
Modified binary dependencies: Set()
Initial directly invalidated sources: Set()

Sources indirectly invalidated by:
	product: Set()
	binary dep: Set()
	external source: Set()
All initially invalidated sources: Set()

Total time: 1 s, completed 10.05.2015 16:00:10
> server-post-command-cleanup
> server-handle-next-server-request
> {file:/C:/GR60/we-lab-group60/}root/compile:mainClass
Evaluating tasks: compile:mainClass
Running task... Cancel: sbt.server.ServerTaskCancellation@669700cd, check cycles: false
Total time: 0 s, completed 10.05.2015 16:00:10
> server-post-command-cleanup
> server-handle-next-server-request
> {file:/C:/GR60/we-lab-group60/}root/echo:echoTraceSupported
Evaluating tasks: echo:echoTraceSupported
Running task... Cancel: sbt.server.ServerTaskCancellation@5ac307d9, check cycles: false
Total time: 0 s, completed 10.05.2015 16:00:10
> server-post-command-cleanup
> server-handle-next-server-request
> {file:/C:/GR60/we-lab-group60/}root/echo:echoPlayVersionReport
Evaluating tasks: echo:echoPlayVersionReport
Running task... Cancel: sbt.server.ServerTaskCancellation@7bd26656, check cycles: false
Total time: 0 s, completed 10.05.2015 16:00:10
> server-post-command-cleanup
> server-handle-next-server-request
> {file:/C:/GR60/we-lab-group60/}root/echo:echoAkkaVersionReport
Evaluating tasks: echo:echoAkkaVersionReport
Running task... Cancel: sbt.server.ServerTaskCancellation@11564a1c, check cycles: false
Total time: 0 s, completed 10.05.2015 16:00:10
> server-post-command-cleanup
> server-handle-next-server-request
> {file:/C:/GR60/we-lab-group60/}root/compile:discoveredMainClasses
Evaluating tasks: compile:discoveredMainClasses
Running task... Cancel: sbt.server.ServerTaskCancellation@77fc81b8, check cycles: false

Initial source changes: 
	removed:Set()
	added: Set()
	modified: Set()
Removed products: Set()
External API changes: API Changes: Set()
Modified binary dependencies: Set()
Initial directly invalidated sources: Set()

Sources indirectly invalidated by:
	product: Set()
	binary dep: Set()
	external source: Set()
All initially invalidated sources: Set()

Total time: 1 s, completed 10.05.2015 16:00:11
> server-post-command-cleanup
> server-handle-next-server-request
> backgroundRun
Evaluating tasks: compile:backgroundRun
Running task... Cancel: sbt.server.ServerTaskCancellation@3c3ea1ff, check cycles: false
Total time: 0 s, completed 10.05.2015 16:01:51
> server-post-command-cleanup
> server-handle-next-server-request
> {file:/C:/GR60/we-lab-group60/}root/*:playForkConfig
Evaluating tasks: *:playForkConfig
Running task... Cancel: sbt.server.ServerTaskCancellation@7d5ac1cf, check cycles: false
Total time: 1 s, completed 10.05.2015 16:01:54
> server-post-command-cleanup
> server-handle-next-server-request
> root/playForkNotifyStart http://localhost:9000
Evaluating tasks: *:playForkNotifyStart
Running task... Cancel: sbt.server.ServerTaskCancellation@2382d71c, check cycles: false
Total time: 0 s, completed 10.05.2015 16:01:55
> server-post-command-cleanup
> server-handle-next-server-request
> {file:/C:/GR60/we-lab-group60/}root/*:playForkReload
Evaluating tasks: *:playForkReload
Running task... Cancel: sbt.server.ServerTaskCancellation@58581b12, check cycles: false

Initial source changes: 
	removed:Set()
	added: Set()
	modified: Set()
Removed products: Set()
External API changes: API Changes: Set()
Modified binary dependencies: Set()
Initial directly invalidated sources: Set()

Sources indirectly invalidated by:
	product: Set()
	binary dep: Set()
	external source: Set()
All initially invalidated sources: Set()

Copy resource mappings: 
	(C:\GR60\we-lab-group60\conf\application.conf,C:\GR60\we-lab-group60\target\scala-2.11\classes\application.conf)
	(C:\GR60\we-lab-group60\conf\data.de.json,C:\GR60\we-lab-group60\target\scala-2.11\classes\data.de.json)
	(C:\GR60\we-lab-group60\conf\data.en.json,C:\GR60\we-lab-group60\target\scala-2.11\classes\data.en.json)
	(C:\GR60\we-lab-group60\conf\messages.de,C:\GR60\we-lab-group60\target\scala-2.11\classes\messages.de)
	(C:\GR60\we-lab-group60\conf\messages.en,C:\GR60\we-lab-group60\target\scala-2.11\classes\messages.en)
	(C:\GR60\we-lab-group60\conf\META-INF,C:\GR60\we-lab-group60\target\scala-2.11\classes\META-INF)
	(C:\GR60\we-lab-group60\conf\routes,C:\GR60\we-lab-group60\target\scala-2.11\classes\routes)
	(C:\GR60\we-lab-group60\conf\META-INF\persistence.xml,C:\GR60\we-lab-group60\target\scala-2.11\classes\META-INF\persistence.xml)
Total time: 1 s, completed 10.05.2015 16:01:59
> server-post-command-cleanup
> server-handle-next-server-request
> compile
Evaluating tasks: compile:compile
Running task... Cancel: sbt.server.ServerTaskCancellation@362841db, check cycles: false

Initial source changes: 
	removed:Set()
	added: Set()
	modified: Set(C:\GR60\we-lab-group60\target\scala-2.11\twirl\main\views\html\winner.template.scala)
Removed products: Set()
External API changes: API Changes: Set()
Modified binary dependencies: Set()
Initial directly invalidated sources: Set(C:\GR60\we-lab-group60\target\scala-2.11\twirl\main\views\html\winner.template.scala)

Sources indirectly invalidated by:
	product: Set()
	binary dep: Set()
	external source: Set()
All initially invalidated sources: Set(C:\GR60\we-lab-group60\target\scala-2.11\twirl\main\views\html\winner.template.scala)

Read from stdout: Compiling 1 Scala source to C:\GR60\we-lab-group60\target\scala-2.11\classes...
Compiling 1 Scala source to C:\GR60\we-lab-group60\target\scala-2.11\classes...
Getting compiler-interface from component compiler for Scala 2.11.1
Other repositories:
Default repositories:
Getting compiler-interface from component compiler for Scala 2.11.1
Other repositories:
Default repositories:
Running cached compiler 53066873, interfacing (CompilerInterface) with Scala compiler version 2.11.1
Calling Scala compiler with arguments  (CompilerInterface):
	-deprecation
	-unchecked
	-encoding
	utf8
	-bootclasspath
	C:\Program Files\Java\jdk1.8.0_40\jre\lib\resources.jar;C:\Program Files\Java\jdk1.8.0_40\jre\lib\rt.jar;C:\Program Files\Java\jdk1.8.0_40\jre\lib\sunrsasign.jar;C:\Program Files\Java\jdk1.8.0_40\jre\lib\jsse.jar;C:\Program Files\Java\jdk1.8.0_40\jre\lib\jce.jar;C:\Program Files\Java\jdk1.8.0_40\jre\lib\charsets.jar;C:\Program Files\Java\jdk1.8.0_40\jre\lib\jfr.jar;C:\Program Files\Java\jdk1.8.0_40\jre\classes;C:\Users\Julia\.ivy2\cache\org.scala-lang\scala-library\jars\scala-library-2.11.1.jar
	-classpath
	C:\GR60\we-lab-group60\target\scala-2.11\classes;C:\GR60\we-lab-group60\lib\jeopardy.jar;C:\Users\Julia\.ivy2\cache\com.typesafe.play\twirl-api_2.11\jars\twirl-api_2.11-1.0.2.jar;C:\Users\Julia\.ivy2\cache\org.apache.commons\commons-lang3\jars\commons-lang3-3.1.jar;C:\Users\Julia\.ivy2\cache\org.scala-lang.modules\scala-xml_2.11\bundles\scala-xml_2.11-1.0.1.jar;C:\Users\Julia\.ivy2\cache\com.typesafe.play\play_2.11\jars\play_2.11-2.3.8.jar;C:\Users\Julia\.ivy2\cache\com.typesafe.play\build-link\jars\build-link-2.3.8.jar;C:\Users\Julia\.ivy2\cache\com.typesafe.play\play-exceptions\jars\play-exceptions-2.3.8.jar;C:\Users\Julia\.ivy2\cache\com.typesafe.play\play-iteratees_2.11\jars\play-iteratees_2.11-2.3.8.jar;C:\Users\Julia\.ivy2\cache\org.scala-stm\scala-stm_2.11\jars\scala-stm_2.11-0.7.jar;C:\Users\Julia\.ivy2\cache\com.typesafe\config\bundles\config-1.2.1.jar;C:\Users\Julia\.ivy2\cache\com.typesafe.play\play-json_2.11\jars\play-json_2.11-2.3.8.jar;C:\Users\Julia\.ivy2\cache\com.typesafe.play\play-functional_2.11\jars\play-functional_2.11-2.3.8.jar;C:\Users\Julia\.ivy2\cache\com.typesafe.play\play-datacommons_2.11\jars\play-datacommons_2.11-2.3.8.jar;C:\Users\Julia\.ivy2\cache\joda-time\joda-time\jars\joda-time-2.3.jar;C:\Users\Julia\.ivy2\cache\org.joda\joda-convert\jars\joda-convert-1.6.jar;C:\Users\Julia\.ivy2\cache\com.fasterxml.jackson.core\jackson-annotations\bundles\jackson-annotations-2.3.2.jar;C:\Users\Julia\.ivy2\cache\com.fasterxml.jackson.core\jackson-core\bundles\jackson-core-2.3.2.jar;C:\Users\Julia\.ivy2\cache\com.fasterxml.jackson.core\jackson-databind\bundles\jackson-databind-2.3.2.jar;C:\Users\Julia\.ivy2\cache\org.scala-lang\scala-reflect\jars\scala-reflect-2.11.1.jar;C:\Users\Julia\.ivy2\cache\org.scala-lang.modules\scala-parser-combinators_2.11\bundles\scala-parser-combinators_2.11-1.0.1.jar;C:\Users\Julia\.ivy2\cache\io.netty\netty\bundles\netty-3.9.3.Final.jar;C:\Users\Julia\.ivy2\cache\com.typesafe.netty\netty-http-pipelining\jars\netty-http-pipelining-1.1.2.jar;C:\Users\Julia\.ivy2\cache\org.slf4j\slf4j-api\jars\slf4j-api-1.7.6.jar;C:\Users\Julia\.ivy2\cache\org.slf4j\jul-to-slf4j\jars\jul-to-slf4j-1.7.6.jar;C:\Users\Julia\.ivy2\cache\org.slf4j\jcl-over-slf4j\jars\jcl-over-slf4j-1.7.6.jar;C:\Users\Julia\.ivy2\cache\ch.qos.logback\logback-core\jars\logback-core-1.1.1.jar;C:\Users\Julia\.ivy2\cache\ch.qos.logback\logback-classic\jars\logback-classic-1.1.1.jar;C:\Users\Julia\.ivy2\cache\com.typesafe.akka\akka-actor_2.11\jars\akka-actor_2.11-2.3.4.jar;C:\Users\Julia\.ivy2\cache\com.typesafe.akka\akka-slf4j_2.11\jars\akka-slf4j_2.11-2.3.4.jar;C:\Users\Julia\.ivy2\cache\commons-codec\commons-codec\jars\commons-codec-1.9.jar;C:\Users\Julia\.ivy2\cache\xerces\xercesImpl\jars\xercesImpl-2.11.0.jar;C:\Users\Julia\.ivy2\cache\xml-apis\xml-apis\jars\xml-apis-1.4.01.jar;C:\Users\Julia\.ivy2\cache\javax.transaction\jta\jars\jta-1.1.jar;C:\Users\Julia\.ivy2\cache\com.typesafe.play\play-java_2.11\jars\play-java_2.11-2.3.8.jar;C:\Users\Julia\.ivy2\cache\org.yaml\snakeyaml\bundles\snakeyaml-1.13.jar;C:\Users\Julia\.ivy2\cache\org.hibernate\hibernate-validator\jars\hibernate-validator-5.0.3.Final.jar;C:\Users\Julia\.ivy2\cache\javax.validation\validation-api\jars\validation-api-1.1.0.Final.jar;C:\Users\Julia\.ivy2\cache\com.fasterxml\classmate\bundles\classmate-1.0.0.jar;C:\Users\Julia\.ivy2\cache\org.jboss.logging\jboss-logging\jars\jboss-logging-3.2.0.Final.jar;C:\Users\Julia\.ivy2\cache\org.springframework\spring-context\jars\spring-context-4.0.3.RELEASE.jar;C:\Users\Julia\.ivy2\cache\org.springframework\spring-core\jars\spring-core-4.0.3.RELEASE.jar;C:\Users\Julia\.ivy2\cache\org.springframework\spring-beans\jars\spring-beans-4.0.3.RELEASE.jar;C:\Users\Julia\.ivy2\cache\org.javassist\javassist\bundles\javassist-3.19.0-GA.jar;C:\Users\Julia\.ivy2\cache\org.reflections\reflections\jars\reflections-0.9.8.jar;C:\Users\Julia\.ivy2\cache\com.google.guava\guava\bundles\guava-16.0.1.jar;C:\Users\Julia\.ivy2\cache\dom4j\dom4j\jars\dom4j-1.6.1.jar;C:\Users\Julia\.ivy2\cache\com.google.code.findbugs\jsr305\jars\jsr305-2.0.3.jar;C:\Users\Julia\.ivy2\cache\org.apache.tomcat\tomcat-servlet-api\jars\tomcat-servlet-api-8.0.5.jar;C:\Users\Julia\.ivy2\cache\com.typesafe.play\play-java-jdbc_2.11\jars\play-java-jdbc_2.11-2.3.8.jar;C:\Users\Julia\.ivy2\cache\com.typesafe.play\play-jdbc_2.11\jars\play-jdbc_2.11-2.3.8.jar;C:\Users\Julia\.ivy2\cache\com.jolbox\bonecp\bundles\bonecp-0.8.0.RELEASE.jar;C:\Users\Julia\.ivy2\cache\com.h2database\h2\jars\h2-1.3.175.jar;C:\Users\Julia\.ivy2\cache\tyrex\tyrex\jars\tyrex-1.0.1.jar;C:\Users\Julia\.ivy2\cache\com.typesafe.play\play-java-jpa_2.11\jars\play-java-jpa_2.11-2.3.8.jar;C:\Users\Julia\.ivy2\cache\org.hibernate.javax.persistence\hibernate-jpa-2.0-api\jars\hibernate-jpa-2.0-api-1.0.1.Final.jar;C:\Users\Julia\.ivy2\cache\org.hibernate\hibernate-entitymanager\jars\hibernate-entitymanager-4.3.1.Final.jar;C:\Users\Julia\.ivy2\cache\org.jboss.logging\jboss-logging-annotations\jars\jboss-logging-annotations-1.2.0.Beta1.jar;C:\Users\Julia\.ivy2\cache\org.hibernate\hibernate-core\jars\hibernate-core-4.3.1.Final.jar;C:\Users\Julia\.ivy2\cache\org.jboss.spec.javax.transaction\jboss-transaction-api_1.2_spec\jars\jboss-transaction-api_1.2_spec-1.0.0.Final.jar;C:\Users\Julia\.ivy2\cache\org.hibernate.common\hibernate-commons-annotations\jars\hibernate-commons-annotations-4.0.4.Final.jar;C:\Users\Julia\.ivy2\cache\org.hibernate.javax.persistence\hibernate-jpa-2.1-api\jars\hibernate-jpa-2.1-api-1.0.0.Final.jar;C:\Users\Julia\.ivy2\cache\antlr\antlr\jars\antlr-2.7.7.jar;C:\Users\Julia\.ivy2\cache\org.jboss\jandex\jars\jandex-1.1.0.Final.jar;C:\Users\Julia\.ivy2\cache\com.google.code.gson\gson\jars\gson-2.2.jar;C:\Users\Julia\.ivy2\cache\com.typesafe.play\play-cache_2.11\jars\play-cache_2.11-2.3.8.jar;C:\Users\Julia\.ivy2\cache\net.sf.ehcache\ehcache-core\jars\ehcache-core-2.6.8.jar
Scala compilation took 2.043439214 s
New invalidations:
	Set()
Initial set of included nodes: Set()
Previously invalidated, but (transitively) depend on new invalidations:
	Set()
All newly invalidated sources after taking into account (previously) recompiled sources:Set()
Total time: 5 s, completed 10.05.2015 17:04:12
> server-post-command-cleanup
> server-handle-next-server-request
> compile
Evaluating tasks: compile:compile
Running task... Cancel: sbt.server.ServerTaskCancellation@48533f5, check cycles: false

Initial source changes: 
	removed:Set()
	added: Set()
	modified: Set(C:\GR60\we-lab-group60\target\scala-2.11\src_managed\main\controllers\routes.java, C:\GR60\we-lab-group60\target\scala-2.11\src_managed\main\routes_reverseRouting.scala, C:\GR60\we-lab-group60\target\scala-2.11\src_managed\main\routes_routing.scala)
Removed products: Set()
External API changes: API Changes: Set()
Modified binary dependencies: Set()
Initial directly invalidated sources: Set(C:\GR60\we-lab-group60\target\scala-2.11\src_managed\main\controllers\routes.java, C:\GR60\we-lab-group60\target\scala-2.11\src_managed\main\routes_reverseRouting.scala, C:\GR60\we-lab-group60\target\scala-2.11\src_managed\main\routes_routing.scala)

Sources indirectly invalidated by:
	product: Set()
	binary dep: Set()
	external source: Set()
All initially invalidated sources: Set(C:\GR60\we-lab-group60\target\scala-2.11\src_managed\main\controllers\routes.java, C:\GR60\we-lab-group60\target\scala-2.11\src_managed\main\routes_reverseRouting.scala, C:\GR60\we-lab-group60\target\scala-2.11\src_managed\main\routes_routing.scala)

Read from stdout: Compiling 2 Scala sources and 1 Java source to C:\GR60\we-lab-group60\target\scala-2.11\classes...
Compiling 2 Scala sources and 1 Java source to C:\GR60\we-lab-group60\target\scala-2.11\classes...
Getting compiler-interface from component compiler for Scala 2.11.1
Other repositories:
Default repositories:
Getting compiler-interface from component compiler for Scala 2.11.1
Other repositories:
Default repositories:
Running cached compiler 4ed21772, interfacing (CompilerInterface) with Scala compiler version 2.11.1
Calling Scala compiler with arguments  (CompilerInterface):
	-deprecation
	-unchecked
	-encoding
	utf8
	-bootclasspath
	C:\Program Files\Java\jdk1.8.0_40\jre\lib\resources.jar;C:\Program Files\Java\jdk1.8.0_40\jre\lib\rt.jar;C:\Program Files\Java\jdk1.8.0_40\jre\lib\sunrsasign.jar;C:\Program Files\Java\jdk1.8.0_40\jre\lib\jsse.jar;C:\Program Files\Java\jdk1.8.0_40\jre\lib\jce.jar;C:\Program Files\Java\jdk1.8.0_40\jre\lib\charsets.jar;C:\Program Files\Java\jdk1.8.0_40\jre\lib\jfr.jar;C:\Program Files\Java\jdk1.8.0_40\jre\classes;C:\Users\Julia\.ivy2\cache\org.scala-lang\scala-library\jars\scala-library-2.11.1.jar
	-classpath
	C:\GR60\we-lab-group60\target\scala-2.11\classes;C:\GR60\we-lab-group60\lib\jeopardy.jar;C:\Users\Julia\.ivy2\cache\com.typesafe.play\twirl-api_2.11\jars\twirl-api_2.11-1.0.2.jar;C:\Users\Julia\.ivy2\cache\org.apache.commons\commons-lang3\jars\commons-lang3-3.1.jar;C:\Users\Julia\.ivy2\cache\org.scala-lang.modules\scala-xml_2.11\bundles\scala-xml_2.11-1.0.1.jar;C:\Users\Julia\.ivy2\cache\com.typesafe.play\play_2.11\jars\play_2.11-2.3.8.jar;C:\Users\Julia\.ivy2\cache\com.typesafe.play\build-link\jars\build-link-2.3.8.jar;C:\Users\Julia\.ivy2\cache\com.typesafe.play\play-exceptions\jars\play-exceptions-2.3.8.jar;C:\Users\Julia\.ivy2\cache\com.typesafe.play\play-iteratees_2.11\jars\play-iteratees_2.11-2.3.8.jar;C:\Users\Julia\.ivy2\cache\org.scala-stm\scala-stm_2.11\jars\scala-stm_2.11-0.7.jar;C:\Users\Julia\.ivy2\cache\com.typesafe\config\bundles\config-1.2.1.jar;C:\Users\Julia\.ivy2\cache\com.typesafe.play\play-json_2.11\jars\play-json_2.11-2.3.8.jar;C:\Users\Julia\.ivy2\cache\com.typesafe.play\play-functional_2.11\jars\play-functional_2.11-2.3.8.jar;C:\Users\Julia\.ivy2\cache\com.typesafe.play\play-datacommons_2.11\jars\play-datacommons_2.11-2.3.8.jar;C:\Users\Julia\.ivy2\cache\joda-time\joda-time\jars\joda-time-2.3.jar;C:\Users\Julia\.ivy2\cache\org.joda\joda-convert\jars\joda-convert-1.6.jar;C:\Users\Julia\.ivy2\cache\com.fasterxml.jackson.core\jackson-annotations\bundles\jackson-annotations-2.3.2.jar;C:\Users\Julia\.ivy2\cache\com.fasterxml.jackson.core\jackson-core\bundles\jackson-core-2.3.2.jar;C:\Users\Julia\.ivy2\cache\com.fasterxml.jackson.core\jackson-databind\bundles\jackson-databind-2.3.2.jar;C:\Users\Julia\.ivy2\cache\org.scala-lang\scala-reflect\jars\scala-reflect-2.11.1.jar;C:\Users\Julia\.ivy2\cache\org.scala-lang.modules\scala-parser-combinators_2.11\bundles\scala-parser-combinators_2.11-1.0.1.jar;C:\Users\Julia\.ivy2\cache\io.netty\netty\bundles\netty-3.9.3.Final.jar;C:\Users\Julia\.ivy2\cache\com.typesafe.netty\netty-http-pipelining\jars\netty-http-pipelining-1.1.2.jar;C:\Users\Julia\.ivy2\cache\org.slf4j\slf4j-api\jars\slf4j-api-1.7.6.jar;C:\Users\Julia\.ivy2\cache\org.slf4j\jul-to-slf4j\jars\jul-to-slf4j-1.7.6.jar;C:\Users\Julia\.ivy2\cache\org.slf4j\jcl-over-slf4j\jars\jcl-over-slf4j-1.7.6.jar;C:\Users\Julia\.ivy2\cache\ch.qos.logback\logback-core\jars\logback-core-1.1.1.jar;C:\Users\Julia\.ivy2\cache\ch.qos.logback\logback-classic\jars\logback-classic-1.1.1.jar;C:\Users\Julia\.ivy2\cache\com.typesafe.akka\akka-actor_2.11\jars\akka-actor_2.11-2.3.4.jar;C:\Users\Julia\.ivy2\cache\com.typesafe.akka\akka-slf4j_2.11\jars\akka-slf4j_2.11-2.3.4.jar;C:\Users\Julia\.ivy2\cache\commons-codec\commons-codec\jars\commons-codec-1.9.jar;C:\Users\Julia\.ivy2\cache\xerces\xercesImpl\jars\xercesImpl-2.11.0.jar;C:\Users\Julia\.ivy2\cache\xml-apis\xml-apis\jars\xml-apis-1.4.01.jar;C:\Users\Julia\.ivy2\cache\javax.transaction\jta\jars\jta-1.1.jar;C:\Users\Julia\.ivy2\cache\com.typesafe.play\play-java_2.11\jars\play-java_2.11-2.3.8.jar;C:\Users\Julia\.ivy2\cache\org.yaml\snakeyaml\bundles\snakeyaml-1.13.jar;C:\Users\Julia\.ivy2\cache\org.hibernate\hibernate-validator\jars\hibernate-validator-5.0.3.Final.jar;C:\Users\Julia\.ivy2\cache\javax.validation\validation-api\jars\validation-api-1.1.0.Final.jar;C:\Users\Julia\.ivy2\cache\com.fasterxml\classmate\bundles\classmate-1.0.0.jar;C:\Users\Julia\.ivy2\cache\org.jboss.logging\jboss-logging\jars\jboss-logging-3.2.0.Final.jar;C:\Users\Julia\.ivy2\cache\org.springframework\spring-context\jars\spring-context-4.0.3.RELEASE.jar;C:\Users\Julia\.ivy2\cache\org.springframework\spring-core\jars\spring-core-4.0.3.RELEASE.jar;C:\Users\Julia\.ivy2\cache\org.springframework\spring-beans\jars\spring-beans-4.0.3.RELEASE.jar;C:\Users\Julia\.ivy2\cache\org.javassist\javassist\bundles\javassist-3.19.0-GA.jar;C:\Users\Julia\.ivy2\cache\org.reflections\reflections\jars\reflections-0.9.8.jar;C:\Users\Julia\.ivy2\cache\com.google.guava\guava\bundles\guava-16.0.1.jar;C:\Users\Julia\.ivy2\cache\dom4j\dom4j\jars\dom4j-1.6.1.jar;C:\Users\Julia\.ivy2\cache\com.google.code.findbugs\jsr305\jars\jsr305-2.0.3.jar;C:\Users\Julia\.ivy2\cache\org.apache.tomcat\tomcat-servlet-api\jars\tomcat-servlet-api-8.0.5.jar;C:\Users\Julia\.ivy2\cache\com.typesafe.play\play-java-jdbc_2.11\jars\play-java-jdbc_2.11-2.3.8.jar;C:\Users\Julia\.ivy2\cache\com.typesafe.play\play-jdbc_2.11\jars\play-jdbc_2.11-2.3.8.jar;C:\Users\Julia\.ivy2\cache\com.jolbox\bonecp\bundles\bonecp-0.8.0.RELEASE.jar;C:\Users\Julia\.ivy2\cache\com.h2database\h2\jars\h2-1.3.175.jar;C:\Users\Julia\.ivy2\cache\tyrex\tyrex\jars\tyrex-1.0.1.jar;C:\Users\Julia\.ivy2\cache\com.typesafe.play\play-java-jpa_2.11\jars\play-java-jpa_2.11-2.3.8.jar;C:\Users\Julia\.ivy2\cache\org.hibernate.javax.persistence\hibernate-jpa-2.0-api\jars\hibernate-jpa-2.0-api-1.0.1.Final.jar;C:\Users\Julia\.ivy2\cache\org.hibernate\hibernate-entitymanager\jars\hibernate-entitymanager-4.3.1.Final.jar;C:\Users\Julia\.ivy2\cache\org.jboss.logging\jboss-logging-annotations\jars\jboss-logging-annotations-1.2.0.Beta1.jar;C:\Users\Julia\.ivy2\cache\org.hibernate\hibernate-core\jars\hibernate-core-4.3.1.Final.jar;C:\Users\Julia\.ivy2\cache\org.jboss.spec.javax.transaction\jboss-transaction-api_1.2_spec\jars\jboss-transaction-api_1.2_spec-1.0.0.Final.jar;C:\Users\Julia\.ivy2\cache\org.hibernate.common\hibernate-commons-annotations\jars\hibernate-commons-annotations-4.0.4.Final.jar;C:\Users\Julia\.ivy2\cache\org.hibernate.javax.persistence\hibernate-jpa-2.1-api\jars\hibernate-jpa-2.1-api-1.0.0.Final.jar;C:\Users\Julia\.ivy2\cache\antlr\antlr\jars\antlr-2.7.7.jar;C:\Users\Julia\.ivy2\cache\org.jboss\jandex\jars\jandex-1.1.0.Final.jar;C:\Users\Julia\.ivy2\cache\com.google.code.gson\gson\jars\gson-2.2.jar;C:\Users\Julia\.ivy2\cache\com.typesafe.play\play-cache_2.11\jars\play-cache_2.11-2.3.8.jar;C:\Users\Julia\.ivy2\cache\net.sf.ehcache\ehcache-core\jars\ehcache-core-2.6.8.jar
Scala compilation took 2.971605595 s
Attempting to call com.sun.tools.javac.api.JavacTool@5c7c3a5f directly...
Java compilation took 0.498773921 s
Java analysis took 0.026377169 s
Java compile + analysis took 0.53934316 s
New invalidations:
	Set()
Initial set of included nodes: Set()
Previously invalidated, but (transitively) depend on new invalidations:
	Set()
All newly invalidated sources after taking into account (previously) recompiled sources:Set()
Total time: 4 s, completed 10.05.2015 17:04:44
> server-post-command-cleanup
> server-handle-next-server-request
> {file:/C:/GR60/we-lab-group60/}root/*:playForkReload
Evaluating tasks: *:playForkReload
Running task... Cancel: sbt.server.ServerTaskCancellation@5086c973, check cycles: false

Initial source changes: 
	removed:Set()
	added: Set()
	modified: Set()
Removed products: Set()
External API changes: API Changes: Set()
Modified binary dependencies: Set()
Initial directly invalidated sources: Set()

Sources indirectly invalidated by:
	product: Set()
	binary dep: Set()
	external source: Set()
All initially invalidated sources: Set()

Copy resource mappings: 
	(C:\GR60\we-lab-group60\conf\application.conf,C:\GR60\we-lab-group60\target\scala-2.11\classes\application.conf)
	(C:\GR60\we-lab-group60\conf\data.de.json,C:\GR60\we-lab-group60\target\scala-2.11\classes\data.de.json)
	(C:\GR60\we-lab-group60\conf\data.en.json,C:\GR60\we-lab-group60\target\scala-2.11\classes\data.en.json)
	(C:\GR60\we-lab-group60\conf\messages.de,C:\GR60\we-lab-group60\target\scala-2.11\classes\messages.de)
	(C:\GR60\we-lab-group60\conf\messages.en,C:\GR60\we-lab-group60\target\scala-2.11\classes\messages.en)
	(C:\GR60\we-lab-group60\conf\META-INF,C:\GR60\we-lab-group60\target\scala-2.11\classes\META-INF)
	(C:\GR60\we-lab-group60\conf\routes,C:\GR60\we-lab-group60\target\scala-2.11\classes\routes)
	(C:\GR60\we-lab-group60\conf\META-INF\persistence.xml,C:\GR60\we-lab-group60\target\scala-2.11\classes\META-INF\persistence.xml)
Total time: 1 s, completed 10.05.2015 17:04:50
> server-post-command-cleanup
> server-handle-next-server-request
> {file:/C:/GR60/we-lab-group60/}root/*:playForkReload
Evaluating tasks: *:playForkReload
Running task... Cancel: sbt.server.ServerTaskCancellation@496ea72e, check cycles: false

Initial source changes: 
	removed:Set()
	added: Set()
	modified: Set(C:\GR60\we-lab-group60\target\scala-2.11\twirl\main\views\html\winner.template.scala)
Removed products: Set()
External API changes: API Changes: Set()
Modified binary dependencies: Set()
Initial directly invalidated sources: Set(C:\GR60\we-lab-group60\target\scala-2.11\twirl\main\views\html\winner.template.scala)

Sources indirectly invalidated by:
	product: Set()
	binary dep: Set()
	external source: Set()
All initially invalidated sources: Set(C:\GR60\we-lab-group60\target\scala-2.11\twirl\main\views\html\winner.template.scala)

Read from stdout: Compiling 1 Scala source to C:\GR60\we-lab-group60\target\scala-2.11\classes...
Compiling 1 Scala source to C:\GR60\we-lab-group60\target\scala-2.11\classes...
Getting compiler-interface from component compiler for Scala 2.11.1
Other repositories:
Default repositories:
Getting compiler-interface from component compiler for Scala 2.11.1
Other repositories:
Default repositories:
Running cached compiler 59c2e3e3, interfacing (CompilerInterface) with Scala compiler version 2.11.1
Calling Scala compiler with arguments  (CompilerInterface):
	-deprecation
	-unchecked
	-encoding
	utf8
	-bootclasspath
	C:\Program Files\Java\jdk1.8.0_40\jre\lib\resources.jar;C:\Program Files\Java\jdk1.8.0_40\jre\lib\rt.jar;C:\Program Files\Java\jdk1.8.0_40\jre\lib\sunrsasign.jar;C:\Program Files\Java\jdk1.8.0_40\jre\lib\jsse.jar;C:\Program Files\Java\jdk1.8.0_40\jre\lib\jce.jar;C:\Program Files\Java\jdk1.8.0_40\jre\lib\charsets.jar;C:\Program Files\Java\jdk1.8.0_40\jre\lib\jfr.jar;C:\Program Files\Java\jdk1.8.0_40\jre\classes;C:\Users\Julia\.ivy2\cache\org.scala-lang\scala-library\jars\scala-library-2.11.1.jar
	-classpath
	C:\GR60\we-lab-group60\target\scala-2.11\classes;C:\GR60\we-lab-group60\lib\jeopardy.jar;C:\Users\Julia\.ivy2\cache\com.typesafe.play\twirl-api_2.11\jars\twirl-api_2.11-1.0.2.jar;C:\Users\Julia\.ivy2\cache\org.apache.commons\commons-lang3\jars\commons-lang3-3.1.jar;C:\Users\Julia\.ivy2\cache\org.scala-lang.modules\scala-xml_2.11\bundles\scala-xml_2.11-1.0.1.jar;C:\Users\Julia\.ivy2\cache\com.typesafe.play\play_2.11\jars\play_2.11-2.3.8.jar;C:\Users\Julia\.ivy2\cache\com.typesafe.play\build-link\jars\build-link-2.3.8.jar;C:\Users\Julia\.ivy2\cache\com.typesafe.play\play-exceptions\jars\play-exceptions-2.3.8.jar;C:\Users\Julia\.ivy2\cache\com.typesafe.play\play-iteratees_2.11\jars\play-iteratees_2.11-2.3.8.jar;C:\Users\Julia\.ivy2\cache\org.scala-stm\scala-stm_2.11\jars\scala-stm_2.11-0.7.jar;C:\Users\Julia\.ivy2\cache\com.typesafe\config\bundles\config-1.2.1.jar;C:\Users\Julia\.ivy2\cache\com.typesafe.play\play-json_2.11\jars\play-json_2.11-2.3.8.jar;C:\Users\Julia\.ivy2\cache\com.typesafe.play\play-functional_2.11\jars\play-functional_2.11-2.3.8.jar;C:\Users\Julia\.ivy2\cache\com.typesafe.play\play-datacommons_2.11\jars\play-datacommons_2.11-2.3.8.jar;C:\Users\Julia\.ivy2\cache\joda-time\joda-time\jars\joda-time-2.3.jar;C:\Users\Julia\.ivy2\cache\org.joda\joda-convert\jars\joda-convert-1.6.jar;C:\Users\Julia\.ivy2\cache\com.fasterxml.jackson.core\jackson-annotations\bundles\jackson-annotations-2.3.2.jar;C:\Users\Julia\.ivy2\cache\com.fasterxml.jackson.core\jackson-core\bundles\jackson-core-2.3.2.jar;C:\Users\Julia\.ivy2\cache\com.fasterxml.jackson.core\jackson-databind\bundles\jackson-databind-2.3.2.jar;C:\Users\Julia\.ivy2\cache\org.scala-lang\scala-reflect\jars\scala-reflect-2.11.1.jar;C:\Users\Julia\.ivy2\cache\org.scala-lang.modules\scala-parser-combinators_2.11\bundles\scala-parser-combinators_2.11-1.0.1.jar;C:\Users\Julia\.ivy2\cache\io.netty\netty\bundles\netty-3.9.3.Final.jar;C:\Users\Julia\.ivy2\cache\com.typesafe.netty\netty-http-pipelining\jars\netty-http-pipelining-1.1.2.jar;C:\Users\Julia\.ivy2\cache\org.slf4j\slf4j-api\jars\slf4j-api-1.7.6.jar;C:\Users\Julia\.ivy2\cache\org.slf4j\jul-to-slf4j\jars\jul-to-slf4j-1.7.6.jar;C:\Users\Julia\.ivy2\cache\org.slf4j\jcl-over-slf4j\jars\jcl-over-slf4j-1.7.6.jar;C:\Users\Julia\.ivy2\cache\ch.qos.logback\logback-core\jars\logback-core-1.1.1.jar;C:\Users\Julia\.ivy2\cache\ch.qos.logback\logback-classic\jars\logback-classic-1.1.1.jar;C:\Users\Julia\.ivy2\cache\com.typesafe.akka\akka-actor_2.11\jars\akka-actor_2.11-2.3.4.jar;C:\Users\Julia\.ivy2\cache\com.typesafe.akka\akka-slf4j_2.11\jars\akka-slf4j_2.11-2.3.4.jar;C:\Users\Julia\.ivy2\cache\commons-codec\commons-codec\jars\commons-codec-1.9.jar;C:\Users\Julia\.ivy2\cache\xerces\xercesImpl\jars\xercesImpl-2.11.0.jar;C:\Users\Julia\.ivy2\cache\xml-apis\xml-apis\jars\xml-apis-1.4.01.jar;C:\Users\Julia\.ivy2\cache\javax.transaction\jta\jars\jta-1.1.jar;C:\Users\Julia\.ivy2\cache\com.typesafe.play\play-java_2.11\jars\play-java_2.11-2.3.8.jar;C:\Users\Julia\.ivy2\cache\org.yaml\snakeyaml\bundles\snakeyaml-1.13.jar;C:\Users\Julia\.ivy2\cache\org.hibernate\hibernate-validator\jars\hibernate-validator-5.0.3.Final.jar;C:\Users\Julia\.ivy2\cache\javax.validation\validation-api\jars\validation-api-1.1.0.Final.jar;C:\Users\Julia\.ivy2\cache\com.fasterxml\classmate\bundles\classmate-1.0.0.jar;C:\Users\Julia\.ivy2\cache\org.jboss.logging\jboss-logging\jars\jboss-logging-3.2.0.Final.jar;C:\Users\Julia\.ivy2\cache\org.springframework\spring-context\jars\spring-context-4.0.3.RELEASE.jar;C:\Users\Julia\.ivy2\cache\org.springframework\spring-core\jars\spring-core-4.0.3.RELEASE.jar;C:\Users\Julia\.ivy2\cache\org.springframework\spring-beans\jars\spring-beans-4.0.3.RELEASE.jar;C:\Users\Julia\.ivy2\cache\org.javassist\javassist\bundles\javassist-3.19.0-GA.jar;C:\Users\Julia\.ivy2\cache\org.reflections\reflections\jars\reflections-0.9.8.jar;C:\Users\Julia\.ivy2\cache\com.google.guava\guava\bundles\guava-16.0.1.jar;C:\Users\Julia\.ivy2\cache\dom4j\dom4j\jars\dom4j-1.6.1.jar;C:\Users\Julia\.ivy2\cache\com.google.code.findbugs\jsr305\jars\jsr305-2.0.3.jar;C:\Users\Julia\.ivy2\cache\org.apache.tomcat\tomcat-servlet-api\jars\tomcat-servlet-api-8.0.5.jar;C:\Users\Julia\.ivy2\cache\com.typesafe.play\play-java-jdbc_2.11\jars\play-java-jdbc_2.11-2.3.8.jar;C:\Users\Julia\.ivy2\cache\com.typesafe.play\play-jdbc_2.11\jars\play-jdbc_2.11-2.3.8.jar;C:\Users\Julia\.ivy2\cache\com.jolbox\bonecp\bundles\bonecp-0.8.0.RELEASE.jar;C:\Users\Julia\.ivy2\cache\com.h2database\h2\jars\h2-1.3.175.jar;C:\Users\Julia\.ivy2\cache\tyrex\tyrex\jars\tyrex-1.0.1.jar;C:\Users\Julia\.ivy2\cache\com.typesafe.play\play-java-jpa_2.11\jars\play-java-jpa_2.11-2.3.8.jar;C:\Users\Julia\.ivy2\cache\org.hibernate.javax.persistence\hibernate-jpa-2.0-api\jars\hibernate-jpa-2.0-api-1.0.1.Final.jar;C:\Users\Julia\.ivy2\cache\org.hibernate\hibernate-entitymanager\jars\hibernate-entitymanager-4.3.1.Final.jar;C:\Users\Julia\.ivy2\cache\org.jboss.logging\jboss-logging-annotations\jars\jboss-logging-annotations-1.2.0.Beta1.jar;C:\Users\Julia\.ivy2\cache\org.hibernate\hibernate-core\jars\hibernate-core-4.3.1.Final.jar;C:\Users\Julia\.ivy2\cache\org.jboss.spec.javax.transaction\jboss-transaction-api_1.2_spec\jars\jboss-transaction-api_1.2_spec-1.0.0.Final.jar;C:\Users\Julia\.ivy2\cache\org.hibernate.common\hibernate-commons-annotations\jars\hibernate-commons-annotations-4.0.4.Final.jar;C:\Users\Julia\.ivy2\cache\org.hibernate.javax.persistence\hibernate-jpa-2.1-api\jars\hibernate-jpa-2.1-api-1.0.0.Final.jar;C:\Users\Julia\.ivy2\cache\antlr\antlr\jars\antlr-2.7.7.jar;C:\Users\Julia\.ivy2\cache\org.jboss\jandex\jars\jandex-1.1.0.Final.jar;C:\Users\Julia\.ivy2\cache\com.google.code.gson\gson\jars\gson-2.2.jar;C:\Users\Julia\.ivy2\cache\com.typesafe.play\play-cache_2.11\jars\play-cache_2.11-2.3.8.jar;C:\Users\Julia\.ivy2\cache\net.sf.ehcache\ehcache-core\jars\ehcache-core-2.6.8.jar
Scala compilation took 0.8694232 s
New invalidations:
	Set()
Initial set of included nodes: Set()
Previously invalidated, but (transitively) depend on new invalidations:
	Set()
All newly invalidated sources after taking into account (previously) recompiled sources:Set()
Copy resource mappings: 
	(C:\GR60\we-lab-group60\conf\application.conf,C:\GR60\we-lab-group60\target\scala-2.11\classes\application.conf)
	(C:\GR60\we-lab-group60\conf\data.de.json,C:\GR60\we-lab-group60\target\scala-2.11\classes\data.de.json)
	(C:\GR60\we-lab-group60\conf\data.en.json,C:\GR60\we-lab-group60\target\scala-2.11\classes\data.en.json)
	(C:\GR60\we-lab-group60\conf\messages.de,C:\GR60\we-lab-group60\target\scala-2.11\classes\messages.de)
	(C:\GR60\we-lab-group60\conf\messages.en,C:\GR60\we-lab-group60\target\scala-2.11\classes\messages.en)
	(C:\GR60\we-lab-group60\conf\META-INF,C:\GR60\we-lab-group60\target\scala-2.11\classes\META-INF)
	(C:\GR60\we-lab-group60\conf\routes,C:\GR60\we-lab-group60\target\scala-2.11\classes\routes)
	(C:\GR60\we-lab-group60\conf\META-INF\persistence.xml,C:\GR60\we-lab-group60\target\scala-2.11\classes\META-INF\persistence.xml)
Total time: 1 s, completed 10.05.2015 17:06:23
> server-post-command-cleanup
> server-handle-next-server-request
> {file:/C:/GR60/we-lab-group60/}root/*:playForkReload
Evaluating tasks: *:playForkReload
Running task... Cancel: sbt.server.ServerTaskCancellation@2c265a99, check cycles: false

Initial source changes: 
	removed:Set()
	added: Set()
	modified: Set(C:\GR60\we-lab-group60\target\scala-2.11\src_managed\main\controllers\routes.java, C:\GR60\we-lab-group60\target\scala-2.11\src_managed\main\routes_reverseRouting.scala, C:\GR60\we-lab-group60\target\scala-2.11\twirl\main\views\html\winner.template.scala, C:\GR60\we-lab-group60\target\scala-2.11\src_managed\main\routes_routing.scala)
Removed products: Set()
External API changes: API Changes: Set()
Modified binary dependencies: Set()
Initial directly invalidated sources: Set(C:\GR60\we-lab-group60\target\scala-2.11\src_managed\main\controllers\routes.java, C:\GR60\we-lab-group60\target\scala-2.11\src_managed\main\routes_reverseRouting.scala, C:\GR60\we-lab-group60\target\scala-2.11\twirl\main\views\html\winner.template.scala, C:\GR60\we-lab-group60\target\scala-2.11\src_managed\main\routes_routing.scala)

Sources indirectly invalidated by:
	product: Set()
	binary dep: Set()
	external source: Set()
All initially invalidated sources: Set(C:\GR60\we-lab-group60\target\scala-2.11\src_managed\main\controllers\routes.java, C:\GR60\we-lab-group60\target\scala-2.11\src_managed\main\routes_reverseRouting.scala, C:\GR60\we-lab-group60\target\scala-2.11\twirl\main\views\html\winner.template.scala, C:\GR60\we-lab-group60\target\scala-2.11\src_managed\main\routes_routing.scala)

Read from stdout: Compiling 3 Scala sources and 1 Java source to C:\GR60\we-lab-group60\target\scala-2.11\classes...
Compiling 3 Scala sources and 1 Java source to C:\GR60\we-lab-group60\target\scala-2.11\classes...
Getting compiler-interface from component compiler for Scala 2.11.1
Other repositories:
Default repositories:
Getting compiler-interface from component compiler for Scala 2.11.1
Other repositories:
Default repositories:
Running cached compiler 52e89c30, interfacing (CompilerInterface) with Scala compiler version 2.11.1
Calling Scala compiler with arguments  (CompilerInterface):
	-deprecation
	-unchecked
	-encoding
	utf8
	-bootclasspath
	C:\Program Files\Java\jdk1.8.0_40\jre\lib\resources.jar;C:\Program Files\Java\jdk1.8.0_40\jre\lib\rt.jar;C:\Program Files\Java\jdk1.8.0_40\jre\lib\sunrsasign.jar;C:\Program Files\Java\jdk1.8.0_40\jre\lib\jsse.jar;C:\Program Files\Java\jdk1.8.0_40\jre\lib\jce.jar;C:\Program Files\Java\jdk1.8.0_40\jre\lib\charsets.jar;C:\Program Files\Java\jdk1.8.0_40\jre\lib\jfr.jar;C:\Program Files\Java\jdk1.8.0_40\jre\classes;C:\Users\Julia\.ivy2\cache\org.scala-lang\scala-library\jars\scala-library-2.11.1.jar
	-classpath
	C:\GR60\we-lab-group60\target\scala-2.11\classes;C:\GR60\we-lab-group60\lib\jeopardy.jar;C:\Users\Julia\.ivy2\cache\com.typesafe.play\twirl-api_2.11\jars\twirl-api_2.11-1.0.2.jar;C:\Users\Julia\.ivy2\cache\org.apache.commons\commons-lang3\jars\commons-lang3-3.1.jar;C:\Users\Julia\.ivy2\cache\org.scala-lang.modules\scala-xml_2.11\bundles\scala-xml_2.11-1.0.1.jar;C:\Users\Julia\.ivy2\cache\com.typesafe.play\play_2.11\jars\play_2.11-2.3.8.jar;C:\Users\Julia\.ivy2\cache\com.typesafe.play\build-link\jars\build-link-2.3.8.jar;C:\Users\Julia\.ivy2\cache\com.typesafe.play\play-exceptions\jars\play-exceptions-2.3.8.jar;C:\Users\Julia\.ivy2\cache\com.typesafe.play\play-iteratees_2.11\jars\play-iteratees_2.11-2.3.8.jar;C:\Users\Julia\.ivy2\cache\org.scala-stm\scala-stm_2.11\jars\scala-stm_2.11-0.7.jar;C:\Users\Julia\.ivy2\cache\com.typesafe\config\bundles\config-1.2.1.jar;C:\Users\Julia\.ivy2\cache\com.typesafe.play\play-json_2.11\jars\play-json_2.11-2.3.8.jar;C:\Users\Julia\.ivy2\cache\com.typesafe.play\play-functional_2.11\jars\play-functional_2.11-2.3.8.jar;C:\Users\Julia\.ivy2\cache\com.typesafe.play\play-datacommons_2.11\jars\play-datacommons_2.11-2.3.8.jar;C:\Users\Julia\.ivy2\cache\joda-time\joda-time\jars\joda-time-2.3.jar;C:\Users\Julia\.ivy2\cache\org.joda\joda-convert\jars\joda-convert-1.6.jar;C:\Users\Julia\.ivy2\cache\com.fasterxml.jackson.core\jackson-annotations\bundles\jackson-annotations-2.3.2.jar;C:\Users\Julia\.ivy2\cache\com.fasterxml.jackson.core\jackson-core\bundles\jackson-core-2.3.2.jar;C:\Users\Julia\.ivy2\cache\com.fasterxml.jackson.core\jackson-databind\bundles\jackson-databind-2.3.2.jar;C:\Users\Julia\.ivy2\cache\org.scala-lang\scala-reflect\jars\scala-reflect-2.11.1.jar;C:\Users\Julia\.ivy2\cache\org.scala-lang.modules\scala-parser-combinators_2.11\bundles\scala-parser-combinators_2.11-1.0.1.jar;C:\Users\Julia\.ivy2\cache\io.netty\netty\bundles\netty-3.9.3.Final.jar;C:\Users\Julia\.ivy2\cache\com.typesafe.netty\netty-http-pipelining\jars\netty-http-pipelining-1.1.2.jar;C:\Users\Julia\.ivy2\cache\org.slf4j\slf4j-api\jars\slf4j-api-1.7.6.jar;C:\Users\Julia\.ivy2\cache\org.slf4j\jul-to-slf4j\jars\jul-to-slf4j-1.7.6.jar;C:\Users\Julia\.ivy2\cache\org.slf4j\jcl-over-slf4j\jars\jcl-over-slf4j-1.7.6.jar;C:\Users\Julia\.ivy2\cache\ch.qos.logback\logback-core\jars\logback-core-1.1.1.jar;C:\Users\Julia\.ivy2\cache\ch.qos.logback\logback-classic\jars\logback-classic-1.1.1.jar;C:\Users\Julia\.ivy2\cache\com.typesafe.akka\akka-actor_2.11\jars\akka-actor_2.11-2.3.4.jar;C:\Users\Julia\.ivy2\cache\com.typesafe.akka\akka-slf4j_2.11\jars\akka-slf4j_2.11-2.3.4.jar;C:\Users\Julia\.ivy2\cache\commons-codec\commons-codec\jars\commons-codec-1.9.jar;C:\Users\Julia\.ivy2\cache\xerces\xercesImpl\jars\xercesImpl-2.11.0.jar;C:\Users\Julia\.ivy2\cache\xml-apis\xml-apis\jars\xml-apis-1.4.01.jar;C:\Users\Julia\.ivy2\cache\javax.transaction\jta\jars\jta-1.1.jar;C:\Users\Julia\.ivy2\cache\com.typesafe.play\play-java_2.11\jars\play-java_2.11-2.3.8.jar;C:\Users\Julia\.ivy2\cache\org.yaml\snakeyaml\bundles\snakeyaml-1.13.jar;C:\Users\Julia\.ivy2\cache\org.hibernate\hibernate-validator\jars\hibernate-validator-5.0.3.Final.jar;C:\Users\Julia\.ivy2\cache\javax.validation\validation-api\jars\validation-api-1.1.0.Final.jar;C:\Users\Julia\.ivy2\cache\com.fasterxml\classmate\bundles\classmate-1.0.0.jar;C:\Users\Julia\.ivy2\cache\org.jboss.logging\jboss-logging\jars\jboss-logging-3.2.0.Final.jar;C:\Users\Julia\.ivy2\cache\org.springframework\spring-context\jars\spring-context-4.0.3.RELEASE.jar;C:\Users\Julia\.ivy2\cache\org.springframework\spring-core\jars\spring-core-4.0.3.RELEASE.jar;C:\Users\Julia\.ivy2\cache\org.springframework\spring-beans\jars\spring-beans-4.0.3.RELEASE.jar;C:\Users\Julia\.ivy2\cache\org.javassist\javassist\bundles\javassist-3.19.0-GA.jar;C:\Users\Julia\.ivy2\cache\org.reflections\reflections\jars\reflections-0.9.8.jar;C:\Users\Julia\.ivy2\cache\com.google.guava\guava\bundles\guava-16.0.1.jar;C:\Users\Julia\.ivy2\cache\dom4j\dom4j\jars\dom4j-1.6.1.jar;C:\Users\Julia\.ivy2\cache\com.google.code.findbugs\jsr305\jars\jsr305-2.0.3.jar;C:\Users\Julia\.ivy2\cache\org.apache.tomcat\tomcat-servlet-api\jars\tomcat-servlet-api-8.0.5.jar;C:\Users\Julia\.ivy2\cache\com.typesafe.play\play-java-jdbc_2.11\jars\play-java-jdbc_2.11-2.3.8.jar;C:\Users\Julia\.ivy2\cache\com.typesafe.play\play-jdbc_2.11\jars\play-jdbc_2.11-2.3.8.jar;C:\Users\Julia\.ivy2\cache\com.jolbox\bonecp\bundles\bonecp-0.8.0.RELEASE.jar;C:\Users\Julia\.ivy2\cache\com.h2database\h2\jars\h2-1.3.175.jar;C:\Users\Julia\.ivy2\cache\tyrex\tyrex\jars\tyrex-1.0.1.jar;C:\Users\Julia\.ivy2\cache\com.typesafe.play\play-java-jpa_2.11\jars\play-java-jpa_2.11-2.3.8.jar;C:\Users\Julia\.ivy2\cache\org.hibernate.javax.persistence\hibernate-jpa-2.0-api\jars\hibernate-jpa-2.0-api-1.0.1.Final.jar;C:\Users\Julia\.ivy2\cache\org.hibernate\hibernate-entitymanager\jars\hibernate-entitymanager-4.3.1.Final.jar;C:\Users\Julia\.ivy2\cache\org.jboss.logging\jboss-logging-annotations\jars\jboss-logging-annotations-1.2.0.Beta1.jar;C:\Users\Julia\.ivy2\cache\org.hibernate\hibernate-core\jars\hibernate-core-4.3.1.Final.jar;C:\Users\Julia\.ivy2\cache\org.jboss.spec.javax.transaction\jboss-transaction-api_1.2_spec\jars\jboss-transaction-api_1.2_spec-1.0.0.Final.jar;C:\Users\Julia\.ivy2\cache\org.hibernate.common\hibernate-commons-annotations\jars\hibernate-commons-annotations-4.0.4.Final.jar;C:\Users\Julia\.ivy2\cache\org.hibernate.javax.persistence\hibernate-jpa-2.1-api\jars\hibernate-jpa-2.1-api-1.0.0.Final.jar;C:\Users\Julia\.ivy2\cache\antlr\antlr\jars\antlr-2.7.7.jar;C:\Users\Julia\.ivy2\cache\org.jboss\jandex\jars\jandex-1.1.0.Final.jar;C:\Users\Julia\.ivy2\cache\com.google.code.gson\gson\jars\gson-2.2.jar;C:\Users\Julia\.ivy2\cache\com.typesafe.play\play-cache_2.11\jars\play-cache_2.11-2.3.8.jar;C:\Users\Julia\.ivy2\cache\net.sf.ehcache\ehcache-core\jars\ehcache-core-2.6.8.jar
Scala compilation took 1.893436306 s
Attempting to call com.sun.tools.javac.api.JavacTool@49f955ee directly...
Java compilation took 0.22481983 s
Java analysis took 0.030470657 s
Java compile + analysis took 0.268361681 s
New invalidations:
	Set()
Initial set of included nodes: Set()
Previously invalidated, but (transitively) depend on new invalidations:
	Set()
All newly invalidated sources after taking into account (previously) recompiled sources:Set()
Copy resource mappings: 
	(C:\GR60\we-lab-group60\conf\application.conf,C:\GR60\we-lab-group60\target\scala-2.11\classes\application.conf)
	(C:\GR60\we-lab-group60\conf\data.de.json,C:\GR60\we-lab-group60\target\scala-2.11\classes\data.de.json)
	(C:\GR60\we-lab-group60\conf\data.en.json,C:\GR60\we-lab-group60\target\scala-2.11\classes\data.en.json)
	(C:\GR60\we-lab-group60\conf\messages.de,C:\GR60\we-lab-group60\target\scala-2.11\classes\messages.de)
	(C:\GR60\we-lab-group60\conf\messages.en,C:\GR60\we-lab-group60\target\scala-2.11\classes\messages.en)
	(C:\GR60\we-lab-group60\conf\META-INF,C:\GR60\we-lab-group60\target\scala-2.11\classes\META-INF)
	(C:\GR60\we-lab-group60\conf\routes,C:\GR60\we-lab-group60\target\scala-2.11\classes\routes)
	(C:\GR60\we-lab-group60\conf\META-INF\persistence.xml,C:\GR60\we-lab-group60\target\scala-2.11\classes\META-INF\persistence.xml)
Total time: 3 s, completed 10.05.2015 17:10:45
> server-post-command-cleanup
> server-handle-next-server-request
