New log file opened at Fri May 08 20:11:31 CEST 2015 by 8700@Julia
Sending msg to client play-fork-run-cb518cc6-8a12-42b2-b303-b57723dd2a65: DetachedLogEvent(LogMessage(debug,sbt server socket logs are in: C:\GR60\we-lab-group60\.sbtserver\connections\master.log))
Sending msg to client play-fork-run-cb518cc6-8a12-42b2-b303-b57723dd2a65: DetachedLogEvent(LogMessage(debug,sbt client logs are in: C:\GR60\we-lab-group60\.sbtserver\connections\play-fork-run-cb518cc6-8a12-42b2-b303-b57723dd2a65.log))
Sending msg to client play-fork-run-cb518cc6-8a12-42b2-b303-b57723dd2a65: DetachedLogEvent(LogMessage(debug,sbt general server logs are in: C:\GR60\we-lab-group60\.sbtserver\master.log))
Reading next message from client.
Got request: DaemonRequest(true)
Reading next message from client.
Sending msg to client play-fork-run-cb518cc6-8a12-42b2-b303-b57723dd2a65: (3,ReceivedResponse())
Got request: ListenToEvents()
Reading next message from client.
Sending msg to client play-fork-run-cb518cc6-8a12-42b2-b303-b57723dd2a65: BackgroundJobStarted(22,BackgroundJobInfo(2,backgroundRun,AttributeKey[sbt.BackgroundJobHandle]("backgroundRun") in Scope(Build: file:/C:/GR60/we-lab-group60/, , Project: ProjectReference(file:/C:/GR60/we-lab-group60/,root), Config: compile)))
Sending msg to client play-fork-run-cb518cc6-8a12-42b2-b303-b57723dd2a65: BackgroundJobStarted(12,BackgroundJobInfo(1,backgroundRun,AttributeKey[sbt.BackgroundJobHandle]("backgroundRun") in Scope(Build: file:/C:/GR60/we-lab-group60/, , Project: ProjectReference(file:/C:/GR60/we-lab-group60/,root), Config: compile)))
Sending msg to client play-fork-run-cb518cc6-8a12-42b2-b303-b57723dd2a65: (4,ReceivedResponse())
Got request: KeyLookupRequest(root/playForkConfig)
Reading next message from client.
Sending msg to client play-fork-run-cb518cc6-8a12-42b2-b303-b57723dd2a65: (5,KeyLookupResponse(root/playForkConfig,Vector(AttributeKey[play.forkrun.protocol.ForkConfig]("playForkConfig") in Scope(Build: file:/C:/GR60/we-lab-group60/, , Project: ProjectReference(file:/C:/GR60/we-lab-group60/,root)))))
Got request: ListenToValue(AttributeKey[play.forkrun.protocol.ForkConfig]("playForkConfig") in Scope(Build: file:/C:/GR60/we-lab-group60/, , Project: ProjectReference(file:/C:/GR60/we-lab-group60/,root)))
Reading next message from client.
Sending msg to client play-fork-run-cb518cc6-8a12-42b2-b303-b57723dd2a65: (6,ReceivedResponse())
Got request: KeyExecutionRequest(AttributeKey[play.forkrun.protocol.ForkConfig]("playForkConfig") in Scope(Build: file:/C:/GR60/we-lab-group60/, , Project: ProjectReference(file:/C:/GR60/we-lab-group60/,root)))
Reading next message from client.
Sending msg to client play-fork-run-cb518cc6-8a12-42b2-b303-b57723dd2a65: (7,ExecutionRequestReceived(24))
Sending msg to client play-fork-run-cb518cc6-8a12-42b2-b303-b57723dd2a65: ExecutionWaiting(24,{file:/C:/GR60/we-lab-group60/}root/*:playForkConfig,ClientInfo(cb518cc6-8a12-42b2-b303-b57723dd2a65,play-fork-run,Play Fork Run,1,Vector()))
Sending msg to client play-fork-run-cb518cc6-8a12-42b2-b303-b57723dd2a65: ExecutionStarting(24)
Sending msg to client play-fork-run-cb518cc6-8a12-42b2-b303-b57723dd2a65: DetachedLogEvent(LogMessage(debug,> {file:/C:/GR60/we-lab-group60/}root/*:playForkConfig))
Sending msg to client play-fork-run-cb518cc6-8a12-42b2-b303-b57723dd2a65: DetachedLogEvent(LogMessage(debug,Evaluating tasks: *:playForkConfig))
Sending msg to client play-fork-run-cb518cc6-8a12-42b2-b303-b57723dd2a65: DetachedLogEvent(LogMessage(debug,Running task... Cancel: sbt.server.ServerTaskCancellation@7444f7e7, check cycles: false))
Sending msg to client play-fork-run-cb518cc6-8a12-42b2-b303-b57723dd2a65: DetachedLogEvent(LogMessage(debug,cancel strategy start enabled=true lastCommand=Some(LastCommand(CommandExecutionWork(ExecutionId(24),{file:/C:/GR60/we-lab-group60/}root/*:playForkConfig,Set(LiveClient(play-fork-run cb518cc6-8a12-42b2-b303-b57723dd2a65)),sbt.server.WorkCancellationStatus$$anon$1@3384c7f0)))))
Sending msg to client play-fork-run-cb518cc6-8a12-42b2-b303-b57723dd2a65: TaskStarted(24,1910,None)
Sending msg to client play-fork-run-cb518cc6-8a12-42b2-b303-b57723dd2a65: TaskStarted(24,1914,None)
Sending msg to client play-fork-run-cb518cc6-8a12-42b2-b303-b57723dd2a65: TaskStarted(24,1918,Some(AttributeKey[java.lang.String]("updateCacheName") in Scope(Build: file:/C:/GR60/we-lab-group60/, , Project: ProjectReference(file:/C:/GR60/we-lab-group60/,root))))
Sending msg to client play-fork-run-cb518cc6-8a12-42b2-b303-b57723dd2a65: TaskStarted(24,1928,Some(AttributeKey[scala.Option[java.lang.String]]("echoTraceAkkaVersion") in Scope(Build: file:/C:/GR60/we-lab-group60/, , Project: ProjectReference(file:/C:/GR60/we-lab-group60/,root), Config: echo)))
Sending msg to client play-fork-run-cb518cc6-8a12-42b2-b303-b57723dd2a65: TaskStarted(24,1932,Some(AttributeKey[scala.collection.Seq[sbt.Resolver]]("externalResolvers") in Scope(Build: file:/C:/GR60/we-lab-group60/, , Project: ProjectReference(file:/C:/GR60/we-lab-group60/,root))))
Sending msg to client play-fork-run-cb518cc6-8a12-42b2-b303-b57723dd2a65: TaskStarted(24,1933,Some(AttributeKey[scala.Option[scala.collection.Seq[sbt.Resolver]]]("bootResolvers") in Scope(Build: file:/C:/GR60/we-lab-group60/, , Project: ProjectReference(file:/C:/GR60/we-lab-group60/,root))))
Sending msg to client play-fork-run-cb518cc6-8a12-42b2-b303-b57723dd2a65: TaskStarted(24,1939,Some(AttributeKey[scala.collection.Seq[sbt.Credentials]]("credentials") in Scope(Global)))
Sending msg to client play-fork-run-cb518cc6-8a12-42b2-b303-b57723dd2a65: TaskStarted(24,1941,None)
Sending msg to client play-fork-run-cb518cc6-8a12-42b2-b303-b57723dd2a65: TaskStarted(24,1943,None)
Sending msg to client play-fork-run-cb518cc6-8a12-42b2-b303-b57723dd2a65: TaskStarted(24,1944,None)
Sending msg to client play-fork-run-cb518cc6-8a12-42b2-b303-b57723dd2a65: TaskStarted(24,1945,Some(AttributeKey[boolean]("skip") in Scope(Global)))
Sending msg to client play-fork-run-cb518cc6-8a12-42b2-b303-b57723dd2a65: TaskStarted(24,1946,None)
Sending msg to client play-fork-run-cb518cc6-8a12-42b2-b303-b57723dd2a65: TaskStarted(24,1951,Some(AttributeKey[scala.Tuple2[java.lang.String,java.io.File]]("playPrefixAndAssets") in Scope(Build: file:/C:/GR60/we-lab-group60/, , Project: ProjectReference(file:/C:/GR60/we-lab-group60/,root))))
Sending msg to client play-fork-run-cb518cc6-8a12-42b2-b303-b57723dd2a65: TaskStarted(24,1963,None)
Sending msg to client play-fork-run-cb518cc6-8a12-42b2-b303-b57723dd2a65: TaskStarted(24,1965,Some(AttributeKey[scala.collection.Seq[java.lang.String]]("javaOptions") in Scope(Global)))
Sending msg to client play-fork-run-cb518cc6-8a12-42b2-b303-b57723dd2a65: TaskFinished(24,1910,None,true,None)
Sending msg to client play-fork-run-cb518cc6-8a12-42b2-b303-b57723dd2a65: TaskStarted(24,1909,Some(AttributeKey[scala.collection.Seq[java.lang.String]]("playMonitoredFiles") in Scope(Build: file:/C:/GR60/we-lab-group60/, , Project: ProjectReference(file:/C:/GR60/we-lab-group60/,root))))
Sending msg to client play-fork-run-cb518cc6-8a12-42b2-b303-b57723dd2a65: TaskStarted(24,1926,Some(AttributeKey[sbt.BuildStructure]("buildStructure") in Scope(Global)))
Sending msg to client play-fork-run-cb518cc6-8a12-42b2-b303-b57723dd2a65: TaskStarted(24,1947,Some(AttributeKey[java.io.File]("dependencyCacheDirectory") in Scope(Build: file:/C:/GR60/we-lab-group60/, , Project: ProjectReference(file:/C:/GR60/we-lab-group60/,root))))
Sending msg to client play-fork-run-cb518cc6-8a12-42b2-b303-b57723dd2a65: TaskFinished(24,1914,None,true,None)
Sending msg to client play-fork-run-cb518cc6-8a12-42b2-b303-b57723dd2a65: TaskStarted(24,1913,None)
Sending msg to client play-fork-run-cb518cc6-8a12-42b2-b303-b57723dd2a65: TaskStarted(24,1919,None)
Sending msg to client play-fork-run-cb518cc6-8a12-42b2-b303-b57723dd2a65: TaskStarted(24,1936,None)
Sending msg to client play-fork-run-cb518cc6-8a12-42b2-b303-b57723dd2a65: TaskStarted(24,1937,None)
Sending msg to client play-fork-run-cb518cc6-8a12-42b2-b303-b57723dd2a65: TaskStarted(24,1938,None)
Sending msg to client play-fork-run-cb518cc6-8a12-42b2-b303-b57723dd2a65: TaskStarted(24,1956,None)
Sending msg to client play-fork-run-cb518cc6-8a12-42b2-b303-b57723dd2a65: TaskStarted(24,1958,None)
Sending msg to client play-fork-run-cb518cc6-8a12-42b2-b303-b57723dd2a65: TaskStarted(24,1964,None)
Sending msg to client play-fork-run-cb518cc6-8a12-42b2-b303-b57723dd2a65: TaskFinished(24,1918,Some(AttributeKey[java.lang.String]("updateCacheName") in Scope(Build: file:/C:/GR60/we-lab-group60/, , Project: ProjectReference(file:/C:/GR60/we-lab-group60/,root))),true,None)
Sending msg to client play-fork-run-cb518cc6-8a12-42b2-b303-b57723dd2a65: TaskFinished(24,1928,Some(AttributeKey[scala.Option[java.lang.String]]("echoTraceAkkaVersion") in Scope(Build: file:/C:/GR60/we-lab-group60/, , Project: ProjectReference(file:/C:/GR60/we-lab-group60/,root), Config: echo)),true,None)
Sending msg to client play-fork-run-cb518cc6-8a12-42b2-b303-b57723dd2a65: TaskStarted(24,1927,Some(AttributeKey[scala.collection.Seq[sbt.ModuleID]]("echoTraceDependencies") in Scope(Build: file:/C:/GR60/we-lab-group60/, , Project: ProjectReference(file:/C:/GR60/we-lab-group60/,root), Config: echo)))
Sending msg to client play-fork-run-cb518cc6-8a12-42b2-b303-b57723dd2a65: TaskFinished(24,1932,Some(AttributeKey[scala.collection.Seq[sbt.Resolver]]("externalResolvers") in Scope(Build: file:/C:/GR60/we-lab-group60/, , Project: ProjectReference(file:/C:/GR60/we-lab-group60/,root))),true,None)
Sending msg to client play-fork-run-cb518cc6-8a12-42b2-b303-b57723dd2a65: TaskFinished(24,1933,Some(AttributeKey[scala.Option[scala.collection.Seq[sbt.Resolver]]]("bootResolvers") in Scope(Build: file:/C:/GR60/we-lab-group60/, , Project: ProjectReference(file:/C:/GR60/we-lab-group60/,root))),true,None)
Sending msg to client play-fork-run-cb518cc6-8a12-42b2-b303-b57723dd2a65: TaskFinished(24,1939,Some(AttributeKey[scala.collection.Seq[sbt.Credentials]]("credentials") in Scope(Global)),true,None)
Sending msg to client play-fork-run-cb518cc6-8a12-42b2-b303-b57723dd2a65: TaskFinished(24,1945,Some(AttributeKey[boolean]("skip") in Scope(Global)),true,None)
Sending msg to client play-fork-run-cb518cc6-8a12-42b2-b303-b57723dd2a65: TaskFinished(24,1946,None,true,None)
Sending msg to client play-fork-run-cb518cc6-8a12-42b2-b303-b57723dd2a65: TaskFinished(24,1951,Some(AttributeKey[scala.Tuple2[java.lang.String,java.io.File]]("playPrefixAndAssets") in Scope(Build: file:/C:/GR60/we-lab-group60/, , Project: ProjectReference(file:/C:/GR60/we-lab-group60/,root))),true,None)
Sending msg to client play-fork-run-cb518cc6-8a12-42b2-b303-b57723dd2a65: TaskStarted(24,1950,None)
Sending msg to client play-fork-run-cb518cc6-8a12-42b2-b303-b57723dd2a65: TaskFinished(24,1963,None,true,None)
Sending msg to client play-fork-run-cb518cc6-8a12-42b2-b303-b57723dd2a65: TaskFinished(24,1965,Some(AttributeKey[scala.collection.Seq[java.lang.String]]("javaOptions") in Scope(Global)),true,None)
Sending msg to client play-fork-run-cb518cc6-8a12-42b2-b303-b57723dd2a65: TaskFinished(24,1941,None,true,None)
Sending msg to client play-fork-run-cb518cc6-8a12-42b2-b303-b57723dd2a65: TaskFinished(24,1944,None,true,None)
Sending msg to client play-fork-run-cb518cc6-8a12-42b2-b303-b57723dd2a65: TaskFinished(24,1926,Some(AttributeKey[sbt.BuildStructure]("buildStructure") in Scope(Global)),true,None)
Sending msg to client play-fork-run-cb518cc6-8a12-42b2-b303-b57723dd2a65: TaskStarted(24,1925,Some(AttributeKey[sbt.Settings[sbt.Scope]]("settingsData") in Scope(Global)))
Sending msg to client play-fork-run-cb518cc6-8a12-42b2-b303-b57723dd2a65: TaskFinished(24,1909,Some(AttributeKey[scala.collection.Seq[java.lang.String]]("playMonitoredFiles") in Scope(Build: file:/C:/GR60/we-lab-group60/, , Project: ProjectReference(file:/C:/GR60/we-lab-group60/,root))),true,None)
Sending msg to client play-fork-run-cb518cc6-8a12-42b2-b303-b57723dd2a65: TaskFinished(24,1943,None,true,None)
Sending msg to client play-fork-run-cb518cc6-8a12-42b2-b303-b57723dd2a65: TaskStarted(24,1942,Some(AttributeKey[scala.collection.Seq[sbt.UpdateReport]]("transitiveUpdate") in Scope(Build: file:/C:/GR60/we-lab-group60/, , Project: ProjectReference(file:/C:/GR60/we-lab-group60/,root))))
Sending msg to client play-fork-run-cb518cc6-8a12-42b2-b303-b57723dd2a65: TaskFinished(24,1947,Some(AttributeKey[java.io.File]("dependencyCacheDirectory") in Scope(Build: file:/C:/GR60/we-lab-group60/, , Project: ProjectReference(file:/C:/GR60/we-lab-group60/,root))),true,None)
Sending msg to client play-fork-run-cb518cc6-8a12-42b2-b303-b57723dd2a65: TaskFinished(24,1919,None,true,None)
Sending msg to client play-fork-run-cb518cc6-8a12-42b2-b303-b57723dd2a65: TaskStarted(24,1917,Some(AttributeKey[scala.collection.immutable.Map[sbt.ModuleID,sbt.SourcePosition]]("dependencyPositions") in Scope(Build: file:/C:/GR60/we-lab-group60/, , Project: ProjectReference(file:/C:/GR60/we-lab-group60/,root))))
Sending msg to client play-fork-run-cb518cc6-8a12-42b2-b303-b57723dd2a65: TaskFinished(24,1913,None,true,None)
Sending msg to client play-fork-run-cb518cc6-8a12-42b2-b303-b57723dd2a65: TaskFinished(24,1936,None,true,None)
Sending msg to client play-fork-run-cb518cc6-8a12-42b2-b303-b57723dd2a65: TaskFinished(24,1937,None,true,None)
Sending msg to client play-fork-run-cb518cc6-8a12-42b2-b303-b57723dd2a65: TaskFinished(24,1938,None,true,None)
Sending msg to client play-fork-run-cb518cc6-8a12-42b2-b303-b57723dd2a65: TaskFinished(24,1956,None,true,None)
Sending msg to client play-fork-run-cb518cc6-8a12-42b2-b303-b57723dd2a65: TaskFinished(24,1958,None,true,None)
Sending msg to client play-fork-run-cb518cc6-8a12-42b2-b303-b57723dd2a65: TaskFinished(24,1964,None,true,None)
Sending msg to client play-fork-run-cb518cc6-8a12-42b2-b303-b57723dd2a65: TaskFinished(24,1927,Some(AttributeKey[scala.collection.Seq[sbt.ModuleID]]("echoTraceDependencies") in Scope(Build: file:/C:/GR60/we-lab-group60/, , Project: ProjectReference(file:/C:/GR60/we-lab-group60/,root), Config: echo)),true,None)
Sending msg to client play-fork-run-cb518cc6-8a12-42b2-b303-b57723dd2a65: TaskFinished(24,1950,None,true,None)
Sending msg to client play-fork-run-cb518cc6-8a12-42b2-b303-b57723dd2a65: TaskStarted(24,1949,None)
Sending msg to client play-fork-run-cb518cc6-8a12-42b2-b303-b57723dd2a65: TaskFinished(24,1925,Some(AttributeKey[sbt.Settings[sbt.Scope]]("settingsData") in Scope(Global)),true,None)
Sending msg to client play-fork-run-cb518cc6-8a12-42b2-b303-b57723dd2a65: TaskStarted(24,1924,Some(AttributeKey[scala.collection.Seq[sbt.ModuleID]]("projectDependencies") in Scope(Build: file:/C:/GR60/we-lab-group60/, , Project: ProjectReference(file:/C:/GR60/we-lab-group60/,root))))
Sending msg to client play-fork-run-cb518cc6-8a12-42b2-b303-b57723dd2a65: TaskStarted(24,1935,Some(AttributeKey[scala.collection.immutable.Map[org.apache.ivy.core.module.id.ModuleRevisionId,org.apache.ivy.core.module.descriptor.ModuleDescriptor]]("projectDescriptors") in Scope(Build: file:/C:/GR60/we-lab-group60/, , Project: ProjectReference(file:/C:/GR60/we-lab-group60/,root))))
Sending msg to client play-fork-run-cb518cc6-8a12-42b2-b303-b57723dd2a65: TaskStarted(24,1940,None)
Sending msg to client play-fork-run-cb518cc6-8a12-42b2-b303-b57723dd2a65: TaskStarted(24,1955,None)
Sending msg to client play-fork-run-cb518cc6-8a12-42b2-b303-b57723dd2a65: TaskFinished(24,1942,Some(AttributeKey[scala.collection.Seq[sbt.UpdateReport]]("transitiveUpdate") in Scope(Build: file:/C:/GR60/we-lab-group60/, , Project: ProjectReference(file:/C:/GR60/we-lab-group60/,root))),true,None)
Sending msg to client play-fork-run-cb518cc6-8a12-42b2-b303-b57723dd2a65: TaskFinished(24,1917,Some(AttributeKey[scala.collection.immutable.Map[sbt.ModuleID,sbt.SourcePosition]]("dependencyPositions") in Scope(Build: file:/C:/GR60/we-lab-group60/, , Project: ProjectReference(file:/C:/GR60/we-lab-group60/,root))),true,None)
Sending msg to client play-fork-run-cb518cc6-8a12-42b2-b303-b57723dd2a65: TaskStarted(24,1916,Some(AttributeKey[sbt.UnresolvedWarningConfiguration]("unresolvedWarningConfiguration") in Scope(Build: file:/C:/GR60/we-lab-group60/, , Project: ProjectReference(file:/C:/GR60/we-lab-group60/,root), Task: AttributeKey[sbt.UpdateReport]("update"))))
Sending msg to client play-fork-run-cb518cc6-8a12-42b2-b303-b57723dd2a65: TaskFinished(24,1949,None,true,None)
Sending msg to client play-fork-run-cb518cc6-8a12-42b2-b303-b57723dd2a65: TaskStarted(24,1948,Some(AttributeKey[scala.collection.Seq[scala.Tuple2[java.lang.String,java.io.File]]]("playAllAssets") in Scope(Build: file:/C:/GR60/we-lab-group60/, , Project: ProjectReference(file:/C:/GR60/we-lab-group60/,root))))
Sending msg to client play-fork-run-cb518cc6-8a12-42b2-b303-b57723dd2a65: TaskFinished(24,1924,Some(AttributeKey[scala.collection.Seq[sbt.ModuleID]]("projectDependencies") in Scope(Build: file:/C:/GR60/we-lab-group60/, , Project: ProjectReference(file:/C:/GR60/we-lab-group60/,root))),true,None)
Sending msg to client play-fork-run-cb518cc6-8a12-42b2-b303-b57723dd2a65: TaskStarted(24,1923,Some(AttributeKey[scala.collection.Seq[sbt.ModuleID]]("allDependencies") in Scope(Build: file:/C:/GR60/we-lab-group60/, , Project: ProjectReference(file:/C:/GR60/we-lab-group60/,root))))
Sending msg to client play-fork-run-cb518cc6-8a12-42b2-b303-b57723dd2a65: TaskStarted(24,1967,None)
Sending msg to client play-fork-run-cb518cc6-8a12-42b2-b303-b57723dd2a65: TaskStarted(24,1968,None)
Sending msg to client play-fork-run-cb518cc6-8a12-42b2-b303-b57723dd2a65: TaskStarted(24,1972,None)
Sending msg to client play-fork-run-cb518cc6-8a12-42b2-b303-b57723dd2a65: TaskStarted(24,1973,None)
Sending msg to client play-fork-run-cb518cc6-8a12-42b2-b303-b57723dd2a65: TaskStarted(24,1976,None)
Sending msg to client play-fork-run-cb518cc6-8a12-42b2-b303-b57723dd2a65: TaskStarted(24,1978,None)
Sending msg to client play-fork-run-cb518cc6-8a12-42b2-b303-b57723dd2a65: TaskStarted(24,1979,None)
Sending msg to client play-fork-run-cb518cc6-8a12-42b2-b303-b57723dd2a65: TaskFinished(24,1916,Some(AttributeKey[sbt.UnresolvedWarningConfiguration]("unresolvedWarningConfiguration") in Scope(Build: file:/C:/GR60/we-lab-group60/, , Project: ProjectReference(file:/C:/GR60/we-lab-group60/,root), Task: AttributeKey[sbt.UpdateReport]("update"))),true,None)
Sending msg to client play-fork-run-cb518cc6-8a12-42b2-b303-b57723dd2a65: TaskFinished(24,1948,Some(AttributeKey[scala.collection.Seq[scala.Tuple2[java.lang.String,java.io.File]]]("playAllAssets") in Scope(Build: file:/C:/GR60/we-lab-group60/, , Project: ProjectReference(file:/C:/GR60/we-lab-group60/,root))),true,None)
Sending msg to client play-fork-run-cb518cc6-8a12-42b2-b303-b57723dd2a65: TaskFinished(24,1923,Some(AttributeKey[scala.collection.Seq[sbt.ModuleID]]("allDependencies") in Scope(Build: file:/C:/GR60/we-lab-group60/, , Project: ProjectReference(file:/C:/GR60/we-lab-group60/,root))),true,None)
Sending msg to client play-fork-run-cb518cc6-8a12-42b2-b303-b57723dd2a65: TaskStarted(24,1922,Some(AttributeKey[scala.collection.Seq[sbt.ModuleID]]("allDependencies") in Scope(Build: file:/C:/GR60/we-lab-group60/, , Project: ProjectReference(file:/C:/GR60/we-lab-group60/,root))))
Sending msg to client play-fork-run-cb518cc6-8a12-42b2-b303-b57723dd2a65: TaskFinished(24,1967,None,true,None)
Sending msg to client play-fork-run-cb518cc6-8a12-42b2-b303-b57723dd2a65: TaskStarted(24,1966,None)
Sending msg to client play-fork-run-cb518cc6-8a12-42b2-b303-b57723dd2a65: TaskFinished(24,1968,None,true,None)
Sending msg to client play-fork-run-cb518cc6-8a12-42b2-b303-b57723dd2a65: TaskFinished(24,1940,None,true,None)
Sending msg to client play-fork-run-cb518cc6-8a12-42b2-b303-b57723dd2a65: TaskFinished(24,1972,None,true,None)
Sending msg to client play-fork-run-cb518cc6-8a12-42b2-b303-b57723dd2a65: TaskFinished(24,1973,None,true,None)
Sending msg to client play-fork-run-cb518cc6-8a12-42b2-b303-b57723dd2a65: TaskStarted(24,1971,Some(AttributeKey[scala.collection.Seq[sbt.Attributed[java.io.File]]]("unmanagedJars") in Scope(Build: file:/C:/GR60/we-lab-group60/, , Project: ProjectReference(file:/C:/GR60/we-lab-group60/,root), Config: runtime)))
Sending msg to client play-fork-run-cb518cc6-8a12-42b2-b303-b57723dd2a65: TaskFinished(24,1976,None,true,None)
Sending msg to client play-fork-run-cb518cc6-8a12-42b2-b303-b57723dd2a65: TaskStarted(24,1975,None)
Sending msg to client play-fork-run-cb518cc6-8a12-42b2-b303-b57723dd2a65: TaskFinished(24,1978,None,true,None)
Sending msg to client play-fork-run-cb518cc6-8a12-42b2-b303-b57723dd2a65: TaskFinished(24,1979,None,true,None)
Sending msg to client play-fork-run-cb518cc6-8a12-42b2-b303-b57723dd2a65: TaskStarted(24,1977,Some(AttributeKey[scala.collection.Seq[sbt.Attributed[java.io.File]]]("unmanagedJars") in Scope(Build: file:/C:/GR60/we-lab-group60/, , Project: ProjectReference(file:/C:/GR60/we-lab-group60/,root), Config: compile)))
Sending msg to client play-fork-run-cb518cc6-8a12-42b2-b303-b57723dd2a65: TaskFinished(24,1922,Some(AttributeKey[scala.collection.Seq[sbt.ModuleID]]("allDependencies") in Scope(Build: file:/C:/GR60/we-lab-group60/, , Project: ProjectReference(file:/C:/GR60/we-lab-group60/,root))),true,None)
Sending msg to client play-fork-run-cb518cc6-8a12-42b2-b303-b57723dd2a65: TaskStarted(24,1921,Some(AttributeKey[sbt.ModuleSettings]("moduleSettings") in Scope(Build: file:/C:/GR60/we-lab-group60/, , Project: ProjectReference(file:/C:/GR60/we-lab-group60/,root))))
Sending msg to client play-fork-run-cb518cc6-8a12-42b2-b303-b57723dd2a65: TaskFinished(24,1966,None,true,None)
Sending msg to client play-fork-run-cb518cc6-8a12-42b2-b303-b57723dd2a65: TaskFinished(24,1935,Some(AttributeKey[scala.collection.immutable.Map[org.apache.ivy.core.module.id.ModuleRevisionId,org.apache.ivy.core.module.descriptor.ModuleDescriptor]]("projectDescriptors") in Scope(Build: file:/C:/GR60/we-lab-group60/, , Project: ProjectReference(file:/C:/GR60/we-lab-group60/,root))),true,None)
Sending msg to client play-fork-run-cb518cc6-8a12-42b2-b303-b57723dd2a65: TaskStarted(24,1934,Some(AttributeKey[sbt.Resolver]("projectResolver") in Scope(Build: file:/C:/GR60/we-lab-group60/, , Project: ProjectReference(file:/C:/GR60/we-lab-group60/,root))))
Sending msg to client play-fork-run-cb518cc6-8a12-42b2-b303-b57723dd2a65: TaskStarted(24,1980,None)
Sending msg to client play-fork-run-cb518cc6-8a12-42b2-b303-b57723dd2a65: TaskFinished(24,1971,Some(AttributeKey[scala.collection.Seq[sbt.Attributed[java.io.File]]]("unmanagedJars") in Scope(Build: file:/C:/GR60/we-lab-group60/, , Project: ProjectReference(file:/C:/GR60/we-lab-group60/,root), Config: runtime)),true,None)
Sending msg to client play-fork-run-cb518cc6-8a12-42b2-b303-b57723dd2a65: TaskFinished(24,1977,Some(AttributeKey[scala.collection.Seq[sbt.Attributed[java.io.File]]]("unmanagedJars") in Scope(Build: file:/C:/GR60/we-lab-group60/, , Project: ProjectReference(file:/C:/GR60/we-lab-group60/,root), Config: compile)),true,None)
Sending msg to client play-fork-run-cb518cc6-8a12-42b2-b303-b57723dd2a65: TaskFinished(24,1934,Some(AttributeKey[sbt.Resolver]("projectResolver") in Scope(Build: file:/C:/GR60/we-lab-group60/, , Project: ProjectReference(file:/C:/GR60/we-lab-group60/,root))),true,None)
Sending msg to client play-fork-run-cb518cc6-8a12-42b2-b303-b57723dd2a65: TaskStarted(24,1931,Some(AttributeKey[scala.collection.Seq[sbt.Resolver]]("fullResolvers") in Scope(Build: file:/C:/GR60/we-lab-group60/, , Project: ProjectReference(file:/C:/GR60/we-lab-group60/,root))))
Sending msg to client play-fork-run-cb518cc6-8a12-42b2-b303-b57723dd2a65: TaskFinished(24,1921,Some(AttributeKey[sbt.ModuleSettings]("moduleSettings") in Scope(Build: file:/C:/GR60/we-lab-group60/, , Project: ProjectReference(file:/C:/GR60/we-lab-group60/,root))),true,None)
Sending msg to client play-fork-run-cb518cc6-8a12-42b2-b303-b57723dd2a65: TaskFinished(24,1980,None,true,None)
Sending msg to client play-fork-run-cb518cc6-8a12-42b2-b303-b57723dd2a65: TaskFinished(24,1975,None,true,None)
Sending msg to client play-fork-run-cb518cc6-8a12-42b2-b303-b57723dd2a65: TaskStarted(24,1974,Some(AttributeKey[scala.collection.Seq[sbt.Attributed[java.io.File]]]("unmanagedJars") in Scope(Build: file:/C:/GR60/we-lab-group60/, , Project: ProjectReference(file:/C:/GR60/we-lab-group60/,root), Config: compile)))
Sending msg to client play-fork-run-cb518cc6-8a12-42b2-b303-b57723dd2a65: TaskFinished(24,1931,Some(AttributeKey[scala.collection.Seq[sbt.Resolver]]("fullResolvers") in Scope(Build: file:/C:/GR60/we-lab-group60/, , Project: ProjectReference(file:/C:/GR60/we-lab-group60/,root))),true,None)
Sending msg to client play-fork-run-cb518cc6-8a12-42b2-b303-b57723dd2a65: TaskStarted(24,1930,Some(AttributeKey[sbt.IvyConfiguration]("ivyConfiguration") in Scope(Build: file:/C:/GR60/we-lab-group60/, , Project: ProjectReference(file:/C:/GR60/we-lab-group60/,root))))
Sending msg to client play-fork-run-cb518cc6-8a12-42b2-b303-b57723dd2a65: TaskFinished(24,1974,Some(AttributeKey[scala.collection.Seq[sbt.Attributed[java.io.File]]]("unmanagedJars") in Scope(Build: file:/C:/GR60/we-lab-group60/, , Project: ProjectReference(file:/C:/GR60/we-lab-group60/,root), Config: compile)),true,None)
Sending msg to client play-fork-run-cb518cc6-8a12-42b2-b303-b57723dd2a65: TaskStarted(24,1970,None)
Sending msg to client play-fork-run-cb518cc6-8a12-42b2-b303-b57723dd2a65: TaskFinished(24,1930,Some(AttributeKey[sbt.IvyConfiguration]("ivyConfiguration") in Scope(Build: file:/C:/GR60/we-lab-group60/, , Project: ProjectReference(file:/C:/GR60/we-lab-group60/,root))),true,None)
Sending msg to client play-fork-run-cb518cc6-8a12-42b2-b303-b57723dd2a65: TaskStarted(24,1929,Some(AttributeKey[sbt.IvySbt]("ivySbt") in Scope(Build: file:/C:/GR60/we-lab-group60/, , Project: ProjectReference(file:/C:/GR60/we-lab-group60/,root))))
Sending msg to client play-fork-run-cb518cc6-8a12-42b2-b303-b57723dd2a65: TaskFinished(24,1970,None,true,None)
Sending msg to client play-fork-run-cb518cc6-8a12-42b2-b303-b57723dd2a65: TaskStarted(24,1969,None)
Sending msg to client play-fork-run-cb518cc6-8a12-42b2-b303-b57723dd2a65: TaskFinished(24,1929,Some(AttributeKey[sbt.IvySbt]("ivySbt") in Scope(Build: file:/C:/GR60/we-lab-group60/, , Project: ProjectReference(file:/C:/GR60/we-lab-group60/,root))),true,None)
Sending msg to client play-fork-run-cb518cc6-8a12-42b2-b303-b57723dd2a65: TaskStarted(24,1920,Some(AttributeKey[sbt.IvySbt$Module]("ivyModule") in Scope(Build: file:/C:/GR60/we-lab-group60/, , Project: ProjectReference(file:/C:/GR60/we-lab-group60/,root))))
Sending msg to client play-fork-run-cb518cc6-8a12-42b2-b303-b57723dd2a65: TaskFinished(24,1920,Some(AttributeKey[sbt.IvySbt$Module]("ivyModule") in Scope(Build: file:/C:/GR60/we-lab-group60/, , Project: ProjectReference(file:/C:/GR60/we-lab-group60/,root))),true,None)
Sending msg to client play-fork-run-cb518cc6-8a12-42b2-b303-b57723dd2a65: TaskStarted(24,1915,Some(AttributeKey[sbt.UpdateReport]("update") in Scope(Build: file:/C:/GR60/we-lab-group60/, , Project: ProjectReference(file:/C:/GR60/we-lab-group60/,root))))
Sending msg to client play-fork-run-cb518cc6-8a12-42b2-b303-b57723dd2a65: TaskFinished(24,1969,None,true,None)
Sending msg to client play-fork-run-cb518cc6-8a12-42b2-b303-b57723dd2a65: TaskFinished(24,1955,None,true,None)
Sending msg to client play-fork-run-cb518cc6-8a12-42b2-b303-b57723dd2a65: TaskStarted(24,1954,Some(AttributeKey[scala.collection.Seq[sbt.Attributed[java.io.File]]]("unmanagedClasspath") in Scope(Build: file:/C:/GR60/we-lab-group60/, , Project: ProjectReference(file:/C:/GR60/we-lab-group60/,root), Config: runtime)))
Sending msg to client play-fork-run-cb518cc6-8a12-42b2-b303-b57723dd2a65: TaskFinished(24,1954,Some(AttributeKey[scala.collection.Seq[sbt.Attributed[java.io.File]]]("unmanagedClasspath") in Scope(Build: file:/C:/GR60/we-lab-group60/, , Project: ProjectReference(file:/C:/GR60/we-lab-group60/,root), Config: runtime)),true,None)
Sending msg to client play-fork-run-cb518cc6-8a12-42b2-b303-b57723dd2a65: TaskFinished(24,1915,Some(AttributeKey[sbt.UpdateReport]("update") in Scope(Build: file:/C:/GR60/we-lab-group60/, , Project: ProjectReference(file:/C:/GR60/we-lab-group60/,root))),true,None)
Sending msg to client play-fork-run-cb518cc6-8a12-42b2-b303-b57723dd2a65: TaskStarted(24,1912,Some(AttributeKey[sbt.UpdateReport]("update") in Scope(Build: file:/C:/GR60/we-lab-group60/, , Project: ProjectReference(file:/C:/GR60/we-lab-group60/,root))))
Sending msg to client play-fork-run-cb518cc6-8a12-42b2-b303-b57723dd2a65: TaskFinished(24,1912,Some(AttributeKey[sbt.UpdateReport]("update") in Scope(Build: file:/C:/GR60/we-lab-group60/, , Project: ProjectReference(file:/C:/GR60/we-lab-group60/,root))),true,None)
Sending msg to client play-fork-run-cb518cc6-8a12-42b2-b303-b57723dd2a65: TaskStarted(24,1911,Some(AttributeKey[scala.collection.Seq[sbt.Attributed[java.io.File]]]("managedClasspath") in Scope(Build: file:/C:/GR60/we-lab-group60/, , Project: ProjectReference(file:/C:/GR60/we-lab-group60/,root), Config: docs)))
Sending msg to client play-fork-run-cb518cc6-8a12-42b2-b303-b57723dd2a65: TaskStarted(24,1962,Some(AttributeKey[sbt.Configuration]("classpathConfiguration") in Scope(Build: file:/C:/GR60/we-lab-group60/, , Project: ProjectReference(file:/C:/GR60/we-lab-group60/,root), Config: compile)))
Sending msg to client play-fork-run-cb518cc6-8a12-42b2-b303-b57723dd2a65: TaskFinished(24,1962,Some(AttributeKey[sbt.Configuration]("classpathConfiguration") in Scope(Build: file:/C:/GR60/we-lab-group60/, , Project: ProjectReference(file:/C:/GR60/we-lab-group60/,root), Config: compile)),true,None)
Sending msg to client play-fork-run-cb518cc6-8a12-42b2-b303-b57723dd2a65: TaskStarted(24,1961,None)
Sending msg to client play-fork-run-cb518cc6-8a12-42b2-b303-b57723dd2a65: TaskFinished(24,1961,None,true,None)
Sending msg to client play-fork-run-cb518cc6-8a12-42b2-b303-b57723dd2a65: TaskStarted(24,1960,Some(AttributeKey[sbt.Configuration]("classpathConfiguration") in Scope(Build: file:/C:/GR60/we-lab-group60/, , Project: ProjectReference(file:/C:/GR60/we-lab-group60/,root), Config: runtime)))
Sending msg to client play-fork-run-cb518cc6-8a12-42b2-b303-b57723dd2a65: TaskFinished(24,1960,Some(AttributeKey[sbt.Configuration]("classpathConfiguration") in Scope(Build: file:/C:/GR60/we-lab-group60/, , Project: ProjectReference(file:/C:/GR60/we-lab-group60/,root), Config: runtime)),true,None)
Sending msg to client play-fork-run-cb518cc6-8a12-42b2-b303-b57723dd2a65: TaskStarted(24,1959,None)
Sending msg to client play-fork-run-cb518cc6-8a12-42b2-b303-b57723dd2a65: TaskFinished(24,1959,None,true,None)
Sending msg to client play-fork-run-cb518cc6-8a12-42b2-b303-b57723dd2a65: TaskStarted(24,1957,Some(AttributeKey[scala.collection.Seq[sbt.Attributed[java.io.File]]]("managedClasspath") in Scope(Build: file:/C:/GR60/we-lab-group60/, , Project: ProjectReference(file:/C:/GR60/we-lab-group60/,root), Config: runtime)))
Sending msg to client play-fork-run-cb518cc6-8a12-42b2-b303-b57723dd2a65: TaskFinished(24,1911,Some(AttributeKey[scala.collection.Seq[sbt.Attributed[java.io.File]]]("managedClasspath") in Scope(Build: file:/C:/GR60/we-lab-group60/, , Project: ProjectReference(file:/C:/GR60/we-lab-group60/,root), Config: docs)),true,None)
Sending msg to client play-fork-run-cb518cc6-8a12-42b2-b303-b57723dd2a65: TaskFinished(24,1957,Some(AttributeKey[scala.collection.Seq[sbt.Attributed[java.io.File]]]("managedClasspath") in Scope(Build: file:/C:/GR60/we-lab-group60/, , Project: ProjectReference(file:/C:/GR60/we-lab-group60/,root), Config: runtime)),true,None)
Sending msg to client play-fork-run-cb518cc6-8a12-42b2-b303-b57723dd2a65: TaskStarted(24,1953,None)
Sending msg to client play-fork-run-cb518cc6-8a12-42b2-b303-b57723dd2a65: TaskFinished(24,1953,None,true,None)
Sending msg to client play-fork-run-cb518cc6-8a12-42b2-b303-b57723dd2a65: TaskStarted(24,1952,Some(AttributeKey[scala.collection.Seq[sbt.Attributed[java.io.File]]]("playDependencyClasspath") in Scope(Build: file:/C:/GR60/we-lab-group60/, , Project: ProjectReference(file:/C:/GR60/we-lab-group60/,root))))
Sending msg to client play-fork-run-cb518cc6-8a12-42b2-b303-b57723dd2a65: TaskFinished(24,1952,Some(AttributeKey[scala.collection.Seq[sbt.Attributed[java.io.File]]]("playDependencyClasspath") in Scope(Build: file:/C:/GR60/we-lab-group60/, , Project: ProjectReference(file:/C:/GR60/we-lab-group60/,root))),true,None)
Sending msg to client play-fork-run-cb518cc6-8a12-42b2-b303-b57723dd2a65: TaskStarted(24,1908,Some(AttributeKey[play.forkrun.protocol.ForkConfig]("playForkConfig") in Scope(Build: file:/C:/GR60/we-lab-group60/, , Project: ProjectReference(file:/C:/GR60/we-lab-group60/,root))))
Sending msg to client play-fork-run-cb518cc6-8a12-42b2-b303-b57723dd2a65: TaskFinished(24,1908,Some(AttributeKey[play.forkrun.protocol.ForkConfig]("playForkConfig") in Scope(Build: file:/C:/GR60/we-lab-group60/, , Project: ProjectReference(file:/C:/GR60/we-lab-group60/,root))),true,None)
Sending msg to client play-fork-run-cb518cc6-8a12-42b2-b303-b57723dd2a65: ValueChanged(AttributeKey[play.forkrun.protocol.ForkConfig]("playForkConfig") in Scope(Build: file:/C:/GR60/we-lab-group60/, , Project: ProjectReference(file:/C:/GR60/we-lab-group60/,root)),TaskSuccess(BuildValue(LazyValue(ForkConfig(C:\GR60\we-lab-group60,List(),List(C:\GR60\we-lab-group60\lib\jeopardy.jar, C:\Users\Julia\.ivy2\cache\org.scala-lang\scala-library\jars\scala-library-2.11.1.jar, C:\Users\Julia\.ivy2\cache\com.typesafe.play\twirl-api_2.11\jars\twirl-api_2.11-1.0.2.jar, C:\Users\Julia\.ivy2\cache\org.apache.commons\commons-lang3\jars\commons-lang3-3.1.jar, C:\Users\Julia\.ivy2\cache\org.scala-lang.modules\scala-xml_2.11\bundles\scala-xml_2.11-1.0.1.jar, C:\Users\Julia\.ivy2\cache\com.typesafe.play\play_2.11\jars\play_2.11-2.3.8.jar, C:\Users\Julia\.ivy2\cache\com.typesafe.play\build-link\jars\build-link-2.3.8.jar, C:\Users\Julia\.ivy2\cache\com.typesafe.play\play-exceptions\jars\play-exceptions-2.3.8.jar, C:\Users\Julia\.ivy2\cache\com.typesafe.play\play-iteratees_2.11\jars\play-iteratees_2.11-2.3.8.jar, C:\Users\Julia\.ivy2\cache\org.scala-stm\scala-stm_2.11\jars\scala-stm_2.11-0.7.jar, C:\Users\Julia\.ivy2\cache\com.typesafe\config\bundles\config-1.2.1.jar, C:\Users\Julia\.ivy2\cache\com.typesafe.play\play-json_2.11\jars\play-json_2.11-2.3.8.jar, C:\Users\Julia\.ivy2\cache\com.typesafe.play\play-functional_2.11\jars\play-functional_2.11-2.3.8.jar, C:\Users\Julia\.ivy2\cache\com.typesafe.play\play-datacommons_2.11\jars\play-datacommons_2.11-2.3.8.jar, C:\Users\Julia\.ivy2\cache\joda-time\joda-time\jars\joda-time-2.3.jar, C:\Users\Julia\.ivy2\cache\org.joda\joda-convert\jars\joda-convert-1.6.jar, C:\Users\Julia\.ivy2\cache\com.fasterxml.jackson.core\jackson-annotations\bundles\jackson-annotations-2.3.2.jar, C:\Users\Julia\.ivy2\cache\com.fasterxml.jackson.core\jackson-core\bundles\jackson-core-2.3.2.jar, C:\Users\Julia\.ivy2\cache\com.fasterxml.jackson.core\jackson-databind\bundles\jackson-databind-2.3.2.jar, C:\Users\Julia\.ivy2\cache\org.scala-lang\scala-reflect\jars\scala-reflect-2.11.1.jar, C:\Users\Julia\.ivy2\cache\org.scala-lang.modules\scala-parser-combinators_2.11\bundles\scala-parser-combinators_2.11-1.0.1.jar, C:\Users\Julia\.ivy2\cache\io.netty\netty\bundles\netty-3.9.3.Final.jar, C:\Users\Julia\.ivy2\cache\com.typesafe.netty\netty-http-pipelining\jars\netty-http-pipelining-1.1.2.jar, C:\Users\Julia\.ivy2\cache\org.slf4j\slf4j-api\jars\slf4j-api-1.7.6.jar, C:\Users\Julia\.ivy2\cache\org.slf4j\jul-to-slf4j\jars\jul-to-slf4j-1.7.6.jar, C:\Users\Julia\.ivy2\cache\org.slf4j\jcl-over-slf4j\jars\jcl-over-slf4j-1.7.6.jar, C:\Users\Julia\.ivy2\cache\ch.qos.logback\logback-core\jars\logback-core-1.1.1.jar, C:\Users\Julia\.ivy2\cache\ch.qos.logback\logback-classic\jars\logback-classic-1.1.1.jar, C:\Users\Julia\.ivy2\cache\com.typesafe.akka\akka-actor_2.11\jars\akka-actor_2.11-2.3.4.jar, C:\Users\Julia\.ivy2\cache\com.typesafe.akka\akka-slf4j_2.11\jars\akka-slf4j_2.11-2.3.4.jar, C:\Users\Julia\.ivy2\cache\commons-codec\commons-codec\jars\commons-codec-1.9.jar, C:\Users\Julia\.ivy2\cache\xerces\xercesImpl\jars\xercesImpl-2.11.0.jar, C:\Users\Julia\.ivy2\cache\xml-apis\xml-apis\jars\xml-apis-1.4.01.jar, C:\Users\Julia\.ivy2\cache\javax.transaction\jta\jars\jta-1.1.jar, C:\Users\Julia\.ivy2\cache\com.typesafe.play\play-java_2.11\jars\play-java_2.11-2.3.8.jar, C:\Users\Julia\.ivy2\cache\org.yaml\snakeyaml\bundles\snakeyaml-1.13.jar, C:\Users\Julia\.ivy2\cache\org.hibernate\hibernate-validator\jars\hibernate-validator-5.0.3.Final.jar, C:\Users\Julia\.ivy2\cache\javax.validation\validation-api\jars\validation-api-1.1.0.Final.jar, C:\Users\Julia\.ivy2\cache\com.fasterxml\classmate\bundles\classmate-1.0.0.jar, C:\Users\Julia\.ivy2\cache\org.jboss.logging\jboss-logging\jars\jboss-logging-3.2.0.Final.jar, C:\Users\Julia\.ivy2\cache\org.springframework\spring-context\jars\spring-context-4.0.3.RELEASE.jar, C:\Users\Julia\.ivy2\cache\org.springframework\spring-core\jars\spring-core-4.0.3.RELEASE.jar, C:\Users\Julia\.ivy2\cache\org.springframework\spring-beans\jars\spring-beans-4.0.3.RELEASE.jar, C:\Users\Julia\.ivy2\cache\org.javassist\javassist\bundles\javassist-3.19.0-GA.jar, C:\Users\Julia\.ivy2\cache\org.reflections\reflections\jars\reflections-0.9.8.jar, C:\Users\Julia\.ivy2\cache\com.google.guava\guava\bundles\guava-16.0.1.jar, C:\Users\Julia\.ivy2\cache\dom4j\dom4j\jars\dom4j-1.6.1.jar, C:\Users\Julia\.ivy2\cache\com.google.code.findbugs\jsr305\jars\jsr305-2.0.3.jar, C:\Users\Julia\.ivy2\cache\org.apache.tomcat\tomcat-servlet-api\jars\tomcat-servlet-api-8.0.5.jar, C:\Users\Julia\.ivy2\cache\com.typesafe.play\play-java-jdbc_2.11\jars\play-java-jdbc_2.11-2.3.8.jar, C:\Users\Julia\.ivy2\cache\com.typesafe.play\play-jdbc_2.11\jars\play-jdbc_2.11-2.3.8.jar, C:\Users\Julia\.ivy2\cache\com.jolbox\bonecp\bundles\bonecp-0.8.0.RELEASE.jar, C:\Users\Julia\.ivy2\cache\com.h2database\h2\jars\h2-1.3.175.jar, C:\Users\Julia\.ivy2\cache\tyrex\tyrex\jars\tyrex-1.0.1.jar, C:\Users\Julia\.ivy2\cache\com.typesafe.play\play-java-jpa_2.11\jars\play-java-jpa_2.11-2.3.8.jar, C:\Users\Julia\.ivy2\cache\org.hibernate.javax.persistence\hibernate-jpa-2.0-api\jars\hibernate-jpa-2.0-api-1.0.1.Final.jar, C:\Users\Julia\.ivy2\cache\org.hibernate\hibernate-entitymanager\jars\hibernate-entitymanager-4.3.1.Final.jar, C:\Users\Julia\.ivy2\cache\org.jboss.logging\jboss-logging-annotations\jars\jboss-logging-annotations-1.2.0.Beta1.jar, C:\Users\Julia\.ivy2\cache\org.hibernate\hibernate-core\jars\hibernate-core-4.3.1.Final.jar, C:\Users\Julia\.ivy2\cache\org.jboss.spec.javax.transaction\jboss-transaction-api_1.2_spec\jars\jboss-transaction-api_1.2_spec-1.0.0.Final.jar, C:\Users\Julia\.ivy2\cache\org.hibernate.common\hibernate-commons-annotations\jars\hibernate-commons-annotations-4.0.4.Final.jar, C:\Users\Julia\.ivy2\cache\org.hibernate.javax.persistence\hibernate-jpa-2.1-api\jars\hibernate-jpa-2.1-api-1.0.0.Final.jar, C:\Users\Julia\.ivy2\cache\antlr\antlr\jars\antlr-2.7.7.jar, C:\Users\Julia\.ivy2\cache\org.jboss\jandex\jars\jandex-1.1.0.Final.jar, C:\Users\Julia\.ivy2\cache\com.google.code.gson\gson\jars\gson-2.2.jar, C:\Users\Julia\.ivy2\cache\com.typesafe.play\play-cache_2.11\jars\play-cache_2.11-2.3.8.jar, C:\Users\Julia\.ivy2\cache\net.sf.ehcache\ehcache-core\jars\ehcache-core-2.6.8.jar),List((public/,C:\GR60\we-lab-group60\target\web\public\main)),List(C:\Users\Julia\.ivy2\cache\com.typesafe.play\play-docs_2.11\jars\play-docs_2.11-2.3.8.jar, C:\Users\Julia\.ivy2\cache\org.scala-lang\scala-library\jars\scala-library-2.11.1.jar, C:\Users\Julia\.ivy2\cache\com.typesafe.play\play_2.11\jars\play_2.11-2.3.8.jar, C:\Users\Julia\.ivy2\cache\com.typesafe.play\build-link\jars\build-link-2.3.8.jar, C:\Users\Julia\.ivy2\cache\com.typesafe.play\play-exceptions\jars\play-exceptions-2.3.8.jar, C:\Users\Julia\.ivy2\cache\org.javassist\javassist\bundles\javassist-3.18.2-GA.jar, C:\Users\Julia\.ivy2\cache\com.typesafe.play\play-iteratees_2.11\jars\play-iteratees_2.11-2.3.8.jar, C:\Users\Julia\.ivy2\cache\org.scala-stm\scala-stm_2.11\jars\scala-stm_2.11-0.7.jar, C:\Users\Julia\.ivy2\cache\com.typesafe\config\bundles\config-1.2.1.jar, C:\Users\Julia\.ivy2\cache\com.typesafe.play\play-json_2.11\jars\play-json_2.11-2.3.8.jar, C:\Users\Julia\.ivy2\cache\com.typesafe.play\play-functional_2.11\jars\play-functional_2.11-2.3.8.jar, C:\Users\Julia\.ivy2\cache\com.typesafe.play\play-datacommons_2.11\jars\play-datacommons_2.11-2.3.8.jar, C:\Users\Julia\.ivy2\cache\joda-time\joda-time\jars\joda-time-2.3.jar, C:\Users\Julia\.ivy2\cache\org.joda\joda-convert\jars\joda-convert-1.6.jar, C:\Users\Julia\.ivy2\cache\com.fasterxml.jackson.core\jackson-annotations\bundles\jackson-annotations-2.3.2.jar, C:\Users\Julia\.ivy2\cache\com.fasterxml.jackson.core\jackson-core\bundles\jackson-core-2.3.2.jar, C:\Users\Julia\.ivy2\cache\com.fasterxml.jackson.core\jackson-databind\bundles\jackson-databind-2.3.2.jar, C:\Users\Julia\.ivy2\cache\org.scala-lang\scala-reflect\jars\scala-reflect-2.11.1.jar, C:\Users\Julia\.ivy2\cache\com.typesafe.play\twirl-api_2.11\jars\twirl-api_2.11-1.0.2.jar, C:\Users\Julia\.ivy2\cache\org.apache.commons\commons-lang3\jars\commons-lang3-3.1.jar, C:\Users\Julia\.ivy2\cache\org.scala-lang.modules\scala-xml_2.11\bundles\scala-xml_2.11-1.0.1.jar, C:\Users\Julia\.ivy2\cache\org.scala-lang.modules\scala-parser-combinators_2.11\bundles\scala-parser-combinators_2.11-1.0.1.jar, C:\Users\Julia\.ivy2\cache\io.netty\netty\bundles\netty-3.9.3.Final.jar, C:\Users\Julia\.ivy2\cache\com.typesafe.netty\netty-http-pipelining\jars\netty-http-pipelining-1.1.2.jar, C:\Users\Julia\.ivy2\cache\org.slf4j\slf4j-api\jars\slf4j-api-1.7.6.jar, C:\Users\Julia\.ivy2\cache\org.slf4j\jul-to-slf4j\jars\jul-to-slf4j-1.7.6.jar, C:\Users\Julia\.ivy2\cache\org.slf4j\jcl-over-slf4j\jars\jcl-over-slf4j-1.7.6.jar, C:\Users\Julia\.ivy2\cache\ch.qos.logback\logback-core\jars\logback-core-1.1.1.jar, C:\Users\Julia\.ivy2\cache\ch.qos.logback\logback-classic\jars\logback-classic-1.1.1.jar, C:\Users\Julia\.ivy2\cache\com.typesafe.akka\akka-actor_2.11\jars\akka-actor_2.11-2.3.4.jar, C:\Users\Julia\.ivy2\cache\com.typesafe.akka\akka-slf4j_2.11\jars\akka-slf4j_2.11-2.3.4.jar, C:\Users\Julia\.ivy2\cache\commons-codec\commons-codec\jars\commons-codec-1.9.jar, C:\Users\Julia\.ivy2\cache\xerces\xercesImpl\jars\xercesImpl-2.11.0.jar, C:\Users\Julia\.ivy2\cache\xml-apis\xml-apis\jars\xml-apis-1.4.01.jar, C:\Users\Julia\.ivy2\cache\javax.transaction\jta\jars\jta-1.1.jar, C:\Users\Julia\.ivy2\cache\com.typesafe.play\play-doc_2.11\jars\play-doc_2.11-1.1.0.jar, C:\Users\Julia\.ivy2\cache\org.pegdown\pegdown\jars\pegdown-1.4.0.jar, C:\Users\Julia\.ivy2\cache\org.parboiled\parboiled-java\bundles\parboiled-java-1.1.5.jar, C:\Users\Julia\.ivy2\cache\org.parboiled\parboiled-core\bundles\parboiled-core-1.1.5.jar, C:\Users\Julia\.ivy2\cache\org.ow2.asm\asm\jars\asm-4.1.jar, C:\Users\Julia\.ivy2\cache\org.ow2.asm\asm-tree\jars\asm-tree-4.1.jar, C:\Users\Julia\.ivy2\cache\org.ow2.asm\asm-analysis\jars\asm-analysis-4.1.jar, C:\Users\Julia\.ivy2\cache\org.ow2.asm\asm-util\jars\asm-util-4.1.jar, C:\Users\Julia\.ivy2\cache\commons-io\commons-io\jars\commons-io-2.4.jar),List(),9000,DefaultWatchService,List(C:\GR60\we-lab-group60\app-2.11, C:\GR60\we-lab-group60\app, C:\GR60\we-lab-group60\conf, C:\GR60\we-lab-group60\app\assets, C:\GR60\we-lab-group60\public),C:\GR60\we-lab-group60\target,500,root/playForkNotifyStart,root/playForkReload,300000),scala.pickling.PicklerUnpickler$DelegatingPicklerUnpickler@58f7ede6),ForkConfig(C:\GR60\we-lab-group60,List(),List(C:\GR60\we-lab-group60\lib\jeopardy.jar, C:\Users\Julia\.ivy2\cache\org.scala-lang\scala-library\jars\scala-library-2.11.1.jar, C:\Users\Julia\.ivy2\cache\com.typesafe.play\twirl-api_2.11\jars\twirl-api_2.11-1.0.2.jar, C:\Users\Julia\.ivy2\cache\org.apache.commons\commons-lang3\jars\commons-lang3-3.1.jar, C:\Users\Julia\.ivy2\cache\org.scala-lang.modules\scala-xml_2.11\bundles\scala-xml_2.11-1.0.1.jar, C:\Users\Julia\.ivy2\cache\com.typesafe.play\play_2.11\jars\play_2.11-2.3.8.jar, C:\Users\Julia\.ivy2\cache\com.typesafe.play\build-link\jars\build-link-2.3.8.jar, C:\Users\Julia\.ivy2\cache\com.typesafe.play\play-exceptions\jars\play-exceptions-2.3.8.jar, C:\Users\Julia\.ivy2\cache\com.typesafe.play\play-iteratees_2.11\jars\play-iteratees_2.11-2.3.8.jar, C:\Users\Julia\.ivy2\cache\org.scala-stm\scala-stm_2.11\jars\scala-stm_2.11-0.7.jar, C:\Users\Julia\.ivy2\cache\com.typesafe\config\bundles\config-1.2.1.jar, C:\Users\Julia\.ivy2\cache\com.typesafe.play\play-json_2.11\jars\play-json_2.11-2.3.8.jar, C:\Users\Julia\.ivy2\cache\com.typesafe.play\play-functional_2.11\jars\play-functional_2.11-2.3.8.jar, C:\Users\Julia\.ivy2\cache\com.typesafe.play\play-datacommons_2.11\jars\play-datacommons_2.11-2.3.8.jar, C:\Users\Julia\.ivy2\cache\joda-time\joda-time\jars\joda-time-2.3.jar, C:\Users\Julia\.ivy2\cache\org.joda\joda-convert\jars\joda-convert-1.6.jar, C:\Users\Julia\.ivy2\cache\com.fasterxml.jackson.core\jackson-annotations\bundles\jackson-annotations-2.3.2.jar, C:\Users\Julia\.ivy2\cache\com.fasterxml.jackson.core\jackson-core\bundles\jackson-core-2.3.2.jar, C:\Users\Julia\.ivy2\cache\com.fasterxml.jackson.core\jackson-databind\bundles\jackson-databind-2.3.2.jar, C:\Users\Julia\.ivy2\cache\org.scala-lang\scala-reflect\jars\scala-reflect-2.11.1.jar, C:\Users\Julia\.ivy2\cache\org.scala-lang.modules\scala-parser-combinators_2.11\bundles\scala-parser-combinators_2.11-1.0.1.jar, C:\Users\Julia\.ivy2\cache\io.netty\netty\bundles\netty-3.9.3.Final.jar, C:\Users\Julia\.ivy2\cache\com.typesafe.netty\netty-http-pipelining\jars\netty-http-pipelining-1.1.2.jar, C:\Users\Julia\.ivy2\cache\org.slf4j\slf4j-api\jars\slf4j-api-1.7.6.jar, C:\Users\Julia\.ivy2\cache\org.slf4j\jul-to-slf4j\jars\jul-to-slf4j-1.7.6.jar, C:\Users\Julia\.ivy2\cache\org.slf4j\jcl-over-slf4j\jars\jcl-over-slf4j-1.7.6.jar, C:\Users\Julia\.ivy2\cache\ch.qos.logback\logback-core\jars\logback-core-1.1.1.jar, C:\Users\Julia\.ivy2\cache\ch.qos.logback\logback-classic\jars\logback-classic-1.1.1.jar, C:\Users\Julia\.ivy2\cache\com.typesafe.akka\akka-actor_2.11\jars\akka-actor_2.11-2.3.4.jar, C:\Users\Julia\.ivy2\cache\com.typesafe.akka\akka-slf4j_2.11\jars\akka-slf4j_2.11-2.3.4.jar, C:\Users\Julia\.ivy2\cache\commons-codec\commons-codec\jars\commons-codec-1.9.jar, C:\Users\Julia\.ivy2\cache\xerces\xercesImpl\jars\xercesImpl-2.11.0.jar, C:\Users\Julia\.ivy2\cache\xml-apis\xml-apis\jars\xml-apis-1.4.01.jar, C:\Users\Julia\.ivy2\cache\javax.transaction\jta\jars\jta-1.1.jar, C:\Users\Julia\.ivy2\cache\com.typesafe.play\play-java_2.11\jars\play-java_2.11-2.3.8.jar, C:\Users\Julia\.ivy2\cache\org.yaml\snakeyaml\bundles\snakeyaml-1.13.jar, C:\Users\Julia\.ivy2\cache\org.hibernate\hibernate-validator\jars\hibernate-validator-5.0.3.Final.jar, C:\Users\Julia\.ivy2\cache\javax.validation\validation-api\jars\validation-api-1.1.0.Final.jar, C:\Users\Julia\.ivy2\cache\com.fasterxml\classmate\bundles\classmate-1.0.0.jar, C:\Users\Julia\.ivy2\cache\org.jboss.logging\jboss-logging\jars\jboss-logging-3.2.0.Final.jar, C:\Users\Julia\.ivy2\cache\org.springframework\spring-context\jars\spring-context-4.0.3.RELEASE.jar, C:\Users\Julia\.ivy2\cache\org.springframework\spring-core\jars\spring-core-4.0.3.RELEASE.jar, C:\Users\Julia\.ivy2\cache\org.springframework\spring-beans\jars\spring-beans-4.0.3.RELEASE.jar, C:\Users\Julia\.ivy2\cache\org.javassist\javassist\bundles\javassist-3.19.0-GA.jar, C:\Users\Julia\.ivy2\cache\org.reflections\reflections\jars\reflections-0.9.8.jar, C:\Users\Julia\.ivy2\cache\com.google.guava\guava\bundles\guava-16.0.1.jar, C:\Users\Julia\.ivy2\cache\dom4j\dom4j\jars\dom4j-1.6.1.jar, C:\Users\Julia\.ivy2\cache\com.google.code.findbugs\jsr305\jars\jsr305-2.0.3.jar, C:\Users\Julia\.ivy2\cache\org.apache.tomcat\tomcat-servlet-api\jars\tomcat-servlet-api-8.0.5.jar, C:\Users\Julia\.ivy2\cache\com.typesafe.play\play-java-jdbc_2.11\jars\play-java-jdbc_2.11-2.3.8.jar, C:\Users\Julia\.ivy2\cache\com.typesafe.play\play-jdbc_2.11\jars\play-jdbc_2.11-2.3.8.jar, C:\Users\Julia\.ivy2\cache\com.jolbox\bonecp\bundles\bonecp-0.8.0.RELEASE.jar, C:\Users\Julia\.ivy2\cache\com.h2database\h2\jars\h2-1.3.175.jar, C:\Users\Julia\.ivy2\cache\tyrex\tyrex\jars\tyrex-1.0.1.jar, C:\Users\Julia\.ivy2\cache\com.typesafe.play\play-java-jpa_2.11\jars\play-java-jpa_2.11-2.3.8.jar, C:\Users\Julia\.ivy2\cache\org.hibernate.javax.persistence\hibernate-jpa-2.0-api\jars\hibernate-jpa-2.0-api-1.0.1.Final.jar, C:\Users\Julia\.ivy2\cache\org.hibernate\hibernate-entitymanager\jars\hibernate-entitymanager-4.3.1.Final.jar, C:\Users\Julia\.ivy2\cache\org.jboss.logging\jboss-logging-annotations\jars\jboss-logging-annotations-1.2.0.Beta1.jar, C:\Users\Julia\.ivy2\cache\org.hibernate\hibernate-core\jars\hibernate-core-4.3.1.Final.jar, C:\Users\Julia\.ivy2\cache\org.jboss.spec.javax.transaction\jboss-transaction-api_1.2_spec\jars\jboss-transaction-api_1.2_spec-1.0.0.Final.jar, C:\Users\Julia\.ivy2\cache\org.hibernate.common\hibernate-commons-annotations\jars\hibernate-commons-annotations-4.0.4.Final.jar, C:\Users\Julia\.ivy2\cache\org.hibernate.javax.persistence\hibernate-jpa-2.1-api\jars\hibernate-jpa-2.1-api-1.0.0.Final.jar, C:\Users\Julia\.ivy2\cache\antlr\antlr\jars\antlr-2.7.7.jar, C:\Users\Julia\.ivy2\cache\org.jboss\jandex\jars\jandex-1.1.0.Final.jar, C:\Users\Julia\.ivy2\cache\com.google.code.gson\gson\jars\gson-2.2.jar, C:\Users\Julia\.ivy2\cache\com.typesafe.play\play-cache_2.11\jars\play-cache_2.11-2.3.8.jar, C:\Users\Julia\.ivy2\cache\net.sf.ehcache\ehcache-core\jars\ehcache-core-2.6.8.jar),List((public/,C:\GR60\we-lab-group60\target\web\public\main)),List(C:\Users\Julia\.ivy2\cache\com.typesafe.play\play-docs_2.11\jars\play-docs_2.11-2.3.8.jar, C:\Users\Julia\.ivy2\cache\org.scala-lang\scala-library\jars\scala-library-2.11.1.jar, C:\Users\Julia\.ivy2\cache\com.typesafe.play\play_2.11\jars\play_2.11-2.3.8.jar, C:\Users\Julia\.ivy2\cache\com.typesafe.play\build-link\jars\build-link-2.3.8.jar, C:\Users\Julia\.ivy2\cache\com.typesafe.play\play-exceptions\jars\play-exceptions-2.3.8.jar, C:\Users\Julia\.ivy2\cache\org.javassist\javassist\bundles\javassist-3.18.2-GA.jar, C:\Users\Julia\.ivy2\cache\com.typesafe.play\play-iteratees_2.11\jars\play-iteratees_2.11-2.3.8.jar, C:\Users\Julia\.ivy2\cache\org.scala-stm\scala-stm_2.11\jars\scala-stm_2.11-0.7.jar, C:\Users\Julia\.ivy2\cache\com.typesafe\config\bundles\config-1.2.1.jar, C:\Users\Julia\.ivy2\cache\com.typesafe.play\play-json_2.11\jars\play-json_2.11-2.3.8.jar, C:\Users\Julia\.ivy2\cache\com.typesafe.play\play-functional_2.11\jars\play-functional_2.11-2.3.8.jar, C:\Users\Julia\.ivy2\cache\com.typesafe.play\play-datacommons_2.11\jars\play-datacommons_2.11-2.3.8.jar, C:\Users\Julia\.ivy2\cache\joda-time\joda-time\jars\joda-time-2.3.jar, C:\Users\Julia\.ivy2\cache\org.joda\joda-convert\jars\joda-convert-1.6.jar, C:\Users\Julia\.ivy2\cache\com.fasterxml.jackson.core\jackson-annotations\bundles\jackson-annotations-2.3.2.jar, C:\Users\Julia\.ivy2\cache\com.fasterxml.jackson.core\jackson-core\bundles\jackson-core-2.3.2.jar, C:\Users\Julia\.ivy2\cache\com.fasterxml.jackson.core\jackson-databind\bundles\jackson-databind-2.3.2.jar, C:\Users\Julia\.ivy2\cache\org.scala-lang\scala-reflect\jars\scala-reflect-2.11.1.jar, C:\Users\Julia\.ivy2\cache\com.typesafe.play\twirl-api_2.11\jars\twirl-api_2.11-1.0.2.jar, C:\Users\Julia\.ivy2\cache\org.apache.commons\commons-lang3\jars\commons-lang3-3.1.jar, C:\Users\Julia\.ivy2\cache\org.scala-lang.modules\scala-xml_2.11\bundles\scala-xml_2.11-1.0.1.jar, C:\Users\Julia\.ivy2\cache\org.scala-lang.modules\scala-parser-combinators_2.11\bundles\scala-parser-combinators_2.11-1.0.1.jar, C:\Users\Julia\.ivy2\cache\io.netty\netty\bundles\netty-3.9.3.Final.jar, C:\Users\Julia\.ivy2\cache\com.typesafe.netty\netty-http-pipelining\jars\netty-http-pipelining-1.1.2.jar, C:\Users\Julia\.ivy2\cache\org.slf4j\slf4j-api\jars\slf4j-api-1.7.6.jar, C:\Users\Julia\.ivy2\cache\org.slf4j\jul-to-slf4j\jars\jul-to-slf4j-1.7.6.jar, C:\Users\Julia\.ivy2\cache\org.slf4j\jcl-over-slf4j\jars\jcl-over-slf4j-1.7.6.jar, C:\Users\Julia\.ivy2\cache\ch.qos.logback\logback-core\jars\logback-core-1.1.1.jar, C:\Users\Julia\.ivy2\cache\ch.qos.logback\logback-classic\jars\logback-classic-1.1.1.jar, C:\Users\Julia\.ivy2\cache\com.typesafe.akka\akka-actor_2.11\jars\akka-actor_2.11-2.3.4.jar, C:\Users\Julia\.ivy2\cache\com.typesafe.akka\akka-slf4j_2.11\jars\akka-slf4j_2.11-2.3.4.jar, C:\Users\Julia\.ivy2\cache\commons-codec\commons-codec\jars\commons-codec-1.9.jar, C:\Users\Julia\.ivy2\cache\xerces\xercesImpl\jars\xercesImpl-2.11.0.jar, C:\Users\Julia\.ivy2\cache\xml-apis\xml-apis\jars\xml-apis-1.4.01.jar, C:\Users\Julia\.ivy2\cache\javax.transaction\jta\jars\jta-1.1.jar, C:\Users\Julia\.ivy2\cache\com.typesafe.play\play-doc_2.11\jars\play-doc_2.11-1.1.0.jar, C:\Users\Julia\.ivy2\cache\org.pegdown\pegdown\jars\pegdown-1.4.0.jar, C:\Users\Julia\.ivy2\cache\org.parboiled\parboiled-java\bundles\parboiled-java-1.1.5.jar, C:\Users\Julia\.ivy2\cache\org.parboiled\parboiled-core\bundles\parboiled-core-1.1.5.jar, C:\Users\Julia\.ivy2\cache\org.ow2.asm\asm\jars\asm-4.1.jar, C:\Users\Julia\.ivy2\cache\org.ow2.asm\asm-tree\jars\asm-tree-4.1.jar, C:\Users\Julia\.ivy2\cache\org.ow2.asm\asm-analysis\jars\asm-analysis-4.1.jar, C:\Users\Julia\.ivy2\cache\org.ow2.asm\asm-util\jars\asm-util-4.1.jar, C:\Users\Julia\.ivy2\cache\commons-io\commons-io\jars\commons-io-2.4.jar),List(),9000,DefaultWatchService,List(C:\GR60\we-lab-group60\app-2.11, C:\GR60\we-lab-group60\app, C:\GR60\we-lab-group60\conf, C:\GR60\we-lab-group60\app\assets, C:\GR60\we-lab-group60\public),C:\GR60\we-lab-group60\target,500,root/playForkNotifyStart,root/playForkReload,300000))))
Sending msg to client play-fork-run-cb518cc6-8a12-42b2-b303-b57723dd2a65: TaskStarted(24,1907,None)
Sending msg to client play-fork-run-cb518cc6-8a12-42b2-b303-b57723dd2a65: TaskFinished(24,1907,None,true,None)
Sending msg to client play-fork-run-cb518cc6-8a12-42b2-b303-b57723dd2a65: TaskStarted(24,1906,None)
Sending msg to client play-fork-run-cb518cc6-8a12-42b2-b303-b57723dd2a65: TaskFinished(24,1906,None,true,None)
Sending msg to client play-fork-run-cb518cc6-8a12-42b2-b303-b57723dd2a65: DetachedLogEvent(LogMessage(debug,cancel strategy finish enabled=false lastCommand=Some(LastCommand(CommandExecutionWork(ExecutionId(24),{file:/C:/GR60/we-lab-group60/}root/*:playForkConfig,Set(LiveClient(play-fork-run cb518cc6-8a12-42b2-b303-b57723dd2a65)),sbt.server.WorkCancellationStatus$$anon$1@3384c7f0)))))
Sending msg to client play-fork-run-cb518cc6-8a12-42b2-b303-b57723dd2a65: DetachedLogEvent(LogSuccess(Total time: 0 s, completed 08.05.2015 20:11:32))
Sending msg to client play-fork-run-cb518cc6-8a12-42b2-b303-b57723dd2a65: DetachedLogEvent(LogMessage(debug,> server-post-command-cleanup))
Sending msg to client play-fork-run-cb518cc6-8a12-42b2-b303-b57723dd2a65: ExecutionSuccess(24)
Sending msg to client play-fork-run-cb518cc6-8a12-42b2-b303-b57723dd2a65: DetachedLogEvent(LogMessage(debug,> server-handle-next-server-request))
Sending msg to client play-fork-run-cb518cc6-8a12-42b2-b303-b57723dd2a65: BackgroundJobLogEvent(2,LogMessage(info,))
Sending msg to client play-fork-run-cb518cc6-8a12-42b2-b303-b57723dd2a65: BackgroundJobLogEvent(2,LogMessage(info,--- (Running the application, auto-reloading is enabled) ---))
Sending msg to client play-fork-run-cb518cc6-8a12-42b2-b303-b57723dd2a65: BackgroundJobLogEvent(2,LogMessage(info,))
Sending msg to client play-fork-run-cb518cc6-8a12-42b2-b303-b57723dd2a65: BackgroundJobLogEvent(2,LogMessage(error,Play fork run has failed due to:))
Sending msg to client play-fork-run-cb518cc6-8a12-42b2-b303-b57723dd2a65: BackgroundJobLogEvent(2,LogMessage(error,java.lang.reflect.InvocationTargetException))
Sending msg to client play-fork-run-cb518cc6-8a12-42b2-b303-b57723dd2a65: BackgroundJobLogEvent(2,LogMessage(error,	at sun.reflect.NativeMethodAccessorImpl.invoke0(Native Method)))
Sending msg to client play-fork-run-cb518cc6-8a12-42b2-b303-b57723dd2a65: BackgroundJobLogEvent(2,LogMessage(error,	at sun.reflect.NativeMethodAccessorImpl.invoke(NativeMethodAccessorImpl.java:62)))
Sending msg to client play-fork-run-cb518cc6-8a12-42b2-b303-b57723dd2a65: BackgroundJobLogEvent(2,LogMessage(error,	at sun.reflect.DelegatingMethodAccessorImpl.invoke(DelegatingMethodAccessorImpl.java:43)))
Sending msg to client play-fork-run-cb518cc6-8a12-42b2-b303-b57723dd2a65: BackgroundJobLogEvent(2,LogMessage(error,	at java.lang.reflect.Method.invoke(Method.java:497)))
Sending msg to client play-fork-run-cb518cc6-8a12-42b2-b303-b57723dd2a65: BackgroundJobLogEvent(2,LogMessage(error,	at play.runsupport.Reloader$.startDevMode(Reloader.scala:197)))
Sending msg to client play-fork-run-cb518cc6-8a12-42b2-b303-b57723dd2a65: BackgroundJobLogEvent(2,LogMessage(error,	at play.forkrun.ForkRun$.startServer(ForkRun.scala:82)))
Sending msg to client play-fork-run-cb518cc6-8a12-42b2-b303-b57723dd2a65: BackgroundJobLogEvent(2,LogMessage(error,	at play.forkrun.ForkRun.run(ForkRun.scala:173)))
Sending msg to client play-fork-run-cb518cc6-8a12-42b2-b303-b57723dd2a65: BackgroundJobLogEvent(2,LogMessage(error,	at play.forkrun.ForkRun$$anonfun$settingUp$1.applyOrElse(ForkRun.scala:162)))
Sending msg to client play-fork-run-cb518cc6-8a12-42b2-b303-b57723dd2a65: BackgroundJobLogEvent(2,LogMessage(error,	at akka.actor.Actor$class.aroundReceive(Actor.scala:465)))
Sending msg to client play-fork-run-cb518cc6-8a12-42b2-b303-b57723dd2a65: BackgroundJobLogEvent(2,LogMessage(error,	at play.forkrun.ForkRun.aroundReceive(ForkRun.scala:148)))
Sending msg to client play-fork-run-cb518cc6-8a12-42b2-b303-b57723dd2a65: BackgroundJobLogEvent(2,LogMessage(error,	at akka.actor.ActorCell.receiveMessage(ActorCell.scala:516)))
Sending msg to client play-fork-run-cb518cc6-8a12-42b2-b303-b57723dd2a65: BackgroundJobLogEvent(2,LogMessage(error,	at akka.actor.ActorCell.invoke(ActorCell.scala:487)))
Sending msg to client play-fork-run-cb518cc6-8a12-42b2-b303-b57723dd2a65: BackgroundJobLogEvent(2,LogMessage(error,	at akka.dispatch.Mailbox.processMailbox(Mailbox.scala:254)))
Sending msg to client play-fork-run-cb518cc6-8a12-42b2-b303-b57723dd2a65: BackgroundJobLogEvent(2,LogMessage(error,	at akka.dispatch.Mailbox.run(Mailbox.scala:221)))
Sending msg to client play-fork-run-cb518cc6-8a12-42b2-b303-b57723dd2a65: BackgroundJobLogEvent(2,LogMessage(error,	at akka.dispatch.Mailbox.exec(Mailbox.scala:231)))
Sending msg to client play-fork-run-cb518cc6-8a12-42b2-b303-b57723dd2a65: BackgroundJobLogEvent(2,LogMessage(error,	at scala.concurrent.forkjoin.ForkJoinTask.doExec(ForkJoinTask.java:260)))
Sending msg to client play-fork-run-cb518cc6-8a12-42b2-b303-b57723dd2a65: BackgroundJobLogEvent(2,LogMessage(error,	at scala.concurrent.forkjoin.ForkJoinPool$WorkQueue.runTask(ForkJoinPool.java:1339)))
Sending msg to client play-fork-run-cb518cc6-8a12-42b2-b303-b57723dd2a65: BackgroundJobLogEvent(2,LogMessage(error,	at scala.concurrent.forkjoin.ForkJoinPool.runWorker(ForkJoinPool.java:1979)))
Sending msg to client play-fork-run-cb518cc6-8a12-42b2-b303-b57723dd2a65: BackgroundJobLogEvent(2,LogMessage(error,	at scala.concurrent.forkjoin.ForkJoinWorkerThread.run(ForkJoinWorkerThread.java:107)))
Sending msg to client play-fork-run-cb518cc6-8a12-42b2-b303-b57723dd2a65: BackgroundJobLogEvent(2,LogMessage(error,Caused by: org.jboss.netty.channel.ChannelException: Failed to bind to: /0.0.0.0:9000))
Sending msg to client play-fork-run-cb518cc6-8a12-42b2-b303-b57723dd2a65: BackgroundJobLogEvent(2,LogMessage(error,	at org.jboss.netty.bootstrap.ServerBootstrap.bind(ServerBootstrap.java:272)))
Sending msg to client play-fork-run-cb518cc6-8a12-42b2-b303-b57723dd2a65: BackgroundJobLogEvent(2,LogMessage(error,	at play.core.server.NettyServer$$anonfun$8.apply(NettyServer.scala:138)))
Sending msg to client play-fork-run-cb518cc6-8a12-42b2-b303-b57723dd2a65: BackgroundJobLogEvent(2,LogMessage(error,	at play.core.server.NettyServer$$anonfun$8.apply(NettyServer.scala:135)))
Sending msg to client play-fork-run-cb518cc6-8a12-42b2-b303-b57723dd2a65: BackgroundJobLogEvent(2,LogMessage(error,	at scala.Option.map(Option.scala:145)))
Sending msg to client play-fork-run-cb518cc6-8a12-42b2-b303-b57723dd2a65: BackgroundJobLogEvent(2,LogMessage(error,	at play.core.server.NettyServer.<init>(NettyServer.scala:135)))
Sending msg to client play-fork-run-cb518cc6-8a12-42b2-b303-b57723dd2a65: BackgroundJobLogEvent(2,LogMessage(error,	at play.core.server.NettyServer$$anonfun$mainDev$1.apply(NettyServer.scala:320)))
Sending msg to client play-fork-run-cb518cc6-8a12-42b2-b303-b57723dd2a65: BackgroundJobLogEvent(2,LogMessage(error,	at play.core.server.NettyServer$$anonfun$mainDev$1.apply(NettyServer.scala:318)))
Sending msg to client play-fork-run-cb518cc6-8a12-42b2-b303-b57723dd2a65: BackgroundJobLogEvent(2,LogMessage(error,	at play.utils.Threads$.withContextClassLoader(Threads.scala:21)))
Sending msg to client play-fork-run-cb518cc6-8a12-42b2-b303-b57723dd2a65: BackgroundJobLogEvent(2,LogMessage(error,	at play.core.server.NettyServer$.mainDev(NettyServer.scala:317)))
Sending msg to client play-fork-run-cb518cc6-8a12-42b2-b303-b57723dd2a65: BackgroundJobLogEvent(2,LogMessage(error,	at play.core.server.NettyServer$.mainDevHttpMode(NettyServer.scala:313)))
Sending msg to client play-fork-run-cb518cc6-8a12-42b2-b303-b57723dd2a65: BackgroundJobLogEvent(2,LogMessage(error,	at play.core.server.NettyServer.mainDevHttpMode(NettyServer.scala)))
Sending msg to client play-fork-run-cb518cc6-8a12-42b2-b303-b57723dd2a65: BackgroundJobLogEvent(2,LogMessage(error,	... 19 more))
Sending msg to client play-fork-run-cb518cc6-8a12-42b2-b303-b57723dd2a65: BackgroundJobLogEvent(2,LogMessage(error,Caused by: java.net.BindException: Address already in use: bind))
Sending msg to client play-fork-run-cb518cc6-8a12-42b2-b303-b57723dd2a65: BackgroundJobLogEvent(2,LogMessage(error,	at sun.nio.ch.Net.bind0(Native Method)))
Sending msg to client play-fork-run-cb518cc6-8a12-42b2-b303-b57723dd2a65: BackgroundJobLogEvent(2,LogMessage(error,	at sun.nio.ch.Net.bind(Net.java:437)))
Sending msg to client play-fork-run-cb518cc6-8a12-42b2-b303-b57723dd2a65: BackgroundJobLogEvent(2,LogMessage(error,	at sun.nio.ch.Net.bind(Net.java:429)))
Sending msg to client play-fork-run-cb518cc6-8a12-42b2-b303-b57723dd2a65: BackgroundJobLogEvent(2,LogMessage(error,	at sun.nio.ch.ServerSocketChannelImpl.bind(ServerSocketChannelImpl.java:223)))
Sending msg to client play-fork-run-cb518cc6-8a12-42b2-b303-b57723dd2a65: BackgroundJobLogEvent(2,LogMessage(error,	at sun.nio.ch.ServerSocketAdaptor.bind(ServerSocketAdaptor.java:74)))
Sending msg to client play-fork-run-cb518cc6-8a12-42b2-b303-b57723dd2a65: BackgroundJobLogEvent(2,LogMessage(error,	at org.jboss.netty.channel.socket.nio.NioServerBoss$RegisterTask.run(NioServerBoss.java:193)))
Sending msg to client play-fork-run-cb518cc6-8a12-42b2-b303-b57723dd2a65: BackgroundJobLogEvent(2,LogMessage(error,	at org.jboss.netty.channel.socket.nio.AbstractNioSelector.processTaskQueue(AbstractNioSelector.java:372)))
Sending msg to client play-fork-run-cb518cc6-8a12-42b2-b303-b57723dd2a65: BackgroundJobLogEvent(2,LogMessage(error,	at org.jboss.netty.channel.socket.nio.AbstractNioSelector.run(AbstractNioSelector.java:296)))
Sending msg to client play-fork-run-cb518cc6-8a12-42b2-b303-b57723dd2a65: BackgroundJobLogEvent(2,LogMessage(error,	at org.jboss.netty.channel.socket.nio.NioServerBoss.run(NioServerBoss.java:42)))
Sending msg to client play-fork-run-cb518cc6-8a12-42b2-b303-b57723dd2a65: BackgroundJobLogEvent(2,LogMessage(error,	at org.jboss.netty.util.ThreadRenamingRunnable.run(ThreadRenamingRunnable.java:108)))
Sending msg to client play-fork-run-cb518cc6-8a12-42b2-b303-b57723dd2a65: BackgroundJobLogEvent(2,LogMessage(error,	at org.jboss.netty.util.internal.DeadLockProofWorker$1.run(DeadLockProofWorker.java:42)))
Sending msg to client play-fork-run-cb518cc6-8a12-42b2-b303-b57723dd2a65: BackgroundJobLogEvent(2,LogMessage(error,	at java.util.concurrent.ThreadPoolExecutor.runWorker(ThreadPoolExecutor.java:1142)))
Sending msg to client play-fork-run-cb518cc6-8a12-42b2-b303-b57723dd2a65: BackgroundJobLogEvent(2,LogMessage(error,	at java.util.concurrent.ThreadPoolExecutor$Worker.run(ThreadPoolExecutor.java:617)))
Sending msg to client play-fork-run-cb518cc6-8a12-42b2-b303-b57723dd2a65: BackgroundJobLogEvent(2,LogMessage(error,	at java.lang.Thread.run(Thread.java:745)))
Got request: UnlistenToEvents()
Reading next message from client.
Sending msg to client play-fork-run-cb518cc6-8a12-42b2-b303-b57723dd2a65: (8,ReceivedResponse())
Got request: UnlistenToValue(AttributeKey[play.forkrun.protocol.ForkConfig]("playForkConfig") in Scope(Build: file:/C:/GR60/we-lab-group60/, , Project: ProjectReference(file:/C:/GR60/we-lab-group60/,root)))
Reading next message from client.
Client play-fork-run-cb518cc6-8a12-42b2-b303-b57723dd2a65 EOF, shutting down.
Stopping client.
Client play-fork-run-cb518cc6-8a12-42b2-b303-b57723dd2a65 thread exiting.
Dropping message (9,ReceivedResponse()) to dead client play-fork-run-cb518cc6-8a12-42b2-b303-b57723dd2a65
Dropping message (0,ReceivedResponse()) to dead client play-fork-run-cb518cc6-8a12-42b2-b303-b57723dd2a65
