New log file opened at Fri May 08 20:50:45 CEST 2015 by 8700@Julia
Sending msg to client play-fork-run-7f6a8707-7154-4d71-bdfe-7db39870ab23: DetachedLogEvent(LogMessage(debug,sbt server socket logs are in: C:\GR60\we-lab-group60\.sbtserver\connections\master.log))
Sending msg to client play-fork-run-7f6a8707-7154-4d71-bdfe-7db39870ab23: DetachedLogEvent(LogMessage(debug,sbt client logs are in: C:\GR60\we-lab-group60\.sbtserver\connections\play-fork-run-7f6a8707-7154-4d71-bdfe-7db39870ab23.log))
Sending msg to client play-fork-run-7f6a8707-7154-4d71-bdfe-7db39870ab23: DetachedLogEvent(LogMessage(debug,sbt general server logs are in: C:\GR60\we-lab-group60\.sbtserver\master.log))
Reading next message from client.
Got request: DaemonRequest(true)
Reading next message from client.
Sending msg to client play-fork-run-7f6a8707-7154-4d71-bdfe-7db39870ab23: (3,ReceivedResponse())
Got request: ListenToEvents()
Reading next message from client.
Sending msg to client play-fork-run-7f6a8707-7154-4d71-bdfe-7db39870ab23: BackgroundJobStarted(59,BackgroundJobInfo(1,backgroundRun,AttributeKey[sbt.BackgroundJobHandle]("backgroundRun") in Scope(Build: file:/C:/GR60/we-lab-group60/, , Project: ProjectReference(file:/C:/GR60/we-lab-group60/,root), Config: compile)))
Sending msg to client play-fork-run-7f6a8707-7154-4d71-bdfe-7db39870ab23: BackgroundJobStarted(27,BackgroundJobInfo(3,backgroundRun,AttributeKey[sbt.BackgroundJobHandle]("backgroundRun") in Scope(Build: file:/C:/GR60/we-lab-group60/, , Project: ProjectReference(file:/C:/GR60/we-lab-group60/,root), Config: compile)))
Sending msg to client play-fork-run-7f6a8707-7154-4d71-bdfe-7db39870ab23: (4,ReceivedResponse())
Got request: KeyLookupRequest(root/playForkConfig)
Reading next message from client.
Sending msg to client play-fork-run-7f6a8707-7154-4d71-bdfe-7db39870ab23: (5,KeyLookupResponse(root/playForkConfig,Vector(AttributeKey[play.forkrun.protocol.ForkConfig]("playForkConfig") in Scope(Build: file:/C:/GR60/we-lab-group60/, , Project: ProjectReference(file:/C:/GR60/we-lab-group60/,root)))))
Got request: ListenToValue(AttributeKey[play.forkrun.protocol.ForkConfig]("playForkConfig") in Scope(Build: file:/C:/GR60/we-lab-group60/, , Project: ProjectReference(file:/C:/GR60/we-lab-group60/,root)))
Reading next message from client.
Sending msg to client play-fork-run-7f6a8707-7154-4d71-bdfe-7db39870ab23: (6,ReceivedResponse())
Got request: KeyExecutionRequest(AttributeKey[play.forkrun.protocol.ForkConfig]("playForkConfig") in Scope(Build: file:/C:/GR60/we-lab-group60/, , Project: ProjectReference(file:/C:/GR60/we-lab-group60/,root)))
Reading next message from client.
Sending msg to client play-fork-run-7f6a8707-7154-4d71-bdfe-7db39870ab23: (7,ExecutionRequestReceived(60))
Sending msg to client play-fork-run-7f6a8707-7154-4d71-bdfe-7db39870ab23: ExecutionWaiting(60,{file:/C:/GR60/we-lab-group60/}root/*:playForkConfig,ClientInfo(7f6a8707-7154-4d71-bdfe-7db39870ab23,play-fork-run,Play Fork Run,1,Vector()))
Sending msg to client play-fork-run-7f6a8707-7154-4d71-bdfe-7db39870ab23: ExecutionStarting(60)
Sending msg to client play-fork-run-7f6a8707-7154-4d71-bdfe-7db39870ab23: DetachedLogEvent(LogMessage(debug,> {file:/C:/GR60/we-lab-group60/}root/*:playForkConfig))
Sending msg to client play-fork-run-7f6a8707-7154-4d71-bdfe-7db39870ab23: DetachedLogEvent(LogMessage(debug,Evaluating tasks: *:playForkConfig))
Sending msg to client play-fork-run-7f6a8707-7154-4d71-bdfe-7db39870ab23: DetachedLogEvent(LogMessage(debug,Running task... Cancel: sbt.server.ServerTaskCancellation@48426d65, check cycles: false))
Sending msg to client play-fork-run-7f6a8707-7154-4d71-bdfe-7db39870ab23: DetachedLogEvent(LogMessage(debug,cancel strategy start enabled=true lastCommand=Some(LastCommand(CommandExecutionWork(ExecutionId(60),{file:/C:/GR60/we-lab-group60/}root/*:playForkConfig,Set(LiveClient(play-fork-run 7f6a8707-7154-4d71-bdfe-7db39870ab23)),sbt.server.WorkCancellationStatus$$anon$1@3c4d0975)))))
Sending msg to client play-fork-run-7f6a8707-7154-4d71-bdfe-7db39870ab23: TaskStarted(60,5687,Some(AttributeKey[scala.collection.Seq[java.lang.String]]("javaOptions") in Scope(Global)))
Sending msg to client play-fork-run-7f6a8707-7154-4d71-bdfe-7db39870ab23: TaskStarted(60,5689,Some(AttributeKey[scala.Tuple2[java.lang.String,java.io.File]]("playPrefixAndAssets") in Scope(Build: file:/C:/GR60/we-lab-group60/, , Project: ProjectReference(file:/C:/GR60/we-lab-group60/,root))))
Sending msg to client play-fork-run-7f6a8707-7154-4d71-bdfe-7db39870ab23: TaskStarted(60,5693,None)
Sending msg to client play-fork-run-7f6a8707-7154-4d71-bdfe-7db39870ab23: TaskStarted(60,5697,Some(AttributeKey[boolean]("skip") in Scope(Global)))
Sending msg to client play-fork-run-7f6a8707-7154-4d71-bdfe-7db39870ab23: TaskStarted(60,5702,None)
Sending msg to client play-fork-run-7f6a8707-7154-4d71-bdfe-7db39870ab23: TaskStarted(60,5703,Some(AttributeKey[java.lang.String]("updateCacheName") in Scope(Build: file:/C:/GR60/we-lab-group60/, , Project: ProjectReference(file:/C:/GR60/we-lab-group60/,root))))
Sending msg to client play-fork-run-7f6a8707-7154-4d71-bdfe-7db39870ab23: TaskStarted(60,5705,None)
Sending msg to client play-fork-run-7f6a8707-7154-4d71-bdfe-7db39870ab23: TaskStarted(60,5712,Some(AttributeKey[scala.Option[java.lang.String]]("echoTraceAkkaVersion") in Scope(Build: file:/C:/GR60/we-lab-group60/, , Project: ProjectReference(file:/C:/GR60/we-lab-group60/,root), Config: echo)))
Sending msg to client play-fork-run-7f6a8707-7154-4d71-bdfe-7db39870ab23: TaskStarted(60,5718,Some(AttributeKey[scala.Option[scala.collection.Seq[sbt.Resolver]]]("bootResolvers") in Scope(Build: file:/C:/GR60/we-lab-group60/, , Project: ProjectReference(file:/C:/GR60/we-lab-group60/,root))))
Sending msg to client play-fork-run-7f6a8707-7154-4d71-bdfe-7db39870ab23: TaskStarted(60,5719,Some(AttributeKey[scala.collection.Seq[sbt.Resolver]]("externalResolvers") in Scope(Build: file:/C:/GR60/we-lab-group60/, , Project: ProjectReference(file:/C:/GR60/we-lab-group60/,root))))
Sending msg to client play-fork-run-7f6a8707-7154-4d71-bdfe-7db39870ab23: TaskStarted(60,5725,Some(AttributeKey[scala.collection.Seq[sbt.Credentials]]("credentials") in Scope(Global)))
Sending msg to client play-fork-run-7f6a8707-7154-4d71-bdfe-7db39870ab23: TaskStarted(60,5726,None)
Sending msg to client play-fork-run-7f6a8707-7154-4d71-bdfe-7db39870ab23: TaskStarted(60,5728,None)
Sending msg to client play-fork-run-7f6a8707-7154-4d71-bdfe-7db39870ab23: TaskStarted(60,5729,None)
Sending msg to client play-fork-run-7f6a8707-7154-4d71-bdfe-7db39870ab23: TaskStarted(60,5739,None)
Sending msg to client play-fork-run-7f6a8707-7154-4d71-bdfe-7db39870ab23: TaskFinished(60,5687,Some(AttributeKey[scala.collection.Seq[java.lang.String]]("javaOptions") in Scope(Global)),true,None)
Sending msg to client play-fork-run-7f6a8707-7154-4d71-bdfe-7db39870ab23: TaskFinished(60,5703,Some(AttributeKey[java.lang.String]("updateCacheName") in Scope(Build: file:/C:/GR60/we-lab-group60/, , Project: ProjectReference(file:/C:/GR60/we-lab-group60/,root))),true,None)
Sending msg to client play-fork-run-7f6a8707-7154-4d71-bdfe-7db39870ab23: TaskFinished(60,5719,Some(AttributeKey[scala.collection.Seq[sbt.Resolver]]("externalResolvers") in Scope(Build: file:/C:/GR60/we-lab-group60/, , Project: ProjectReference(file:/C:/GR60/we-lab-group60/,root))),true,None)
Sending msg to client play-fork-run-7f6a8707-7154-4d71-bdfe-7db39870ab23: TaskFinished(60,5718,Some(AttributeKey[scala.Option[scala.collection.Seq[sbt.Resolver]]]("bootResolvers") in Scope(Build: file:/C:/GR60/we-lab-group60/, , Project: ProjectReference(file:/C:/GR60/we-lab-group60/,root))),true,None)
Sending msg to client play-fork-run-7f6a8707-7154-4d71-bdfe-7db39870ab23: TaskFinished(60,5725,Some(AttributeKey[scala.collection.Seq[sbt.Credentials]]("credentials") in Scope(Global)),true,None)
Sending msg to client play-fork-run-7f6a8707-7154-4d71-bdfe-7db39870ab23: TaskFinished(60,5726,None,true,None)
Sending msg to client play-fork-run-7f6a8707-7154-4d71-bdfe-7db39870ab23: TaskFinished(60,5728,None,true,None)
Sending msg to client play-fork-run-7f6a8707-7154-4d71-bdfe-7db39870ab23: TaskFinished(60,5729,None,true,None)
Sending msg to client play-fork-run-7f6a8707-7154-4d71-bdfe-7db39870ab23: TaskStarted(60,5727,Some(AttributeKey[scala.collection.Seq[sbt.UpdateReport]]("transitiveUpdate") in Scope(Build: file:/C:/GR60/we-lab-group60/, , Project: ProjectReference(file:/C:/GR60/we-lab-group60/,root))))
Sending msg to client play-fork-run-7f6a8707-7154-4d71-bdfe-7db39870ab23: TaskFinished(60,5705,None,true,None)
Sending msg to client play-fork-run-7f6a8707-7154-4d71-bdfe-7db39870ab23: TaskFinished(60,5739,None,true,None)
Sending msg to client play-fork-run-7f6a8707-7154-4d71-bdfe-7db39870ab23: TaskFinished(60,5693,None,true,None)
Sending msg to client play-fork-run-7f6a8707-7154-4d71-bdfe-7db39870ab23: TaskStarted(60,5692,Some(AttributeKey[scala.collection.Seq[java.lang.String]]("playMonitoredFiles") in Scope(Build: file:/C:/GR60/we-lab-group60/, , Project: ProjectReference(file:/C:/GR60/we-lab-group60/,root))))
Sending msg to client play-fork-run-7f6a8707-7154-4d71-bdfe-7db39870ab23: TaskStarted(60,5698,Some(AttributeKey[java.io.File]("dependencyCacheDirectory") in Scope(Build: file:/C:/GR60/we-lab-group60/, , Project: ProjectReference(file:/C:/GR60/we-lab-group60/,root))))
Sending msg to client play-fork-run-7f6a8707-7154-4d71-bdfe-7db39870ab23: TaskStarted(60,5707,Some(AttributeKey[sbt.BuildStructure]("buildStructure") in Scope(Global)))
Sending msg to client play-fork-run-7f6a8707-7154-4d71-bdfe-7db39870ab23: TaskFinished(60,5727,Some(AttributeKey[scala.collection.Seq[sbt.UpdateReport]]("transitiveUpdate") in Scope(Build: file:/C:/GR60/we-lab-group60/, , Project: ProjectReference(file:/C:/GR60/we-lab-group60/,root))),true,None)
Sending msg to client play-fork-run-7f6a8707-7154-4d71-bdfe-7db39870ab23: TaskFinished(60,5689,Some(AttributeKey[scala.Tuple2[java.lang.String,java.io.File]]("playPrefixAndAssets") in Scope(Build: file:/C:/GR60/we-lab-group60/, , Project: ProjectReference(file:/C:/GR60/we-lab-group60/,root))),true,None)
Sending msg to client play-fork-run-7f6a8707-7154-4d71-bdfe-7db39870ab23: TaskStarted(60,5691,None)
Sending msg to client play-fork-run-7f6a8707-7154-4d71-bdfe-7db39870ab23: TaskFinished(60,5697,Some(AttributeKey[boolean]("skip") in Scope(Global)),true,None)
Sending msg to client play-fork-run-7f6a8707-7154-4d71-bdfe-7db39870ab23: TaskFinished(60,5712,Some(AttributeKey[scala.Option[java.lang.String]]("echoTraceAkkaVersion") in Scope(Build: file:/C:/GR60/we-lab-group60/, , Project: ProjectReference(file:/C:/GR60/we-lab-group60/,root), Config: echo)),true,None)
Sending msg to client play-fork-run-7f6a8707-7154-4d71-bdfe-7db39870ab23: TaskStarted(60,5711,Some(AttributeKey[scala.collection.Seq[sbt.ModuleID]]("echoTraceDependencies") in Scope(Build: file:/C:/GR60/we-lab-group60/, , Project: ProjectReference(file:/C:/GR60/we-lab-group60/,root), Config: echo)))
Sending msg to client play-fork-run-7f6a8707-7154-4d71-bdfe-7db39870ab23: TaskFinished(60,5702,None,true,None)
Sending msg to client play-fork-run-7f6a8707-7154-4d71-bdfe-7db39870ab23: TaskStarted(60,5701,None)
Sending msg to client play-fork-run-7f6a8707-7154-4d71-bdfe-7db39870ab23: TaskStarted(60,5722,None)
Sending msg to client play-fork-run-7f6a8707-7154-4d71-bdfe-7db39870ab23: TaskStarted(60,5723,None)
Sending msg to client play-fork-run-7f6a8707-7154-4d71-bdfe-7db39870ab23: TaskStarted(60,5724,None)
Sending msg to client play-fork-run-7f6a8707-7154-4d71-bdfe-7db39870ab23: TaskStarted(60,5730,None)
Sending msg to client play-fork-run-7f6a8707-7154-4d71-bdfe-7db39870ab23: TaskStarted(60,5732,None)
Sending msg to client play-fork-run-7f6a8707-7154-4d71-bdfe-7db39870ab23: TaskStarted(60,5740,None)
Sending msg to client play-fork-run-7f6a8707-7154-4d71-bdfe-7db39870ab23: TaskStarted(60,5743,None)
Sending msg to client play-fork-run-7f6a8707-7154-4d71-bdfe-7db39870ab23: TaskFinished(60,5698,Some(AttributeKey[java.io.File]("dependencyCacheDirectory") in Scope(Build: file:/C:/GR60/we-lab-group60/, , Project: ProjectReference(file:/C:/GR60/we-lab-group60/,root))),true,None)
Sending msg to client play-fork-run-7f6a8707-7154-4d71-bdfe-7db39870ab23: TaskFinished(60,5707,Some(AttributeKey[sbt.BuildStructure]("buildStructure") in Scope(Global)),true,None)
Sending msg to client play-fork-run-7f6a8707-7154-4d71-bdfe-7db39870ab23: TaskStarted(60,5706,Some(AttributeKey[sbt.Settings[sbt.Scope]]("settingsData") in Scope(Global)))
Sending msg to client play-fork-run-7f6a8707-7154-4d71-bdfe-7db39870ab23: TaskFinished(60,5692,Some(AttributeKey[scala.collection.Seq[java.lang.String]]("playMonitoredFiles") in Scope(Build: file:/C:/GR60/we-lab-group60/, , Project: ProjectReference(file:/C:/GR60/we-lab-group60/,root))),true,None)
Sending msg to client play-fork-run-7f6a8707-7154-4d71-bdfe-7db39870ab23: TaskFinished(60,5691,None,true,None)
Sending msg to client play-fork-run-7f6a8707-7154-4d71-bdfe-7db39870ab23: TaskStarted(60,5690,None)
Sending msg to client play-fork-run-7f6a8707-7154-4d71-bdfe-7db39870ab23: TaskFinished(60,5711,Some(AttributeKey[scala.collection.Seq[sbt.ModuleID]]("echoTraceDependencies") in Scope(Build: file:/C:/GR60/we-lab-group60/, , Project: ProjectReference(file:/C:/GR60/we-lab-group60/,root), Config: echo)),true,None)
Sending msg to client play-fork-run-7f6a8707-7154-4d71-bdfe-7db39870ab23: TaskFinished(60,5701,None,true,None)
Sending msg to client play-fork-run-7f6a8707-7154-4d71-bdfe-7db39870ab23: TaskStarted(60,5700,Some(AttributeKey[scala.collection.immutable.Map[sbt.ModuleID,sbt.SourcePosition]]("dependencyPositions") in Scope(Build: file:/C:/GR60/we-lab-group60/, , Project: ProjectReference(file:/C:/GR60/we-lab-group60/,root))))
Sending msg to client play-fork-run-7f6a8707-7154-4d71-bdfe-7db39870ab23: TaskFinished(60,5722,None,true,None)
Sending msg to client play-fork-run-7f6a8707-7154-4d71-bdfe-7db39870ab23: TaskFinished(60,5723,None,true,None)
Sending msg to client play-fork-run-7f6a8707-7154-4d71-bdfe-7db39870ab23: TaskFinished(60,5724,None,true,None)
Sending msg to client play-fork-run-7f6a8707-7154-4d71-bdfe-7db39870ab23: TaskFinished(60,5730,None,true,None)
Sending msg to client play-fork-run-7f6a8707-7154-4d71-bdfe-7db39870ab23: TaskFinished(60,5732,None,true,None)
Sending msg to client play-fork-run-7f6a8707-7154-4d71-bdfe-7db39870ab23: TaskFinished(60,5740,None,true,None)
Sending msg to client play-fork-run-7f6a8707-7154-4d71-bdfe-7db39870ab23: TaskFinished(60,5743,None,true,None)
Sending msg to client play-fork-run-7f6a8707-7154-4d71-bdfe-7db39870ab23: TaskFinished(60,5706,Some(AttributeKey[sbt.Settings[sbt.Scope]]("settingsData") in Scope(Global)),true,None)
Sending msg to client play-fork-run-7f6a8707-7154-4d71-bdfe-7db39870ab23: TaskStarted(60,5704,None)
Sending msg to client play-fork-run-7f6a8707-7154-4d71-bdfe-7db39870ab23: TaskStarted(60,5714,Some(AttributeKey[scala.collection.Seq[sbt.ModuleID]]("projectDependencies") in Scope(Build: file:/C:/GR60/we-lab-group60/, , Project: ProjectReference(file:/C:/GR60/we-lab-group60/,root))))
Sending msg to client play-fork-run-7f6a8707-7154-4d71-bdfe-7db39870ab23: TaskStarted(60,5721,Some(AttributeKey[scala.collection.immutable.Map[org.apache.ivy.core.module.id.ModuleRevisionId,org.apache.ivy.core.module.descriptor.ModuleDescriptor]]("projectDescriptors") in Scope(Build: file:/C:/GR60/we-lab-group60/, , Project: ProjectReference(file:/C:/GR60/we-lab-group60/,root))))
Sending msg to client play-fork-run-7f6a8707-7154-4d71-bdfe-7db39870ab23: TaskStarted(60,5742,None)
Sending msg to client play-fork-run-7f6a8707-7154-4d71-bdfe-7db39870ab23: TaskFinished(60,5714,Some(AttributeKey[scala.collection.Seq[sbt.ModuleID]]("projectDependencies") in Scope(Build: file:/C:/GR60/we-lab-group60/, , Project: ProjectReference(file:/C:/GR60/we-lab-group60/,root))),true,None)
Sending msg to client play-fork-run-7f6a8707-7154-4d71-bdfe-7db39870ab23: TaskStarted(60,5713,Some(AttributeKey[scala.collection.Seq[sbt.ModuleID]]("allDependencies") in Scope(Build: file:/C:/GR60/we-lab-group60/, , Project: ProjectReference(file:/C:/GR60/we-lab-group60/,root))))
Sending msg to client play-fork-run-7f6a8707-7154-4d71-bdfe-7db39870ab23: TaskStarted(60,5748,None)
Sending msg to client play-fork-run-7f6a8707-7154-4d71-bdfe-7db39870ab23: TaskStarted(60,5750,None)
Sending msg to client play-fork-run-7f6a8707-7154-4d71-bdfe-7db39870ab23: TaskStarted(60,5751,None)
Sending msg to client play-fork-run-7f6a8707-7154-4d71-bdfe-7db39870ab23: TaskStarted(60,5753,None)
Sending msg to client play-fork-run-7f6a8707-7154-4d71-bdfe-7db39870ab23: TaskStarted(60,5754,None)
Sending msg to client play-fork-run-7f6a8707-7154-4d71-bdfe-7db39870ab23: TaskFinished(60,5713,Some(AttributeKey[scala.collection.Seq[sbt.ModuleID]]("allDependencies") in Scope(Build: file:/C:/GR60/we-lab-group60/, , Project: ProjectReference(file:/C:/GR60/we-lab-group60/,root))),true,None)
Sending msg to client play-fork-run-7f6a8707-7154-4d71-bdfe-7db39870ab23: TaskStarted(60,5710,Some(AttributeKey[scala.collection.Seq[sbt.ModuleID]]("allDependencies") in Scope(Build: file:/C:/GR60/we-lab-group60/, , Project: ProjectReference(file:/C:/GR60/we-lab-group60/,root))))
Sending msg to client play-fork-run-7f6a8707-7154-4d71-bdfe-7db39870ab23: TaskFinished(60,5748,None,true,None)
Sending msg to client play-fork-run-7f6a8707-7154-4d71-bdfe-7db39870ab23: TaskStarted(60,5747,None)
Sending msg to client play-fork-run-7f6a8707-7154-4d71-bdfe-7db39870ab23: TaskFinished(60,5750,None,true,None)
Sending msg to client play-fork-run-7f6a8707-7154-4d71-bdfe-7db39870ab23: TaskFinished(60,5751,None,true,None)
Sending msg to client play-fork-run-7f6a8707-7154-4d71-bdfe-7db39870ab23: TaskStarted(60,5749,Some(AttributeKey[scala.collection.Seq[sbt.Attributed[java.io.File]]]("unmanagedJars") in Scope(Build: file:/C:/GR60/we-lab-group60/, , Project: ProjectReference(file:/C:/GR60/we-lab-group60/,root), Config: compile)))
Sending msg to client play-fork-run-7f6a8707-7154-4d71-bdfe-7db39870ab23: TaskFinished(60,5690,None,true,None)
Sending msg to client play-fork-run-7f6a8707-7154-4d71-bdfe-7db39870ab23: TaskStarted(60,5688,Some(AttributeKey[scala.collection.Seq[scala.Tuple2[java.lang.String,java.io.File]]]("playAllAssets") in Scope(Build: file:/C:/GR60/we-lab-group60/, , Project: ProjectReference(file:/C:/GR60/we-lab-group60/,root))))
Sending msg to client play-fork-run-7f6a8707-7154-4d71-bdfe-7db39870ab23: TaskStarted(60,5755,None)
Sending msg to client play-fork-run-7f6a8707-7154-4d71-bdfe-7db39870ab23: TaskFinished(60,5754,None,true,None)
Sending msg to client play-fork-run-7f6a8707-7154-4d71-bdfe-7db39870ab23: TaskFinished(60,5753,None,true,None)
Sending msg to client play-fork-run-7f6a8707-7154-4d71-bdfe-7db39870ab23: TaskStarted(60,5752,Some(AttributeKey[scala.collection.Seq[sbt.Attributed[java.io.File]]]("unmanagedJars") in Scope(Build: file:/C:/GR60/we-lab-group60/, , Project: ProjectReference(file:/C:/GR60/we-lab-group60/,root), Config: runtime)))
Sending msg to client play-fork-run-7f6a8707-7154-4d71-bdfe-7db39870ab23: TaskStarted(60,5757,None)
Sending msg to client play-fork-run-7f6a8707-7154-4d71-bdfe-7db39870ab23: TaskFinished(60,5700,Some(AttributeKey[scala.collection.immutable.Map[sbt.ModuleID,sbt.SourcePosition]]("dependencyPositions") in Scope(Build: file:/C:/GR60/we-lab-group60/, , Project: ProjectReference(file:/C:/GR60/we-lab-group60/,root))),true,None)
Sending msg to client play-fork-run-7f6a8707-7154-4d71-bdfe-7db39870ab23: TaskStarted(60,5699,Some(AttributeKey[sbt.UnresolvedWarningConfiguration]("unresolvedWarningConfiguration") in Scope(Build: file:/C:/GR60/we-lab-group60/, , Project: ProjectReference(file:/C:/GR60/we-lab-group60/,root), Task: AttributeKey[sbt.UpdateReport]("update"))))
Sending msg to client play-fork-run-7f6a8707-7154-4d71-bdfe-7db39870ab23: TaskFinished(60,5710,Some(AttributeKey[scala.collection.Seq[sbt.ModuleID]]("allDependencies") in Scope(Build: file:/C:/GR60/we-lab-group60/, , Project: ProjectReference(file:/C:/GR60/we-lab-group60/,root))),true,None)
Sending msg to client play-fork-run-7f6a8707-7154-4d71-bdfe-7db39870ab23: TaskStarted(60,5709,Some(AttributeKey[sbt.ModuleSettings]("moduleSettings") in Scope(Build: file:/C:/GR60/we-lab-group60/, , Project: ProjectReference(file:/C:/GR60/we-lab-group60/,root))))
Sending msg to client play-fork-run-7f6a8707-7154-4d71-bdfe-7db39870ab23: TaskStarted(60,5758,None)
Sending msg to client play-fork-run-7f6a8707-7154-4d71-bdfe-7db39870ab23: TaskFinished(60,5749,Some(AttributeKey[scala.collection.Seq[sbt.Attributed[java.io.File]]]("unmanagedJars") in Scope(Build: file:/C:/GR60/we-lab-group60/, , Project: ProjectReference(file:/C:/GR60/we-lab-group60/,root), Config: compile)),true,None)
Sending msg to client play-fork-run-7f6a8707-7154-4d71-bdfe-7db39870ab23: TaskFinished(60,5755,None,true,None)
Sending msg to client play-fork-run-7f6a8707-7154-4d71-bdfe-7db39870ab23: TaskFinished(60,5704,None,true,None)
Sending msg to client play-fork-run-7f6a8707-7154-4d71-bdfe-7db39870ab23: TaskFinished(60,5688,Some(AttributeKey[scala.collection.Seq[scala.Tuple2[java.lang.String,java.io.File]]]("playAllAssets") in Scope(Build: file:/C:/GR60/we-lab-group60/, , Project: ProjectReference(file:/C:/GR60/we-lab-group60/,root))),true,None)
Sending msg to client play-fork-run-7f6a8707-7154-4d71-bdfe-7db39870ab23: TaskFinished(60,5752,Some(AttributeKey[scala.collection.Seq[sbt.Attributed[java.io.File]]]("unmanagedJars") in Scope(Build: file:/C:/GR60/we-lab-group60/, , Project: ProjectReference(file:/C:/GR60/we-lab-group60/,root), Config: runtime)),true,None)
Sending msg to client play-fork-run-7f6a8707-7154-4d71-bdfe-7db39870ab23: TaskFinished(60,5757,None,true,None)
Sending msg to client play-fork-run-7f6a8707-7154-4d71-bdfe-7db39870ab23: TaskStarted(60,5756,None)
Sending msg to client play-fork-run-7f6a8707-7154-4d71-bdfe-7db39870ab23: TaskFinished(60,5699,Some(AttributeKey[sbt.UnresolvedWarningConfiguration]("unresolvedWarningConfiguration") in Scope(Build: file:/C:/GR60/we-lab-group60/, , Project: ProjectReference(file:/C:/GR60/we-lab-group60/,root), Task: AttributeKey[sbt.UpdateReport]("update"))),true,None)
Sending msg to client play-fork-run-7f6a8707-7154-4d71-bdfe-7db39870ab23: TaskFinished(60,5709,Some(AttributeKey[sbt.ModuleSettings]("moduleSettings") in Scope(Build: file:/C:/GR60/we-lab-group60/, , Project: ProjectReference(file:/C:/GR60/we-lab-group60/,root))),true,None)
Sending msg to client play-fork-run-7f6a8707-7154-4d71-bdfe-7db39870ab23: TaskFinished(60,5758,None,true,None)
Sending msg to client play-fork-run-7f6a8707-7154-4d71-bdfe-7db39870ab23: TaskFinished(60,5747,None,true,None)
Sending msg to client play-fork-run-7f6a8707-7154-4d71-bdfe-7db39870ab23: TaskStarted(60,5746,Some(AttributeKey[scala.collection.Seq[sbt.Attributed[java.io.File]]]("unmanagedJars") in Scope(Build: file:/C:/GR60/we-lab-group60/, , Project: ProjectReference(file:/C:/GR60/we-lab-group60/,root), Config: compile)))
Sending msg to client play-fork-run-7f6a8707-7154-4d71-bdfe-7db39870ab23: TaskFinished(60,5756,None,true,None)
Sending msg to client play-fork-run-7f6a8707-7154-4d71-bdfe-7db39870ab23: TaskFinished(60,5721,Some(AttributeKey[scala.collection.immutable.Map[org.apache.ivy.core.module.id.ModuleRevisionId,org.apache.ivy.core.module.descriptor.ModuleDescriptor]]("projectDescriptors") in Scope(Build: file:/C:/GR60/we-lab-group60/, , Project: ProjectReference(file:/C:/GR60/we-lab-group60/,root))),true,None)
Sending msg to client play-fork-run-7f6a8707-7154-4d71-bdfe-7db39870ab23: TaskStarted(60,5720,Some(AttributeKey[sbt.Resolver]("projectResolver") in Scope(Build: file:/C:/GR60/we-lab-group60/, , Project: ProjectReference(file:/C:/GR60/we-lab-group60/,root))))
Sending msg to client play-fork-run-7f6a8707-7154-4d71-bdfe-7db39870ab23: TaskFinished(60,5746,Some(AttributeKey[scala.collection.Seq[sbt.Attributed[java.io.File]]]("unmanagedJars") in Scope(Build: file:/C:/GR60/we-lab-group60/, , Project: ProjectReference(file:/C:/GR60/we-lab-group60/,root), Config: compile)),true,None)
Sending msg to client play-fork-run-7f6a8707-7154-4d71-bdfe-7db39870ab23: TaskStarted(60,5745,None)
Sending msg to client play-fork-run-7f6a8707-7154-4d71-bdfe-7db39870ab23: TaskFinished(60,5720,Some(AttributeKey[sbt.Resolver]("projectResolver") in Scope(Build: file:/C:/GR60/we-lab-group60/, , Project: ProjectReference(file:/C:/GR60/we-lab-group60/,root))),true,None)
Sending msg to client play-fork-run-7f6a8707-7154-4d71-bdfe-7db39870ab23: TaskStarted(60,5717,Some(AttributeKey[scala.collection.Seq[sbt.Resolver]]("fullResolvers") in Scope(Build: file:/C:/GR60/we-lab-group60/, , Project: ProjectReference(file:/C:/GR60/we-lab-group60/,root))))
Sending msg to client play-fork-run-7f6a8707-7154-4d71-bdfe-7db39870ab23: TaskFinished(60,5745,None,true,None)
Sending msg to client play-fork-run-7f6a8707-7154-4d71-bdfe-7db39870ab23: TaskStarted(60,5744,None)
Sending msg to client play-fork-run-7f6a8707-7154-4d71-bdfe-7db39870ab23: TaskFinished(60,5717,Some(AttributeKey[scala.collection.Seq[sbt.Resolver]]("fullResolvers") in Scope(Build: file:/C:/GR60/we-lab-group60/, , Project: ProjectReference(file:/C:/GR60/we-lab-group60/,root))),true,None)
Sending msg to client play-fork-run-7f6a8707-7154-4d71-bdfe-7db39870ab23: TaskStarted(60,5716,Some(AttributeKey[sbt.IvyConfiguration]("ivyConfiguration") in Scope(Build: file:/C:/GR60/we-lab-group60/, , Project: ProjectReference(file:/C:/GR60/we-lab-group60/,root))))
Sending msg to client play-fork-run-7f6a8707-7154-4d71-bdfe-7db39870ab23: TaskFinished(60,5744,None,true,None)
Sending msg to client play-fork-run-7f6a8707-7154-4d71-bdfe-7db39870ab23: TaskFinished(60,5742,None,true,None)
Sending msg to client play-fork-run-7f6a8707-7154-4d71-bdfe-7db39870ab23: TaskStarted(60,5741,Some(AttributeKey[scala.collection.Seq[sbt.Attributed[java.io.File]]]("unmanagedClasspath") in Scope(Build: file:/C:/GR60/we-lab-group60/, , Project: ProjectReference(file:/C:/GR60/we-lab-group60/,root), Config: runtime)))
Sending msg to client play-fork-run-7f6a8707-7154-4d71-bdfe-7db39870ab23: TaskFinished(60,5716,Some(AttributeKey[sbt.IvyConfiguration]("ivyConfiguration") in Scope(Build: file:/C:/GR60/we-lab-group60/, , Project: ProjectReference(file:/C:/GR60/we-lab-group60/,root))),true,None)
Sending msg to client play-fork-run-7f6a8707-7154-4d71-bdfe-7db39870ab23: TaskStarted(60,5715,Some(AttributeKey[sbt.IvySbt]("ivySbt") in Scope(Build: file:/C:/GR60/we-lab-group60/, , Project: ProjectReference(file:/C:/GR60/we-lab-group60/,root))))
Sending msg to client play-fork-run-7f6a8707-7154-4d71-bdfe-7db39870ab23: TaskFinished(60,5715,Some(AttributeKey[sbt.IvySbt]("ivySbt") in Scope(Build: file:/C:/GR60/we-lab-group60/, , Project: ProjectReference(file:/C:/GR60/we-lab-group60/,root))),true,None)
Sending msg to client play-fork-run-7f6a8707-7154-4d71-bdfe-7db39870ab23: TaskStarted(60,5708,Some(AttributeKey[sbt.IvySbt$Module]("ivyModule") in Scope(Build: file:/C:/GR60/we-lab-group60/, , Project: ProjectReference(file:/C:/GR60/we-lab-group60/,root))))
Sending msg to client play-fork-run-7f6a8707-7154-4d71-bdfe-7db39870ab23: TaskFinished(60,5741,Some(AttributeKey[scala.collection.Seq[sbt.Attributed[java.io.File]]]("unmanagedClasspath") in Scope(Build: file:/C:/GR60/we-lab-group60/, , Project: ProjectReference(file:/C:/GR60/we-lab-group60/,root), Config: runtime)),true,None)
Sending msg to client play-fork-run-7f6a8707-7154-4d71-bdfe-7db39870ab23: TaskFinished(60,5708,Some(AttributeKey[sbt.IvySbt$Module]("ivyModule") in Scope(Build: file:/C:/GR60/we-lab-group60/, , Project: ProjectReference(file:/C:/GR60/we-lab-group60/,root))),true,None)
Sending msg to client play-fork-run-7f6a8707-7154-4d71-bdfe-7db39870ab23: TaskStarted(60,5696,Some(AttributeKey[sbt.UpdateReport]("update") in Scope(Build: file:/C:/GR60/we-lab-group60/, , Project: ProjectReference(file:/C:/GR60/we-lab-group60/,root))))
Sending msg to client play-fork-run-7f6a8707-7154-4d71-bdfe-7db39870ab23: TaskFinished(60,5696,Some(AttributeKey[sbt.UpdateReport]("update") in Scope(Build: file:/C:/GR60/we-lab-group60/, , Project: ProjectReference(file:/C:/GR60/we-lab-group60/,root))),true,None)
Sending msg to client play-fork-run-7f6a8707-7154-4d71-bdfe-7db39870ab23: TaskStarted(60,5695,Some(AttributeKey[sbt.UpdateReport]("update") in Scope(Build: file:/C:/GR60/we-lab-group60/, , Project: ProjectReference(file:/C:/GR60/we-lab-group60/,root))))
Sending msg to client play-fork-run-7f6a8707-7154-4d71-bdfe-7db39870ab23: TaskFinished(60,5695,Some(AttributeKey[sbt.UpdateReport]("update") in Scope(Build: file:/C:/GR60/we-lab-group60/, , Project: ProjectReference(file:/C:/GR60/we-lab-group60/,root))),true,None)
Sending msg to client play-fork-run-7f6a8707-7154-4d71-bdfe-7db39870ab23: TaskStarted(60,5694,Some(AttributeKey[scala.collection.Seq[sbt.Attributed[java.io.File]]]("managedClasspath") in Scope(Build: file:/C:/GR60/we-lab-group60/, , Project: ProjectReference(file:/C:/GR60/we-lab-group60/,root), Config: docs)))
Sending msg to client play-fork-run-7f6a8707-7154-4d71-bdfe-7db39870ab23: TaskStarted(60,5738,Some(AttributeKey[sbt.Configuration]("classpathConfiguration") in Scope(Build: file:/C:/GR60/we-lab-group60/, , Project: ProjectReference(file:/C:/GR60/we-lab-group60/,root), Config: compile)))
Sending msg to client play-fork-run-7f6a8707-7154-4d71-bdfe-7db39870ab23: TaskFinished(60,5738,Some(AttributeKey[sbt.Configuration]("classpathConfiguration") in Scope(Build: file:/C:/GR60/we-lab-group60/, , Project: ProjectReference(file:/C:/GR60/we-lab-group60/,root), Config: compile)),true,None)
Sending msg to client play-fork-run-7f6a8707-7154-4d71-bdfe-7db39870ab23: TaskStarted(60,5737,None)
Sending msg to client play-fork-run-7f6a8707-7154-4d71-bdfe-7db39870ab23: TaskFinished(60,5694,Some(AttributeKey[scala.collection.Seq[sbt.Attributed[java.io.File]]]("managedClasspath") in Scope(Build: file:/C:/GR60/we-lab-group60/, , Project: ProjectReference(file:/C:/GR60/we-lab-group60/,root), Config: docs)),true,None)
Sending msg to client play-fork-run-7f6a8707-7154-4d71-bdfe-7db39870ab23: TaskFinished(60,5737,None,true,None)
Sending msg to client play-fork-run-7f6a8707-7154-4d71-bdfe-7db39870ab23: TaskStarted(60,5736,Some(AttributeKey[sbt.Configuration]("classpathConfiguration") in Scope(Build: file:/C:/GR60/we-lab-group60/, , Project: ProjectReference(file:/C:/GR60/we-lab-group60/,root), Config: runtime)))
Sending msg to client play-fork-run-7f6a8707-7154-4d71-bdfe-7db39870ab23: TaskFinished(60,5736,Some(AttributeKey[sbt.Configuration]("classpathConfiguration") in Scope(Build: file:/C:/GR60/we-lab-group60/, , Project: ProjectReference(file:/C:/GR60/we-lab-group60/,root), Config: runtime)),true,None)
Sending msg to client play-fork-run-7f6a8707-7154-4d71-bdfe-7db39870ab23: TaskStarted(60,5735,None)
Sending msg to client play-fork-run-7f6a8707-7154-4d71-bdfe-7db39870ab23: TaskFinished(60,5735,None,true,None)
Sending msg to client play-fork-run-7f6a8707-7154-4d71-bdfe-7db39870ab23: TaskStarted(60,5734,Some(AttributeKey[scala.collection.Seq[sbt.Attributed[java.io.File]]]("managedClasspath") in Scope(Build: file:/C:/GR60/we-lab-group60/, , Project: ProjectReference(file:/C:/GR60/we-lab-group60/,root), Config: runtime)))
Sending msg to client play-fork-run-7f6a8707-7154-4d71-bdfe-7db39870ab23: TaskFinished(60,5734,Some(AttributeKey[scala.collection.Seq[sbt.Attributed[java.io.File]]]("managedClasspath") in Scope(Build: file:/C:/GR60/we-lab-group60/, , Project: ProjectReference(file:/C:/GR60/we-lab-group60/,root), Config: runtime)),true,None)
Sending msg to client play-fork-run-7f6a8707-7154-4d71-bdfe-7db39870ab23: TaskStarted(60,5733,None)
Sending msg to client play-fork-run-7f6a8707-7154-4d71-bdfe-7db39870ab23: TaskFinished(60,5733,None,true,None)
Sending msg to client play-fork-run-7f6a8707-7154-4d71-bdfe-7db39870ab23: TaskStarted(60,5731,Some(AttributeKey[scala.collection.Seq[sbt.Attributed[java.io.File]]]("playDependencyClasspath") in Scope(Build: file:/C:/GR60/we-lab-group60/, , Project: ProjectReference(file:/C:/GR60/we-lab-group60/,root))))
Sending msg to client play-fork-run-7f6a8707-7154-4d71-bdfe-7db39870ab23: TaskFinished(60,5731,Some(AttributeKey[scala.collection.Seq[sbt.Attributed[java.io.File]]]("playDependencyClasspath") in Scope(Build: file:/C:/GR60/we-lab-group60/, , Project: ProjectReference(file:/C:/GR60/we-lab-group60/,root))),true,None)
Sending msg to client play-fork-run-7f6a8707-7154-4d71-bdfe-7db39870ab23: TaskStarted(60,5686,Some(AttributeKey[play.forkrun.protocol.ForkConfig]("playForkConfig") in Scope(Build: file:/C:/GR60/we-lab-group60/, , Project: ProjectReference(file:/C:/GR60/we-lab-group60/,root))))
Sending msg to client play-fork-run-7f6a8707-7154-4d71-bdfe-7db39870ab23: TaskFinished(60,5686,Some(AttributeKey[play.forkrun.protocol.ForkConfig]("playForkConfig") in Scope(Build: file:/C:/GR60/we-lab-group60/, , Project: ProjectReference(file:/C:/GR60/we-lab-group60/,root))),true,None)
Sending msg to client play-fork-run-7f6a8707-7154-4d71-bdfe-7db39870ab23: DetachedLogEvent(LogStdErr(No dynamic serializer found (using manifest play.forkrun.protocol.ForkConfig) for ForkConfig(C:\GR60\we-lab-group60,List(),List(C:\GR60\we-lab-group60\lib\jeopardy.jar, C:\Users\Julia\.ivy2\cache\org.scala-lang\scala-library\jars\scala-library-2.11.1.jar, C:\Users\Julia\.ivy2\cache\com.typesafe.play\twirl-api_2.11\jars\twirl-api_2.11-1.0.2.jar, C:\Users\Julia\.ivy2\cache\org.apache.commons\commons-lang3\jars\commons-lang3-3.1.jar, C:\Users\Julia\.ivy2\cache\org.scala-lang.modules\scala-xml_2.11\bundles\scala-xml_2.11-1.0.1.jar, C:\Users\Julia\.ivy2\cache\com.typesafe.play\play_2.11\jars\play_2.11-2.3.8.jar, C:\Users\Julia\.ivy2\cache\com.typesafe.play\build-link\jars\build-link-2.3.8.jar, C:\Users\Julia\.ivy2\cache\com.typesafe.play\play-exceptions\jars\play-exceptions-2.3.8.jar, C:\Users\Julia\.ivy2\cache\com.typesafe.play\play-iteratees_2.11\jars\play-iteratees_2.11-2.3.8.jar, C:\Users\Julia\.ivy2\cache\org.scala-stm\scala-stm_2.11\jars\scala-stm_2.11-0.7.jar, C:\Users\Julia\.ivy2\cache\com.typesafe\config\bundles\config-1.2.1.jar, C:\Users\Julia\.ivy2\cache\com.typesafe.play\play-json_2.11\jars\play-json_2.11-2.3.8.jar, C:\Users\Julia\.ivy2\cache\com.typesafe.play\play-functional_2.11\jars\play-functional_2.11-2.3.8.jar, C:\Users\Julia\.ivy2\cache\com.typesafe.play\play-datacommons_2.11\jars\play-datacommons_2.11-2.3.8.jar, C:\Users\Julia\.ivy2\cache\joda-time\joda-time\jars\joda-time-2.3.jar, C:\Users\Julia\.ivy2\cache\org.joda\joda-convert\jars\joda-convert-1.6.jar, C:\Users\Julia\.ivy2\cache\com.fasterxml.jackson.core\jackson-annotations\bundles\jackson-annotations-2.3.2.jar, C:\Users\Julia\.ivy2\cache\com.fasterxml.jackson.core\jackson-core\bundles\jackson-core-2.3.2.jar, C:\Users\Julia\.ivy2\cache\com.fasterxml.jackson.core\jackson-databind\bundles\jackson-databind-2.3.2.jar, C:\Users\Julia\.ivy2\cache\org.scala-lang\scala-reflect\jars\scala-reflect-2.11.1.jar, C:\Users\Julia\.ivy2\cache\org.scala-lang.modules\scala-parser-combinators_2.11\bundles\scala-parser-combinators_2.11-1.0.1.jar, C:\Users\Julia\.ivy2\cache\io.netty\netty\bundles\netty-3.9.3.Final.jar, C:\Users\Julia\.ivy2\cache\com.typesafe.netty\netty-http-pipelining\jars\netty-http-pipelining-1.1.2.jar, C:\Users\Julia\.ivy2\cache\org.slf4j\slf4j-api\jars\slf4j-api-1.7.6.jar, C:\Users\Julia\.ivy2\cache\org.slf4j\jul-to-slf4j\jars\jul-to-slf4j-1.7.6.jar, C:\Users\Julia\.ivy2\cache\org.slf4j\jcl-over-slf4j\jars\jcl-over-slf4j-1.7.6.jar, C:\Users\Julia\.ivy2\cache\ch.qos.logback\logback-core\jars\logback-core-1.1.1.jar, C:\Users\Julia\.ivy2\cache\ch.qos.logback\logback-classic\jars\logback-classic-1.1.1.jar, C:\Users\Julia\.ivy2\cache\com.typesafe.akka\akka-actor_2.11\jars\akka-actor_2.11-2.3.4.jar, C:\Users\Julia\.ivy2\cache\com.typesafe.akka\akka-slf4j_2.11\jars\akka-slf4j_2.11-2.3.4.jar, C:\Users\Julia\.ivy2\cache\commons-codec\commons-codec\jars\commons-codec-1.9.jar, C:\Users\Julia\.ivy2\cache\xerces\xercesImpl\jars\xercesImpl-2.11.0.jar, C:\Users\Julia\.ivy2\cache\xml-apis\xml-apis\jars\xml-apis-1.4.01.jar, C:\Users\Julia\.ivy2\cache\javax.transaction\jta\jars\jta-1.1.jar, C:\Users\Julia\.ivy2\cache\com.typesafe.play\play-java_2.11\jars\play-java_2.11-2.3.8.jar, C:\Users\Julia\.ivy2\cache\org.yaml\snakeyaml\bundles\snakeyaml-1.13.jar, C:\Users\Julia\.ivy2\cache\org.hibernate\hibernate-validator\jars\hibernate-validator-5.0.3.Final.jar, C:\Users\Julia\.ivy2\cache\javax.validation\validation-api\jars\validation-api-1.1.0.Final.jar, C:\Users\Julia\.ivy2\cache\com.fasterxml\classmate\bundles\classmate-1.0.0.jar, C:\Users\Julia\.ivy2\cache\org.jboss.logging\jboss-logging\jars\jboss-logging-3.2.0.Final.jar, C:\Users\Julia\.ivy2\cache\org.springframework\spring-context\jars\spring-context-4.0.3.RELEASE.jar, C:\Users\Julia\.ivy2\cache\org.springframework\spring-core\jars\spring-core-4.0.3.RELEASE.jar, C:\Users\Julia\.ivy2\cache\org.springframework\spring-beans\jars\spring-beans-4.0.3.RELEASE.jar, C:\Users\Julia\.ivy2\cache\org.javassist\javassist\bundles\javassist-3.19.0-GA.jar, C:\Users\Julia\.ivy2\cache\org.reflections\reflections\jars\reflections-0.9.8.jar, C:\Users\Julia\.ivy2\cache\com.google.guava\guava\bundles\guava-16.0.1.jar, C:\Users\Julia\.ivy2\cache\dom4j\dom4j\jars\dom4j-1.6.1.jar, C:\Users\Julia\.ivy2\cache\com.google.code.findbugs\jsr305\jars\jsr305-2.0.3.jar, C:\Users\Julia\.ivy2\cache\org.apache.tomcat\tomcat-servlet-api\jars\tomcat-servlet-api-8.0.5.jar, C:\Users\Julia\.ivy2\cache\com.typesafe.play\play-java-jdbc_2.11\jars\play-java-jdbc_2.11-2.3.8.jar, C:\Users\Julia\.ivy2\cache\com.typesafe.play\play-jdbc_2.11\jars\play-jdbc_2.11-2.3.8.jar, C:\Users\Julia\.ivy2\cache\com.jolbox\bonecp\bundles\bonecp-0.8.0.RELEASE.jar, C:\Users\Julia\.ivy2\cache\com.h2database\h2\jars\h2-1.3.175.jar, C:\Users\Julia\.ivy2\cache\tyrex\tyrex\jars\tyrex-1.0.1.jar, C:\Users\Julia\.ivy2\cache\com.typesafe.play\play-java-jpa_2.11\jars\play-java-jpa_2.11-2.3.8.jar, C:\Users\Julia\.ivy2\cache\org.hibernate.javax.persistence\hibernate-jpa-2.0-api\jars\hibernate-jpa-2.0-api-1.0.1.Final.jar, C:\Users\Julia\.ivy2\cache\org.hibernate\hibernate-entitymanager\jars\hibernate-entitymanager-4.3.1.Final.jar, C:\Users\Julia\.ivy2\cache\org.jboss.logging\jboss-logging-annotations\jars\jboss-logging-annotations-1.2.0.Beta1.jar, C:\Users\Julia\.ivy2\cache\org.hibernate\hibernate-core\jars\hibernate-core-4.3.1.Final.jar, C:\Users\Julia\.ivy2\cache\org.jboss.spec.javax.transaction\jboss-transaction-api_1.2_spec\jars\jboss-transaction-api_1.2_spec-1.0.0.Final.jar, C:\Users\Julia\.ivy2\cache\org.hibernate.common\hibernate-commons-annotations\jars\hibernate-commons-annotations-4.0.4.Final.jar, C:\Users\Julia\.ivy2\cache\org.hibernate.javax.persistence\hibernate-jpa-2.1-api\jars\hibernate-jpa-2.1-api-1.0.0.Final.jar, C:\Users\Julia\.ivy2\cache\antlr\antlr\jars\antlr-2.7.7.jar, C:\Users\Julia\.ivy2\cache\org.jboss\jandex\jars\jandex-1.1.0.Final.jar, C:\Users\Julia\.ivy2\cache\com.google.code.gson\gson\jars\gson-2.2.jar, C:\Users\Julia\.ivy2\cache\com.typesafe.play\play-cache_2.11\jars\play-cache_2.11-2.3.8.jar, C:\Users\Julia\.ivy2\cache\net.sf.ehcache\ehcache-core\jars\ehcache-core-2.6.8.jar),List((public/,C:\GR60\we-lab-group60\target\web\public\main)),List(C:\Users\Julia\.ivy2\cache\com.typesafe.play\play-docs_2.11\jars\play-docs_2.11-2.3.8.jar, C:\Users\Julia\.ivy2\cache\org.scala-lang\scala-library\jars\scala-library-2.11.1.jar, C:\Users\Julia\.ivy2\cache\com.typesafe.play\play_2.11\jars\play_2.11-2.3.8.jar, C:\Users\Julia\.ivy2\cache\com.typesafe.play\build-link\jars\build-link-2.3.8.jar, C:\Users\Julia\.ivy2\cache\com.typesafe.play\play-exceptions\jars\play-exceptions-2.3.8.jar, C:\Users\Julia\.ivy2\cache\org.javassist\javassist\bundles\javassist-3.18.2-GA.jar, C:\Users\Julia\.ivy2\cache\com.typesafe.play\play-iteratees_2.11\jars\play-iteratees_2.11-2.3.8.jar, C:\Users\Julia\.ivy2\cache\org.scala-stm\scala-stm_2.11\jars\scala-stm_2.11-0.7.jar, C:\Users\Julia\.ivy2\cache\com.typesafe\config\bundles\config-1.2.1.jar, C:\Users\Julia\.ivy2\cache\com.typesafe.play\play-json_2.11\jars\play-json_2.11-2.3.8.jar, C:\Users\Julia\.ivy2\cache\com.typesafe.play\play-functional_2.11\jars\play-functional_2.11-2.3.8.jar, C:\Users\Julia\.ivy2\cache\com.typesafe.play\play-datacommons_2.11\jars\play-datacommons_2.11-2.3.8.jar, C:\Users\Julia\.ivy2\cache\joda-time\joda-time\jars\joda-time-2.3.jar, C:\Users\Julia\.ivy2\cache\org.joda\joda-convert\jars\joda-convert-1.6.jar, C:\Users\Julia\.ivy2\cache\com.fasterxml.jackson.core\jackson-annotations\bundles\jackson-annotations-2.3.2.jar, C:\Users\Julia\.ivy2\cache\com.fasterxml.jackson.core\jackson-core\bundles\jackson-core-2.3.2.jar, C:\Users\Julia\.ivy2\cache\com.fasterxml.jackson.core\jackson-databind\bundles\jackson-databind-2.3.2.jar, C:\Users\Julia\.ivy2\cache\org.scala-lang\scala-reflect\jars\scala-reflect-2.11.1.jar, C:\Users\Julia\.ivy2\cache\com.typesafe.play\twirl-api_2.11\jars\twirl-api_2.11-1.0.2.jar, C:\Users\Julia\.ivy2\cache\org.apache.commons\commons-lang3\jars\commons-lang3-3.1.jar, C:\Users\Julia\.ivy2\cache\org.scala-lang.modules\scala-xml_2.11\bundles\scala-xml_2.11-1.0.1.jar, C:\Users\Julia\.ivy2\cache\org.scala-lang.modules\scala-parser-combinators_2.11\bundles\scala-parser-combinators_2.11-1.0.1.jar, C:\Users\Julia\.ivy2\cache\io.netty\netty\bundles\netty-3.9.3.Final.jar, C:\Users\Julia\.ivy2\cache\com.typesafe.netty\netty-http-pipelining\jars\netty-http-pipelining-1.1.2.jar, C:\Users\Julia\.ivy2\cache\org.slf4j\slf4j-api\jars\slf4j-api-1.7.6.jar, C:\Users\Julia\.ivy2\cache\org.slf4j\jul-to-slf4j\jars\jul-to-slf4j-1.7.6.jar, C:\Users\Julia\.ivy2\cache\org.slf4j\jcl-over-slf4j\jars\jcl-over-slf4j-1.7.6.jar, C:\Users\Julia\.ivy2\cache\ch.qos.logback\logback-core\jars\logback-core-1.1.1.jar, C:\Users\Julia\.ivy2\cache\ch.qos.logback\logback-classic\jars\logback-classic-1.1.1.jar, C:\Users\Julia\.ivy2\cache\com.typesafe.akka\akka-actor_2.11\jars\akka-actor_2.11-2.3.4.jar, C:\Users\Julia\.ivy2\cache\com.typesafe.akka\akka-slf4j_2.11\jars\akka-slf4j_2.11-2.3.4.jar, C:\Users\Julia\.ivy2\cache\commons-codec\commons-codec\jars\commons-codec-1.9.jar, C:\Users\Julia\.ivy2\cache\xerces\xercesImpl\jars\xercesImpl-2.11.0.jar, C:\Users\Julia\.ivy2\cache\xml-apis\xml-apis\jars\xml-apis-1.4.01.jar, C:\Users\Julia\.ivy2\cache\javax.transaction\jta\jars\jta-1.1.jar, C:\Users\Julia\.ivy2\cache\com.typesafe.play\play-doc_2.11\jars\play-doc_2.11-1.1.0.jar, C:\Users\Julia\.ivy2\cache\org.pegdown\pegdown\jars\pegdown-1.4.0.jar, C:\Users\Julia\.ivy2\cache\org.parboiled\parboiled-java\bundles\parboiled-java-1.1.5.jar, C:\Users\Julia\.ivy2\cache\org.parboiled\parboiled-core\bundles\parboiled-core-1.1.5.jar, C:\Users\Julia\.ivy2\cache\org.ow2.asm\asm\jars\asm-4.1.jar, C:\Users\Julia\.ivy2\cache\org.ow2.asm\asm-tree\jars\asm-tree-4.1.jar, C:\Users\Julia\.ivy2\cache\org.ow2.asm\asm-analysis\jars\asm-analysis-4.1.jar, C:\Users\Julia\.ivy2\cache\org.ow2.asm\asm-util\jars\asm-util-4.1.jar, C:\Users\Julia\.ivy2\cache\commons-io\commons-io\jars\commons-io-2.4.jar),List(),9000,DefaultWatchService,List(C:\GR60\we-lab-group60\app-2.11, C:\GR60\we-lab-group60\app, C:\GR60\we-lab-group60\conf, C:\GR60\we-lab-group60\app\assets, C:\GR60\we-lab-group60\public),C:\GR60\we-lab-group60\target,500,root/playForkNotifyStart,root/playForkReload,300000)))
Sending msg to client play-fork-run-7f6a8707-7154-4d71-bdfe-7db39870ab23: ValueChanged(AttributeKey[play.forkrun.protocol.ForkConfig]("playForkConfig") in Scope(Build: file:/C:/GR60/we-lab-group60/, , Project: ProjectReference(file:/C:/GR60/we-lab-group60/,root)),TaskSuccess(BuildValue(LazyValue(TransientValue(),sbt.server.TransientValue$SbtServerTransientValuePickler1$2$@42bb1052),ForkConfig(C:\GR60\we-lab-group60,List(),List(C:\GR60\we-lab-group60\lib\jeopardy.jar, C:\Users\Julia\.ivy2\cache\org.scala-lang\scala-library\jars\scala-library-2.11.1.jar, C:\Users\Julia\.ivy2\cache\com.typesafe.play\twirl-api_2.11\jars\twirl-api_2.11-1.0.2.jar, C:\Users\Julia\.ivy2\cache\org.apache.commons\commons-lang3\jars\commons-lang3-3.1.jar, C:\Users\Julia\.ivy2\cache\org.scala-lang.modules\scala-xml_2.11\bundles\scala-xml_2.11-1.0.1.jar, C:\Users\Julia\.ivy2\cache\com.typesafe.play\play_2.11\jars\play_2.11-2.3.8.jar, C:\Users\Julia\.ivy2\cache\com.typesafe.play\build-link\jars\build-link-2.3.8.jar, C:\Users\Julia\.ivy2\cache\com.typesafe.play\play-exceptions\jars\play-exceptions-2.3.8.jar, C:\Users\Julia\.ivy2\cache\com.typesafe.play\play-iteratees_2.11\jars\play-iteratees_2.11-2.3.8.jar, C:\Users\Julia\.ivy2\cache\org.scala-stm\scala-stm_2.11\jars\scala-stm_2.11-0.7.jar, C:\Users\Julia\.ivy2\cache\com.typesafe\config\bundles\config-1.2.1.jar, C:\Users\Julia\.ivy2\cache\com.typesafe.play\play-json_2.11\jars\play-json_2.11-2.3.8.jar, C:\Users\Julia\.ivy2\cache\com.typesafe.play\play-functional_2.11\jars\play-functional_2.11-2.3.8.jar, C:\Users\Julia\.ivy2\cache\com.typesafe.play\play-datacommons_2.11\jars\play-datacommons_2.11-2.3.8.jar, C:\Users\Julia\.ivy2\cache\joda-time\joda-time\jars\joda-time-2.3.jar, C:\Users\Julia\.ivy2\cache\org.joda\joda-convert\jars\joda-convert-1.6.jar, C:\Users\Julia\.ivy2\cache\com.fasterxml.jackson.core\jackson-annotations\bundles\jackson-annotations-2.3.2.jar, C:\Users\Julia\.ivy2\cache\com.fasterxml.jackson.core\jackson-core\bundles\jackson-core-2.3.2.jar, C:\Users\Julia\.ivy2\cache\com.fasterxml.jackson.core\jackson-databind\bundles\jackson-databind-2.3.2.jar, C:\Users\Julia\.ivy2\cache\org.scala-lang\scala-reflect\jars\scala-reflect-2.11.1.jar, C:\Users\Julia\.ivy2\cache\org.scala-lang.modules\scala-parser-combinators_2.11\bundles\scala-parser-combinators_2.11-1.0.1.jar, C:\Users\Julia\.ivy2\cache\io.netty\netty\bundles\netty-3.9.3.Final.jar, C:\Users\Julia\.ivy2\cache\com.typesafe.netty\netty-http-pipelining\jars\netty-http-pipelining-1.1.2.jar, C:\Users\Julia\.ivy2\cache\org.slf4j\slf4j-api\jars\slf4j-api-1.7.6.jar, C:\Users\Julia\.ivy2\cache\org.slf4j\jul-to-slf4j\jars\jul-to-slf4j-1.7.6.jar, C:\Users\Julia\.ivy2\cache\org.slf4j\jcl-over-slf4j\jars\jcl-over-slf4j-1.7.6.jar, C:\Users\Julia\.ivy2\cache\ch.qos.logback\logback-core\jars\logback-core-1.1.1.jar, C:\Users\Julia\.ivy2\cache\ch.qos.logback\logback-classic\jars\logback-classic-1.1.1.jar, C:\Users\Julia\.ivy2\cache\com.typesafe.akka\akka-actor_2.11\jars\akka-actor_2.11-2.3.4.jar, C:\Users\Julia\.ivy2\cache\com.typesafe.akka\akka-slf4j_2.11\jars\akka-slf4j_2.11-2.3.4.jar, C:\Users\Julia\.ivy2\cache\commons-codec\commons-codec\jars\commons-codec-1.9.jar, C:\Users\Julia\.ivy2\cache\xerces\xercesImpl\jars\xercesImpl-2.11.0.jar, C:\Users\Julia\.ivy2\cache\xml-apis\xml-apis\jars\xml-apis-1.4.01.jar, C:\Users\Julia\.ivy2\cache\javax.transaction\jta\jars\jta-1.1.jar, C:\Users\Julia\.ivy2\cache\com.typesafe.play\play-java_2.11\jars\play-java_2.11-2.3.8.jar, C:\Users\Julia\.ivy2\cache\org.yaml\snakeyaml\bundles\snakeyaml-1.13.jar, C:\Users\Julia\.ivy2\cache\org.hibernate\hibernate-validator\jars\hibernate-validator-5.0.3.Final.jar, C:\Users\Julia\.ivy2\cache\javax.validation\validation-api\jars\validation-api-1.1.0.Final.jar, C:\Users\Julia\.ivy2\cache\com.fasterxml\classmate\bundles\classmate-1.0.0.jar, C:\Users\Julia\.ivy2\cache\org.jboss.logging\jboss-logging\jars\jboss-logging-3.2.0.Final.jar, C:\Users\Julia\.ivy2\cache\org.springframework\spring-context\jars\spring-context-4.0.3.RELEASE.jar, C:\Users\Julia\.ivy2\cache\org.springframework\spring-core\jars\spring-core-4.0.3.RELEASE.jar, C:\Users\Julia\.ivy2\cache\org.springframework\spring-beans\jars\spring-beans-4.0.3.RELEASE.jar, C:\Users\Julia\.ivy2\cache\org.javassist\javassist\bundles\javassist-3.19.0-GA.jar, C:\Users\Julia\.ivy2\cache\org.reflections\reflections\jars\reflections-0.9.8.jar, C:\Users\Julia\.ivy2\cache\com.google.guava\guava\bundles\guava-16.0.1.jar, C:\Users\Julia\.ivy2\cache\dom4j\dom4j\jars\dom4j-1.6.1.jar, C:\Users\Julia\.ivy2\cache\com.google.code.findbugs\jsr305\jars\jsr305-2.0.3.jar, C:\Users\Julia\.ivy2\cache\org.apache.tomcat\tomcat-servlet-api\jars\tomcat-servlet-api-8.0.5.jar, C:\Users\Julia\.ivy2\cache\com.typesafe.play\play-java-jdbc_2.11\jars\play-java-jdbc_2.11-2.3.8.jar, C:\Users\Julia\.ivy2\cache\com.typesafe.play\play-jdbc_2.11\jars\play-jdbc_2.11-2.3.8.jar, C:\Users\Julia\.ivy2\cache\com.jolbox\bonecp\bundles\bonecp-0.8.0.RELEASE.jar, C:\Users\Julia\.ivy2\cache\com.h2database\h2\jars\h2-1.3.175.jar, C:\Users\Julia\.ivy2\cache\tyrex\tyrex\jars\tyrex-1.0.1.jar, C:\Users\Julia\.ivy2\cache\com.typesafe.play\play-java-jpa_2.11\jars\play-java-jpa_2.11-2.3.8.jar, C:\Users\Julia\.ivy2\cache\org.hibernate.javax.persistence\hibernate-jpa-2.0-api\jars\hibernate-jpa-2.0-api-1.0.1.Final.jar, C:\Users\Julia\.ivy2\cache\org.hibernate\hibernate-entitymanager\jars\hibernate-entitymanager-4.3.1.Final.jar, C:\Users\Julia\.ivy2\cache\org.jboss.logging\jboss-logging-annotations\jars\jboss-logging-annotations-1.2.0.Beta1.jar, C:\Users\Julia\.ivy2\cache\org.hibernate\hibernate-core\jars\hibernate-core-4.3.1.Final.jar, C:\Users\Julia\.ivy2\cache\org.jboss.spec.javax.transaction\jboss-transaction-api_1.2_spec\jars\jboss-transaction-api_1.2_spec-1.0.0.Final.jar, C:\Users\Julia\.ivy2\cache\org.hibernate.common\hibernate-commons-annotations\jars\hibernate-commons-annotations-4.0.4.Final.jar, C:\Users\Julia\.ivy2\cache\org.hibernate.javax.persistence\hibernate-jpa-2.1-api\jars\hibernate-jpa-2.1-api-1.0.0.Final.jar, C:\Users\Julia\.ivy2\cache\antlr\antlr\jars\antlr-2.7.7.jar, C:\Users\Julia\.ivy2\cache\org.jboss\jandex\jars\jandex-1.1.0.Final.jar, C:\Users\Julia\.ivy2\cache\com.google.code.gson\gson\jars\gson-2.2.jar, C:\Users\Julia\.ivy2\cache\com.typesafe.play\play-cache_2.11\jars\play-cache_2.11-2.3.8.jar, C:\Users\Julia\.ivy2\cache\net.sf.ehcache\ehcache-core\jars\ehcache-core-2.6.8.jar),List((public/,C:\GR60\we-lab-group60\target\web\public\main)),List(C:\Users\Julia\.ivy2\cache\com.typesafe.play\play-docs_2.11\jars\play-docs_2.11-2.3.8.jar, C:\Users\Julia\.ivy2\cache\org.scala-lang\scala-library\jars\scala-library-2.11.1.jar, C:\Users\Julia\.ivy2\cache\com.typesafe.play\play_2.11\jars\play_2.11-2.3.8.jar, C:\Users\Julia\.ivy2\cache\com.typesafe.play\build-link\jars\build-link-2.3.8.jar, C:\Users\Julia\.ivy2\cache\com.typesafe.play\play-exceptions\jars\play-exceptions-2.3.8.jar, C:\Users\Julia\.ivy2\cache\org.javassist\javassist\bundles\javassist-3.18.2-GA.jar, C:\Users\Julia\.ivy2\cache\com.typesafe.play\play-iteratees_2.11\jars\play-iteratees_2.11-2.3.8.jar, C:\Users\Julia\.ivy2\cache\org.scala-stm\scala-stm_2.11\jars\scala-stm_2.11-0.7.jar, C:\Users\Julia\.ivy2\cache\com.typesafe\config\bundles\config-1.2.1.jar, C:\Users\Julia\.ivy2\cache\com.typesafe.play\play-json_2.11\jars\play-json_2.11-2.3.8.jar, C:\Users\Julia\.ivy2\cache\com.typesafe.play\play-functional_2.11\jars\play-functional_2.11-2.3.8.jar, C:\Users\Julia\.ivy2\cache\com.typesafe.play\play-datacommons_2.11\jars\play-datacommons_2.11-2.3.8.jar, C:\Users\Julia\.ivy2\cache\joda-time\joda-time\jars\joda-time-2.3.jar, C:\Users\Julia\.ivy2\cache\org.joda\joda-convert\jars\joda-convert-1.6.jar, C:\Users\Julia\.ivy2\cache\com.fasterxml.jackson.core\jackson-annotations\bundles\jackson-annotations-2.3.2.jar, C:\Users\Julia\.ivy2\cache\com.fasterxml.jackson.core\jackson-core\bundles\jackson-core-2.3.2.jar, C:\Users\Julia\.ivy2\cache\com.fasterxml.jackson.core\jackson-databind\bundles\jackson-databind-2.3.2.jar, C:\Users\Julia\.ivy2\cache\org.scala-lang\scala-reflect\jars\scala-reflect-2.11.1.jar, C:\Users\Julia\.ivy2\cache\com.typesafe.play\twirl-api_2.11\jars\twirl-api_2.11-1.0.2.jar, C:\Users\Julia\.ivy2\cache\org.apache.commons\commons-lang3\jars\commons-lang3-3.1.jar, C:\Users\Julia\.ivy2\cache\org.scala-lang.modules\scala-xml_2.11\bundles\scala-xml_2.11-1.0.1.jar, C:\Users\Julia\.ivy2\cache\org.scala-lang.modules\scala-parser-combinators_2.11\bundles\scala-parser-combinators_2.11-1.0.1.jar, C:\Users\Julia\.ivy2\cache\io.netty\netty\bundles\netty-3.9.3.Final.jar, C:\Users\Julia\.ivy2\cache\com.typesafe.netty\netty-http-pipelining\jars\netty-http-pipelining-1.1.2.jar, C:\Users\Julia\.ivy2\cache\org.slf4j\slf4j-api\jars\slf4j-api-1.7.6.jar, C:\Users\Julia\.ivy2\cache\org.slf4j\jul-to-slf4j\jars\jul-to-slf4j-1.7.6.jar, C:\Users\Julia\.ivy2\cache\org.slf4j\jcl-over-slf4j\jars\jcl-over-slf4j-1.7.6.jar, C:\Users\Julia\.ivy2\cache\ch.qos.logback\logback-core\jars\logback-core-1.1.1.jar, C:\Users\Julia\.ivy2\cache\ch.qos.logback\logback-classic\jars\logback-classic-1.1.1.jar, C:\Users\Julia\.ivy2\cache\com.typesafe.akka\akka-actor_2.11\jars\akka-actor_2.11-2.3.4.jar, C:\Users\Julia\.ivy2\cache\com.typesafe.akka\akka-slf4j_2.11\jars\akka-slf4j_2.11-2.3.4.jar, C:\Users\Julia\.ivy2\cache\commons-codec\commons-codec\jars\commons-codec-1.9.jar, C:\Users\Julia\.ivy2\cache\xerces\xercesImpl\jars\xercesImpl-2.11.0.jar, C:\Users\Julia\.ivy2\cache\xml-apis\xml-apis\jars\xml-apis-1.4.01.jar, C:\Users\Julia\.ivy2\cache\javax.transaction\jta\jars\jta-1.1.jar, C:\Users\Julia\.ivy2\cache\com.typesafe.play\play-doc_2.11\jars\play-doc_2.11-1.1.0.jar, C:\Users\Julia\.ivy2\cache\org.pegdown\pegdown\jars\pegdown-1.4.0.jar, C:\Users\Julia\.ivy2\cache\org.parboiled\parboiled-java\bundles\parboiled-java-1.1.5.jar, C:\Users\Julia\.ivy2\cache\org.parboiled\parboiled-core\bundles\parboiled-core-1.1.5.jar, C:\Users\Julia\.ivy2\cache\org.ow2.asm\asm\jars\asm-4.1.jar, C:\Users\Julia\.ivy2\cache\org.ow2.asm\asm-tree\jars\asm-tree-4.1.jar, C:\Users\Julia\.ivy2\cache\org.ow2.asm\asm-analysis\jars\asm-analysis-4.1.jar, C:\Users\Julia\.ivy2\cache\org.ow2.asm\asm-util\jars\asm-util-4.1.jar, C:\Users\Julia\.ivy2\cache\commons-io\commons-io\jars\commons-io-2.4.jar),List(),9000,DefaultWatchService,List(C:\GR60\we-lab-group60\app-2.11, C:\GR60\we-lab-group60\app, C:\GR60\we-lab-group60\conf, C:\GR60\we-lab-group60\app\assets, C:\GR60\we-lab-group60\public),C:\GR60\we-lab-group60\target,500,root/playForkNotifyStart,root/playForkReload,300000))))
Sending msg to client play-fork-run-7f6a8707-7154-4d71-bdfe-7db39870ab23: TaskStarted(60,5685,None)
Sending msg to client play-fork-run-7f6a8707-7154-4d71-bdfe-7db39870ab23: TaskFinished(60,5685,None,true,None)
Sending msg to client play-fork-run-7f6a8707-7154-4d71-bdfe-7db39870ab23: TaskStarted(60,5684,None)
Sending msg to client play-fork-run-7f6a8707-7154-4d71-bdfe-7db39870ab23: TaskFinished(60,5684,None,true,None)
Sending msg to client play-fork-run-7f6a8707-7154-4d71-bdfe-7db39870ab23: DetachedLogEvent(LogMessage(debug,cancel strategy finish enabled=false lastCommand=Some(LastCommand(CommandExecutionWork(ExecutionId(60),{file:/C:/GR60/we-lab-group60/}root/*:playForkConfig,Set(LiveClient(play-fork-run 7f6a8707-7154-4d71-bdfe-7db39870ab23)),sbt.server.WorkCancellationStatus$$anon$1@3c4d0975)))))
Sending msg to client play-fork-run-7f6a8707-7154-4d71-bdfe-7db39870ab23: DetachedLogEvent(LogSuccess(Total time: 0 s, completed 08.05.2015 20:50:46))
Sending msg to client play-fork-run-7f6a8707-7154-4d71-bdfe-7db39870ab23: DetachedLogEvent(LogMessage(debug,> server-post-command-cleanup))
Sending msg to client play-fork-run-7f6a8707-7154-4d71-bdfe-7db39870ab23: ExecutionSuccess(60)
Sending msg to client play-fork-run-7f6a8707-7154-4d71-bdfe-7db39870ab23: DetachedLogEvent(LogMessage(debug,> server-handle-next-server-request))
Sending msg to client play-fork-run-7f6a8707-7154-4d71-bdfe-7db39870ab23: BackgroundJobLogEvent(1,LogMessage(error,scala.pickling.PicklingException: Not a primitive: scala.Nothing, found JNothing))
Sending msg to client play-fork-run-7f6a8707-7154-4d71-bdfe-7db39870ab23: BackgroundJobLogEvent(1,LogMessage(error,	at sbt.serialization.json.VerifyingJSONPickleReader.sbt$serialization$json$VerifyingJSONPickleReader$$unpickleHelper$1(JSONPickleFormat.scala:367)))
Sending msg to client play-fork-run-7f6a8707-7154-4d71-bdfe-7db39870ab23: BackgroundJobLogEvent(1,LogMessage(error,	at sbt.serialization.json.VerifyingJSONPickleReader.readPrimitive(JSONPickleFormat.scala:373)))
Sending msg to client play-fork-run-7f6a8707-7154-4d71-bdfe-7db39870ab23: BackgroundJobLogEvent(1,LogMessage(error,	at scala.pickling.pickler.PrimitivePickler.unpickle(Primitives.scala:28)))
Sending msg to client play-fork-run-7f6a8707-7154-4d71-bdfe-7db39870ab23: BackgroundJobLogEvent(1,LogMessage(error,	at play.forkrun.protocol.Serializers$PlayForkrunProtocolForkConfigUnpickler$macro$14$2$.unpickle(Serializers.scala:75)))
Sending msg to client play-fork-run-7f6a8707-7154-4d71-bdfe-7db39870ab23: BackgroundJobLogEvent(1,LogMessage(error,	at scala.pickling.Unpickler$class.unpickleEntry(Pickler.scala:79)))
Sending msg to client play-fork-run-7f6a8707-7154-4d71-bdfe-7db39870ab23: BackgroundJobLogEvent(1,LogMessage(error,Play fork run has failed due to:))
Sending msg to client play-fork-run-7f6a8707-7154-4d71-bdfe-7db39870ab23: BackgroundJobLogEvent(1,LogMessage(error,	at play.forkrun.protocol.Serializers$PlayForkrunProtocolForkConfigUnpickler$macro$14$2$.unpickleEntry(Serializers.scala:75)))
Sending msg to client play-fork-run-7f6a8707-7154-4d71-bdfe-7db39870ab23: BackgroundJobLogEvent(1,LogMessage(error,	at scala.pickling.functions$.unpickle(functions.scala:11)))
Sending msg to client play-fork-run-7f6a8707-7154-4d71-bdfe-7db39870ab23: BackgroundJobLogEvent(1,LogMessage(error,	at sbt.serialization.JsonValue$$anonfun$parse$1.apply(SerializedValue.scala:104)))
Sending msg to client play-fork-run-7f6a8707-7154-4d71-bdfe-7db39870ab23: BackgroundJobLogEvent(1,LogMessage(error,	at scala.util.Try$.apply(Try.scala:191)))
Sending msg to client play-fork-run-7f6a8707-7154-4d71-bdfe-7db39870ab23: BackgroundJobLogEvent(1,LogMessage(error,	at sbt.serialization.JsonValue.parse(SerializedValue.scala:104)))
Sending msg to client play-fork-run-7f6a8707-7154-4d71-bdfe-7db39870ab23: BackgroundJobLogEvent(1,LogMessage(error,	at sbt.protocol.BuildValue.value(Values.scala:11)))
Sending msg to client play-fork-run-7f6a8707-7154-4d71-bdfe-7db39870ab23: BackgroundJobLogEvent(1,LogMessage(error,	at sbt.protocol.TaskSuccess.resultWithCustomThrowable(Values.scala:65)))
Sending msg to client play-fork-run-7f6a8707-7154-4d71-bdfe-7db39870ab23: BackgroundJobLogEvent(1,LogMessage(error,	at sbt.protocol.TaskResult$class.result(Values.scala:56)))
Sending msg to client play-fork-run-7f6a8707-7154-4d71-bdfe-7db39870ab23: BackgroundJobLogEvent(1,LogMessage(error,scala.pickling.PicklingException: error in unpickle of primitive unpickler 'java.lang.Integer':))
Sending msg to client play-fork-run-7f6a8707-7154-4d71-bdfe-7db39870ab23: BackgroundJobLogEvent(1,LogMessage(error,	at sbt.protocol.TaskSuccess.result(Values.scala:62)))
Sending msg to client play-fork-run-7f6a8707-7154-4d71-bdfe-7db39870ab23: BackgroundJobLogEvent(1,LogMessage(info,tag in unpickle: 'scala.Nothing'))
Sending msg to client play-fork-run-7f6a8707-7154-4d71-bdfe-7db39870ab23: BackgroundJobLogEvent(1,LogMessage(error,	at play.forkrun.ForkRun$$anonfun$settingUp$1.applyOrElse(ForkRun.scala:161)))
Sending msg to client play-fork-run-7f6a8707-7154-4d71-bdfe-7db39870ab23: BackgroundJobLogEvent(1,LogMessage(info,message:))
Sending msg to client play-fork-run-7f6a8707-7154-4d71-bdfe-7db39870ab23: BackgroundJobLogEvent(1,LogMessage(error,	at akka.actor.Actor$class.aroundReceive(Actor.scala:465)))
Sending msg to client play-fork-run-7f6a8707-7154-4d71-bdfe-7db39870ab23: BackgroundJobLogEvent(1,LogMessage(error,	at play.forkrun.ForkRun.aroundReceive(ForkRun.scala:148)))
Sending msg to client play-fork-run-7f6a8707-7154-4d71-bdfe-7db39870ab23: BackgroundJobLogEvent(1,LogMessage(info,Not a primitive: scala.Nothing, found JNothing))
Sending msg to client play-fork-run-7f6a8707-7154-4d71-bdfe-7db39870ab23: BackgroundJobLogEvent(1,LogMessage(error,	at akka.actor.ActorCell.receiveMessage(ActorCell.scala:516)))
Sending msg to client play-fork-run-7f6a8707-7154-4d71-bdfe-7db39870ab23: BackgroundJobLogEvent(1,LogMessage(error,	at akka.actor.ActorCell.invoke(ActorCell.scala:487)))
Sending msg to client play-fork-run-7f6a8707-7154-4d71-bdfe-7db39870ab23: BackgroundJobLogEvent(1,LogMessage(error,	at akka.dispatch.Mailbox.processMailbox(Mailbox.scala:254)))
Sending msg to client play-fork-run-7f6a8707-7154-4d71-bdfe-7db39870ab23: BackgroundJobLogEvent(1,LogMessage(error,	at akka.dispatch.Mailbox.run(Mailbox.scala:221)))
Sending msg to client play-fork-run-7f6a8707-7154-4d71-bdfe-7db39870ab23: BackgroundJobLogEvent(1,LogMessage(error,	at akka.dispatch.Mailbox.exec(Mailbox.scala:231)))
Sending msg to client play-fork-run-7f6a8707-7154-4d71-bdfe-7db39870ab23: BackgroundJobLogEvent(1,LogMessage(error,	at scala.concurrent.forkjoin.ForkJoinTask.doExec(ForkJoinTask.java:260)))
Sending msg to client play-fork-run-7f6a8707-7154-4d71-bdfe-7db39870ab23: BackgroundJobLogEvent(1,LogMessage(error,	at scala.concurrent.forkjoin.ForkJoinPool$WorkQueue.runTask(ForkJoinPool.java:1339)))
Sending msg to client play-fork-run-7f6a8707-7154-4d71-bdfe-7db39870ab23: BackgroundJobLogEvent(1,LogMessage(error,	at scala.concurrent.forkjoin.ForkJoinPool.runWorker(ForkJoinPool.java:1979)))
Sending msg to client play-fork-run-7f6a8707-7154-4d71-bdfe-7db39870ab23: BackgroundJobLogEvent(1,LogMessage(error,	at scala.concurrent.forkjoin.ForkJoinWorkerThread.run(ForkJoinWorkerThread.java:107)))
Sending msg to client play-fork-run-7f6a8707-7154-4d71-bdfe-7db39870ab23: BackgroundJobLogEvent(1,LogMessage(error,	at scala.pickling.pickler.PrimitivePickler.unpickle(Primitives.scala:31)))
Sending msg to client play-fork-run-7f6a8707-7154-4d71-bdfe-7db39870ab23: BackgroundJobLogEvent(1,LogMessage(error,	at play.forkrun.protocol.Serializers$PlayForkrunProtocolForkConfigUnpickler$macro$14$2$.unpickle(Serializers.scala:75)))
Sending msg to client play-fork-run-7f6a8707-7154-4d71-bdfe-7db39870ab23: BackgroundJobLogEvent(1,LogMessage(error,	at scala.pickling.Unpickler$class.unpickleEntry(Pickler.scala:79)))
Sending msg to client play-fork-run-7f6a8707-7154-4d71-bdfe-7db39870ab23: BackgroundJobLogEvent(1,LogMessage(error,	at play.forkrun.protocol.Serializers$PlayForkrunProtocolForkConfigUnpickler$macro$14$2$.unpickleEntry(Serializers.scala:75)))
Sending msg to client play-fork-run-7f6a8707-7154-4d71-bdfe-7db39870ab23: BackgroundJobLogEvent(1,LogMessage(error,	at scala.pickling.functions$.unpickle(functions.scala:11)))
Sending msg to client play-fork-run-7f6a8707-7154-4d71-bdfe-7db39870ab23: BackgroundJobLogEvent(1,LogMessage(error,	at sbt.serialization.JsonValue$$anonfun$parse$1.apply(SerializedValue.scala:104)))
Sending msg to client play-fork-run-7f6a8707-7154-4d71-bdfe-7db39870ab23: BackgroundJobLogEvent(1,LogMessage(error,	at scala.util.Try$.apply(Try.scala:191)))
Sending msg to client play-fork-run-7f6a8707-7154-4d71-bdfe-7db39870ab23: BackgroundJobLogEvent(1,LogMessage(error,	at sbt.serialization.JsonValue.parse(SerializedValue.scala:104)))
Sending msg to client play-fork-run-7f6a8707-7154-4d71-bdfe-7db39870ab23: BackgroundJobLogEvent(1,LogMessage(error,	at sbt.protocol.BuildValue.value(Values.scala:11)))
Sending msg to client play-fork-run-7f6a8707-7154-4d71-bdfe-7db39870ab23: BackgroundJobLogEvent(1,LogMessage(error,	at sbt.protocol.TaskSuccess.resultWithCustomThrowable(Values.scala:65)))
Sending msg to client play-fork-run-7f6a8707-7154-4d71-bdfe-7db39870ab23: BackgroundJobLogEvent(1,LogMessage(error,	at sbt.protocol.TaskResult$class.result(Values.scala:56)))
Sending msg to client play-fork-run-7f6a8707-7154-4d71-bdfe-7db39870ab23: BackgroundJobLogEvent(1,LogMessage(error,	at sbt.protocol.TaskSuccess.result(Values.scala:62)))
Sending msg to client play-fork-run-7f6a8707-7154-4d71-bdfe-7db39870ab23: BackgroundJobLogEvent(1,LogMessage(error,	at play.forkrun.ForkRun$$anonfun$settingUp$1.applyOrElse(ForkRun.scala:161)))
Sending msg to client play-fork-run-7f6a8707-7154-4d71-bdfe-7db39870ab23: BackgroundJobLogEvent(1,LogMessage(error,	at akka.actor.Actor$class.aroundReceive(Actor.scala:465)))
Sending msg to client play-fork-run-7f6a8707-7154-4d71-bdfe-7db39870ab23: BackgroundJobLogEvent(1,LogMessage(error,	at play.forkrun.ForkRun.aroundReceive(ForkRun.scala:148)))
Sending msg to client play-fork-run-7f6a8707-7154-4d71-bdfe-7db39870ab23: BackgroundJobLogEvent(1,LogMessage(error,	at akka.actor.ActorCell.receiveMessage(ActorCell.scala:516)))
Sending msg to client play-fork-run-7f6a8707-7154-4d71-bdfe-7db39870ab23: BackgroundJobLogEvent(1,LogMessage(error,	at akka.actor.ActorCell.invoke(ActorCell.scala:487)))
Sending msg to client play-fork-run-7f6a8707-7154-4d71-bdfe-7db39870ab23: BackgroundJobLogEvent(1,LogMessage(error,	at akka.dispatch.Mailbox.processMailbox(Mailbox.scala:254)))
Sending msg to client play-fork-run-7f6a8707-7154-4d71-bdfe-7db39870ab23: BackgroundJobLogEvent(1,LogMessage(error,	at akka.dispatch.Mailbox.run(Mailbox.scala:221)))
Sending msg to client play-fork-run-7f6a8707-7154-4d71-bdfe-7db39870ab23: BackgroundJobLogEvent(1,LogMessage(error,	at akka.dispatch.Mailbox.exec(Mailbox.scala:231)))
Sending msg to client play-fork-run-7f6a8707-7154-4d71-bdfe-7db39870ab23: BackgroundJobLogEvent(1,LogMessage(error,	at scala.concurrent.forkjoin.ForkJoinTask.doExec(ForkJoinTask.java:260)))
Sending msg to client play-fork-run-7f6a8707-7154-4d71-bdfe-7db39870ab23: BackgroundJobLogEvent(1,LogMessage(error,	at scala.concurrent.forkjoin.ForkJoinPool$WorkQueue.runTask(ForkJoinPool.java:1339)))
Sending msg to client play-fork-run-7f6a8707-7154-4d71-bdfe-7db39870ab23: BackgroundJobLogEvent(1,LogMessage(error,	at scala.concurrent.forkjoin.ForkJoinPool.runWorker(ForkJoinPool.java:1979)))
Sending msg to client play-fork-run-7f6a8707-7154-4d71-bdfe-7db39870ab23: BackgroundJobLogEvent(1,LogMessage(error,	at scala.concurrent.forkjoin.ForkJoinWorkerThread.run(ForkJoinWorkerThread.java:107)))
Got request: UnlistenToEvents()
Reading next message from client.
Sending msg to client play-fork-run-7f6a8707-7154-4d71-bdfe-7db39870ab23: (8,ReceivedResponse())
Got request: UnlistenToValue(AttributeKey[play.forkrun.protocol.ForkConfig]("playForkConfig") in Scope(Build: file:/C:/GR60/we-lab-group60/, , Project: ProjectReference(file:/C:/GR60/we-lab-group60/,root)))
Reading next message from client.
Client play-fork-run-7f6a8707-7154-4d71-bdfe-7db39870ab23 EOF, shutting down.
Stopping client.
Client play-fork-run-7f6a8707-7154-4d71-bdfe-7db39870ab23 thread exiting.
Dropping message (9,ReceivedResponse()) to dead client play-fork-run-7f6a8707-7154-4d71-bdfe-7db39870ab23
Dropping message (0,ReceivedResponse()) to dead client play-fork-run-7f6a8707-7154-4d71-bdfe-7db39870ab23
